#
# There is insufficient memory for the Java Runtime Environment to continue.
# Native memory allocation (malloc) failed to allocate 1212496 bytes. Error detail: Chunk::new
# Possible reasons:
#   The system is out of physical RAM or swap space
#   This process is running with CompressedOops enabled, and the Java Heap may be blocking the growth of the native heap
# Possible solutions:
#   Reduce memory load on the system
#   Increase physical memory or swap space
#   Check if swap backing store is full
#   Decrease Java heap size (-Xmx/-Xms)
#   Decrease number of Java threads
#   Decrease Java thread stack sizes (-Xss)
#   Set larger code cache with -XX:ReservedCodeCacheSize=
#   JVM is running with Unscaled Compressed Oops mode in which the Java heap is
#     placed in the first 4GB address space. The Java Heap base address is the
#     maximum limit for the native heap growth. Please use -XX:HeapBaseMinAddress
#     to set the Java Heap base and to place the Java Heap above 4GB virtual address.
# This output file may be truncated or incomplete.
#
#  Out of Memory Error (arena.cpp:168), pid=38716, tid=21160
#
# JRE version: OpenJDK Runtime Environment Temurin-21.0.7+6 (21.0.7+6) (build 21.0.7+6-LTS)
# Java VM: OpenJDK 64-Bit Server VM Temurin-21.0.7+6 (21.0.7+6-LTS, mixed mode, sharing, tiered, compressed oops, compressed class ptrs, parallel gc, windows-amd64)
# No core dump will be written. Minidumps are not enabled by default on client versions of Windows
#

---------------  S U M M A R Y ------------

Command Line: --add-modules=ALL-SYSTEM --add-opens=java.base/java.util=ALL-UNNAMED --add-opens=java.base/java.lang=ALL-UNNAMED --add-opens=java.base/sun.nio.fs=ALL-UNNAMED -Declipse.application=org.eclipse.jdt.ls.core.id1 -Dosgi.bundles.defaultStartLevel=4 -Declipse.product=org.eclipse.jdt.ls.core.product -Djava.import.generatesMetadataFilesAtProjectRoot=false -DDetectVMInstallationsJob.disabled=true -Dfile.encoding=utf8 -XX:+UseParallelGC -XX:GCTimeRatio=4 -XX:AdaptiveSizePolicyWeight=90 -Dsun.zip.disableMemoryMapping=true -Xmx1G -Xms100m -Xlog:disable -javaagent:c:\Users\eduardo.rivera\.vscode\extensions\redhat.java-1.42.0-win32-x64\lombok\lombok-1.18.36.jar -XX:+HeapDumpOnOutOfMemoryError -XX:HeapDumpPath=c:\Users\eduardo.rivera\AppData\Roaming\Code\User\workspaceStorage\8a88297033ff2bf41fc596a6b79402e8\redhat.java -Daether.dependencyCollector.impl=bf c:\Users\eduardo.rivera\.vscode\extensions\redhat.java-1.42.0-win32-x64\server\plugins\org.eclipse.equinox.launcher_1.7.0.v20250424-1814.jar -configuration c:\Users\eduardo.rivera\AppData\Roaming\Code\User\globalStorage\redhat.java\1.42.0\config_win -data c:\Users\eduardo.rivera\AppData\Roaming\Code\User\workspaceStorage\8a88297033ff2bf41fc596a6b79402e8\redhat.java\jdt_ws --pipe=\\.\pipe\lsp-d2ac145d31f6be1e39a142fcc839f78c-sock

Host: Intel(R) Core(TM) i5-8265U CPU @ 1.60GHz, 8 cores, 11G,  Windows 11 , 64 bit Build 26100 (10.0.26100.4202)
Time: Sun Jun 15 19:44:40 2025 Hora est. Sudamérica Pacífico elapsed time: 1292.997740 seconds (0d 0h 21m 32s)

---------------  T H R E A D  ---------------

Current thread (0x000002077ed3c050):  JavaThread "C2 CompilerThread0" daemon [_thread_in_native, id=21160, stack(0x0000004ad2a00000,0x0000004ad2b00000) (1024K)]


Current CompileTask:
C2:1293015 13562   !   4       com.google.gson.internal.bind.ReflectiveTypeAdapterFactory$2::write (140 bytes)

Stack: [0x0000004ad2a00000,0x0000004ad2b00000]
Native frames: (J=compiled Java code, j=interpreted, Vv=VM code, C=native code)
V  [jvm.dll+0x6ce119]
V  [jvm.dll+0x8a84a1]
V  [jvm.dll+0x8aa9ce]
V  [jvm.dll+0x8ab0b3]
V  [jvm.dll+0x27f8a6]
V  [jvm.dll+0xc507d]
V  [jvm.dll+0xc55b3]
V  [jvm.dll+0x3b68f2]
V  [jvm.dll+0x382aa5]
V  [jvm.dll+0x381f0a]
V  [jvm.dll+0x247af0]
V  [jvm.dll+0x2470cf]
V  [jvm.dll+0x1c760e]
V  [jvm.dll+0x25695a]
V  [jvm.dll+0x254efa]
V  [jvm.dll+0x3f03f6]
V  [jvm.dll+0x851f6b]
V  [jvm.dll+0x6cc7dd]
C  [ucrtbase.dll+0x37b0]
C  [KERNEL32.DLL+0x2e8d7]
C  [ntdll.dll+0x3c34c]


---------------  P R O C E S S  ---------------

Threads class SMR info:
_java_thread_list=0x000002074ac6de60, length=44, elements={
0x000002076a7545c0, 0x000002077ed2a380, 0x000002077ed2bdb0, 0x000002077ed33db0,
0x000002077ed34b20, 0x000002077ed3a6a0, 0x000002077ed3b220, 0x000002077ed3c050,
0x00000207437cf9d0, 0x00000207438387e0, 0x0000020743a9b1c0, 0x0000020748833f50,
0x00000207484dc080, 0x00000207487b0910, 0x00000207487b0f70, 0x0000020748d2cfe0,
0x00000207437c2ce0, 0x0000020743b5b8d0, 0x0000020743b5a520, 0x0000020743b59800,
0x0000020743b59e90, 0x0000020743b5b240, 0x000002074ae53450, 0x000002074ae52dc0,
0x000002074ae51a10, 0x000002074ae4ffd0, 0x000002074ae53ae0, 0x000002074ae50660,
0x000002074ae520a0, 0x000002074ae54170, 0x000002074ae52730, 0x000002074ae54800,
0x000002074ae51380, 0x000002074d725810, 0x000002074d724460, 0x000002074d726bc0,
0x000002074d725ea0, 0x000002074d724af0, 0x000002074d728c90, 0x000002074d723dd0,
0x000002074d7278e0, 0x000002074d729320, 0x000002074d726530, 0x000002074d72b3f0
}

Java Threads: ( => current thread )
  0x000002076a7545c0 JavaThread "main"                              [_thread_blocked, id=24724, stack(0x0000004ad2000000,0x0000004ad2100000) (1024K)]
  0x000002077ed2a380 JavaThread "Reference Handler"          daemon [_thread_blocked, id=12184, stack(0x0000004ad2400000,0x0000004ad2500000) (1024K)]
  0x000002077ed2bdb0 JavaThread "Finalizer"                  daemon [_thread_blocked, id=45336, stack(0x0000004ad2500000,0x0000004ad2600000) (1024K)]
  0x000002077ed33db0 JavaThread "Signal Dispatcher"          daemon [_thread_blocked, id=40348, stack(0x0000004ad2600000,0x0000004ad2700000) (1024K)]
  0x000002077ed34b20 JavaThread "Attach Listener"            daemon [_thread_blocked, id=49248, stack(0x0000004ad2700000,0x0000004ad2800000) (1024K)]
  0x000002077ed3a6a0 JavaThread "Service Thread"             daemon [_thread_blocked, id=39048, stack(0x0000004ad2800000,0x0000004ad2900000) (1024K)]
  0x000002077ed3b220 JavaThread "Monitor Deflation Thread"   daemon [_thread_blocked, id=36500, stack(0x0000004ad2900000,0x0000004ad2a00000) (1024K)]
=>0x000002077ed3c050 JavaThread "C2 CompilerThread0"         daemon [_thread_in_native, id=21160, stack(0x0000004ad2a00000,0x0000004ad2b00000) (1024K)]
  0x00000207437cf9d0 JavaThread "C1 CompilerThread0"         daemon [_thread_blocked, id=37616, stack(0x0000004ad2b00000,0x0000004ad2c00000) (1024K)]
  0x00000207438387e0 JavaThread "Common-Cleaner"             daemon [_thread_blocked, id=21420, stack(0x0000004ad2c00000,0x0000004ad2d00000) (1024K)]
  0x0000020743a9b1c0 JavaThread "Notification Thread"        daemon [_thread_blocked, id=18680, stack(0x0000004ad2d00000,0x0000004ad2e00000) (1024K)]
  0x0000020748833f50 JavaThread "Active Thread: Equinox Container: beb9e80f-de75-4e65-9bbb-9f19630a5d89"        [_thread_blocked, id=49704, stack(0x0000004ad3400000,0x0000004ad3500000) (1024K)]
  0x00000207484dc080 JavaThread "Refresh Thread: Equinox Container: beb9e80f-de75-4e65-9bbb-9f19630a5d89" daemon [_thread_blocked, id=15904, stack(0x0000004ad3700000,0x0000004ad3800000) (1024K)]
  0x00000207487b0910 JavaThread "Framework Event Dispatcher: Equinox Container: beb9e80f-de75-4e65-9bbb-9f19630a5d89" daemon [_thread_blocked, id=37032, stack(0x0000004ad3900000,0x0000004ad3a00000) (1024K)]
  0x00000207487b0f70 JavaThread "Start Level: Equinox Container: beb9e80f-de75-4e65-9bbb-9f19630a5d89" daemon [_thread_blocked, id=42928, stack(0x0000004ad3a00000,0x0000004ad3b00000) (1024K)]
  0x0000020748d2cfe0 JavaThread "Bundle File Closer"         daemon [_thread_blocked, id=50440, stack(0x0000004ad3600000,0x0000004ad3700000) (1024K)]
  0x00000207437c2ce0 JavaThread "SCR Component Actor"        daemon [_thread_blocked, id=41124, stack(0x0000004ad3b00000,0x0000004ad3c00000) (1024K)]
  0x0000020743b5b8d0 JavaThread "Worker-JM"                         [_thread_blocked, id=41772, stack(0x0000004ad3d00000,0x0000004ad3e00000) (1024K)]
  0x0000020743b5a520 JavaThread "JNA Cleaner"                daemon [_thread_blocked, id=5640, stack(0x0000004ad3500000,0x0000004ad3600000) (1024K)]
  0x0000020743b59800 JavaThread "Java indexing"              daemon [_thread_blocked, id=4048, stack(0x0000004ad4300000,0x0000004ad4400000) (1024K)]
  0x0000020743b59e90 JavaThread "Worker-3"                          [_thread_blocked, id=4764, stack(0x0000004ad4400000,0x0000004ad4500000) (1024K)]
  0x0000020743b5b240 JavaThread "Thread-2"                   daemon [_thread_in_native, id=21776, stack(0x0000004ad4600000,0x0000004ad4700000) (1024K)]
  0x000002074ae53450 JavaThread "Thread-3"                   daemon [_thread_in_native, id=33396, stack(0x0000004ad4700000,0x0000004ad4800000) (1024K)]
  0x000002074ae52dc0 JavaThread "Thread-4"                   daemon [_thread_in_native, id=13320, stack(0x0000004ad4800000,0x0000004ad4900000) (1024K)]
  0x000002074ae51a10 JavaThread "Thread-5"                   daemon [_thread_in_native, id=46248, stack(0x0000004ad4900000,0x0000004ad4a00000) (1024K)]
  0x000002074ae4ffd0 JavaThread "Thread-6"                   daemon [_thread_in_native, id=36780, stack(0x0000004ad4a00000,0x0000004ad4b00000) (1024K)]
  0x000002074ae53ae0 JavaThread "Thread-7"                   daemon [_thread_in_native, id=37020, stack(0x0000004ad4b00000,0x0000004ad4c00000) (1024K)]
  0x000002074ae50660 JavaThread "Thread-8"                   daemon [_thread_in_native, id=42392, stack(0x0000004ad4c00000,0x0000004ad4d00000) (1024K)]
  0x000002074ae520a0 JavaThread "Thread-9"                   daemon [_thread_in_native, id=28056, stack(0x0000004ad4d00000,0x0000004ad4e00000) (1024K)]
  0x000002074ae54170 JavaThread "Thread-10"                  daemon [_thread_in_native, id=11080, stack(0x0000004ad4e00000,0x0000004ad4f00000) (1024K)]
  0x000002074ae52730 JavaThread "pool-2-thread-1"                   [_thread_blocked, id=5916, stack(0x0000004ad4f00000,0x0000004ad5000000) (1024K)]
  0x000002074ae54800 JavaThread "WorkspaceEventsHandler"            [_thread_blocked, id=24784, stack(0x0000004ad5100000,0x0000004ad5200000) (1024K)]
  0x000002074ae51380 JavaThread "pool-1-thread-1"                   [_thread_blocked, id=42004, stack(0x0000004ad5200000,0x0000004ad5300000) (1024K)]
  0x000002074d725810 JavaThread "Java Debug Server"          daemon [_thread_in_native, id=30840, stack(0x0000004ad4200000,0x0000004ad4300000) (1024K)]
  0x000002074d724460 JavaThread "pool-5-thread-1"                   [_thread_in_native, id=19364, stack(0x0000004ad5900000,0x0000004ad5a00000) (1024K)]
  0x000002074d726bc0 JavaThread "RxSchedulerPurge-1"         daemon [_thread_blocked, id=4792, stack(0x0000004ad5600000,0x0000004ad5700000) (1024K)]
  0x000002074d725ea0 JavaThread "RxCachedWorkerPoolEvictor-1" daemon [_thread_blocked, id=44828, stack(0x0000004ad6700000,0x0000004ad6800000) (1024K)]
  0x000002074d724af0 JavaThread "RxNewThreadScheduler-1"     daemon [_thread_blocked, id=32084, stack(0x0000004ad6900000,0x0000004ad6a00000) (1024K)]
  0x000002074d728c90 JavaThread "process reaper (pid 44832)" daemon [_thread_in_native, id=10364, stack(0x0000004ad19a0000,0x0000004ad19c0000) (128K)]
  0x000002074d723dd0 JavaThread "Worker-8"                          [_thread_blocked, id=22956, stack(0x0000004ad1d00000,0x0000004ad1e00000) (1024K)]
  0x000002074d7278e0 JavaThread "ForkJoinPool.commonPool-worker-12" daemon [_thread_blocked, id=3524, stack(0x0000004ad1e00000,0x0000004ad1f00000) (1024K)]
  0x000002074d729320 JavaThread "ForkJoinPool.commonPool-worker-13" daemon [_thread_blocked, id=39052, stack(0x0000004ad3c00000,0x0000004ad3d00000) (1024K)]
  0x000002074d726530 JavaThread "ForkJoinPool.commonPool-worker-14" daemon [_thread_blocked, id=50296, stack(0x0000004ad3e00000,0x0000004ad3f00000) (1024K)]
  0x000002074d72b3f0 JavaThread "ForkJoinPool.commonPool-worker-15" daemon [_thread_blocked, id=19776, stack(0x0000004ad1f00000,0x0000004ad2000000) (1024K)]
Total: 44

Other Threads:
  0x000002076a92a540 VMThread "VM Thread"                           [id=36100, stack(0x0000004ad2300000,0x0000004ad2400000) (1024K)]
  0x000002077ec3ca00 WatcherThread "VM Periodic Task Thread"        [id=3732, stack(0x0000004ad2200000,0x0000004ad2300000) (1024K)]
  0x000002076a8a6f00 WorkerThread "GC Thread#0"                     [id=41120, stack(0x0000004ad2100000,0x0000004ad2200000) (1024K)]
  0x00000207484af1b0 WorkerThread "GC Thread#1"                     [id=21156, stack(0x0000004ad2e00000,0x0000004ad2f00000) (1024K)]
  0x00000207484b0030 WorkerThread "GC Thread#2"                     [id=11112, stack(0x0000004ad2f00000,0x0000004ad3000000) (1024K)]
  0x00000207484aee10 WorkerThread "GC Thread#3"                     [id=41404, stack(0x0000004ad3000000,0x0000004ad3100000) (1024K)]
  0x00000207484afc90 WorkerThread "GC Thread#4"                     [id=17612, stack(0x0000004ad3100000,0x0000004ad3200000) (1024K)]
  0x00000207484af550 WorkerThread "GC Thread#5"                     [id=31612, stack(0x0000004ad3200000,0x0000004ad3300000) (1024K)]
  0x00000207484b03d0 WorkerThread "GC Thread#6"                     [id=51452, stack(0x0000004ad3300000,0x0000004ad3400000) (1024K)]
  0x00000207484b0770 WorkerThread "GC Thread#7"                     [id=51184, stack(0x0000004ad3800000,0x0000004ad3900000) (1024K)]
Total: 10

Threads with active compile tasks:
C2 CompilerThread0  1296446 13562   !   4       com.google.gson.internal.bind.ReflectiveTypeAdapterFactory$2::write (140 bytes)
Total: 1

VM state: not at safepoint (normal execution)

VM Mutex/Monitor currently owned by a thread: None

Heap address: 0x00000000c0000000, size: 1024 MB, Compressed Oops mode: 32-bit

CDS archive(s) mapped at: [0x0000020702000000-0x0000020702ba0000-0x0000020702ba0000), size 12189696, SharedBaseAddress: 0x0000020702000000, ArchiveRelocationMode: 1.
Compressed class space mapped at: 0x0000020703000000-0x0000020743000000, reserved size: 1073741824
Narrow klass base: 0x0000020702000000, Narrow klass shift: 0, Narrow klass range: 0x100000000

GC Precious Log:
 CardTable entry size: 512
 CPUs: 8 total, 8 available
 Memory: 12167M
 Large Page Support: Disabled
 NUMA Support: Disabled
 Compressed Oops: Enabled (32-bit)
 Alignments: Space 512K, Generation 512K, Heap 2M
 Heap Min Capacity: 100M
 Heap Initial Capacity: 100M
 Heap Max Capacity: 1G
 Pre-touch: Disabled
 Parallel Workers: 8

Heap:
 PSYoungGen      total 11264K, used 11008K [0x00000000eab00000, 0x00000000ebb80000, 0x0000000100000000)
  eden space 10752K, 100% used [0x00000000eab00000,0x00000000eb580000,0x00000000eb580000)
  from space 512K, 50% used [0x00000000eba80000,0x00000000ebac0000,0x00000000ebb00000)
  to   space 512K, 0% used [0x00000000ebb00000,0x00000000ebb00000,0x00000000ebb80000)
 ParOldGen       total 333824K, used 333427K [0x00000000c0000000, 0x00000000d4600000, 0x00000000eab00000)
  object space 333824K, 99% used [0x00000000c0000000,0x00000000d459cff8,0x00000000d4600000)
 Metaspace       used 71590K, committed 73280K, reserved 1114112K
  class space    used 7427K, committed 8192K, reserved 1048576K

Card table byte_map: [0x000002077e5f0000,0x000002077e800000] _byte_map_base: 0x000002077dff0000

Marking Bits: (ParMarkBitMap*) 0x00007ffedfbc31f0
 Begin Bits: [0x0000020700000000, 0x0000020701000000)
 End Bits:   [0x0000020701000000, 0x0000020702000000)

Polling page: 0x000002076c220000

Metaspace:

Usage:
  Non-class:     62.66 MB used.
      Class:      7.25 MB used.
       Both:     69.91 MB used.

Virtual space:
  Non-class space:       64.00 MB reserved,      63.56 MB (>99%) committed,  1 nodes.
      Class space:        1.00 GB reserved,       8.00 MB ( <1%) committed,  1 nodes.
             Both:        1.06 GB reserved,      71.56 MB (  7%) committed. 

Chunk freelists:
   Non-Class:  283.00 KB
       Class:  8.03 MB
        Both:  8.31 MB

MaxMetaspaceSize: unlimited
CompressedClassSpaceSize: 1.00 GB
Initial GC threshold: 21.00 MB
Current GC threshold: 110.25 MB
CDS: on
 - commit_granule_bytes: 65536.
 - commit_granule_words: 8192.
 - virtual_space_node_default_size: 8388608.
 - enlarge_chunks_in_place: 1.
 - use_allocation_guard: 0.


Internal statistics:

num_allocs_failed_limit: 9.
num_arena_births: 1432.
num_arena_deaths: 16.
num_vsnodes_births: 2.
num_vsnodes_deaths: 0.
num_space_committed: 1145.
num_space_uncommitted: 0.
num_chunks_returned_to_freelist: 25.
num_chunks_taken_from_freelist: 4864.
num_chunk_merges: 12.
num_chunk_splits: 2996.
num_chunks_enlarged: 1681.
num_inconsistent_stats: 0.

CodeHeap 'non-profiled nmethods': size=120000Kb used=11490Kb max_used=11490Kb free=108509Kb
 bounds [0x0000020776ee0000, 0x0000020777a20000, 0x000002077e410000]
CodeHeap 'profiled nmethods': size=120000Kb used=26767Kb max_used=26767Kb free=93232Kb
 bounds [0x000002076f410000, 0x0000020770e40000, 0x0000020776940000]
CodeHeap 'non-nmethods': size=5760Kb used=1466Kb max_used=1563Kb free=4293Kb
 bounds [0x0000020776940000, 0x0000020776bb0000, 0x0000020776ee0000]
 total_blobs=12574 nmethods=11778 adapters=701
 compilation: enabled
              stopped_count=0, restarted_count=0
 full_count=0

Compilation events (20 events):
Event: 1237.167 Thread 0x000002077ed3c050 nmethod 13550 0x0000020777a16a10 code [0x0000020777a16bc0, 0x0000020777a16d50]
Event: 1237.167 Thread 0x000002077ed3c050 13551       4       java.lang.Character::isISOControl (25 bytes)
Event: 1237.167 Thread 0x000002077ed3c050 nmethod 13551 0x0000020777a16f10 code [0x0000020777a170a0, 0x0000020777a17130]
Event: 1239.887 Thread 0x000002077ed3c050 13552       4       org.eclipse.core.internal.resources.Resource::getResourceInfo (14 bytes)
Event: 1239.936 Thread 0x000002077ed3c050 nmethod 13552 0x0000020777a17210 code [0x0000020777a173a0, 0x0000020777a17488]
Event: 1239.937 Thread 0x000002077ed3c050 13553       4       org.eclipse.core.internal.resources.Workspace::newResource (168 bytes)
Event: 1240.015 Thread 0x000002077ed3c050 nmethod 13553 0x0000020777a17590 code [0x0000020777a17800, 0x0000020777a18028]
Event: 1289.681 Thread 0x00000207437cf9d0 13555       3       com.google.gson.internal.bind.ReflectiveTypeAdapterFactory$FieldReflectionAdapter::createAccumulator (10 bytes)
Event: 1289.699 Thread 0x00000207437cf9d0 nmethod 13555 0x0000020770e31590 code [0x0000020770e31740, 0x0000020770e31918]
Event: 1289.699 Thread 0x00000207437cf9d0 13557  s    3       sun.security.provider.AbstractDrbg::instantiateIfNecessary (60 bytes)
Event: 1289.705 Thread 0x00000207437cf9d0 nmethod 13557 0x0000020770e31a10 code [0x0000020770e31c00, 0x0000020770e32040]
Event: 1289.705 Thread 0x00000207437cf9d0 13558  s    3       sun.security.provider.HashDrbg::generateAlgorithm (188 bytes)
Event: 1289.750 Thread 0x000002077ed3c050 13562   !   4       com.google.gson.internal.bind.ReflectiveTypeAdapterFactory$2::write (140 bytes)
Event: 1289.769 Thread 0x00000207437cf9d0 nmethod 13558 0x0000020770e32190 code [0x0000020770e324e0, 0x0000020770e34308]
Event: 1289.769 Thread 0x00000207437cf9d0 13560       3       java.util.UUID::randomUUID (63 bytes)
Event: 1289.800 Thread 0x00000207437cf9d0 nmethod 13560 0x0000020770e34c10 code [0x0000020770e34de0, 0x0000020770e35080]
Event: 1289.800 Thread 0x00000207437cf9d0 13559   !   3       sun.security.provider.HashDrbg::hashGen (152 bytes)
Event: 1289.840 Thread 0x00000207437cf9d0 nmethod 13559 0x0000020770e35190 code [0x0000020770e35420, 0x0000020770e36200]
Event: 1289.840 Thread 0x00000207437cf9d0 13564       1       org.eclipse.jdt.internal.core.SourceMethod::getParameterTypes (5 bytes)
Event: 1289.842 Thread 0x00000207437cf9d0 nmethod 13564 0x0000020777a18710 code [0x0000020777a188a0, 0x0000020777a18968]

GC Heap History (20 events):
Event: 191.598 GC heap before
{Heap before GC invocations=1291 (full 4):
 PSYoungGen      total 14848K, used 14162K [0x00000000eab00000, 0x00000000ebc80000, 0x0000000100000000)
  eden space 13824K, 97% used [0x00000000eab00000,0x00000000eb81c9b8,0x00000000eb880000)
  from space 1024K, 71% used [0x00000000eb880000,0x00000000eb938020,0x00000000eb980000)
  to   space 2048K, 0% used [0x00000000eba80000,0x00000000eba80000,0x00000000ebc80000)
 ParOldGen       total 321536K, used 321128K [0x00000000c0000000, 0x00000000d3a00000, 0x00000000eab00000)
  object space 321536K, 99% used [0x00000000c0000000,0x00000000d399a1c8,0x00000000d3a00000)
 Metaspace       used 67582K, committed 69120K, reserved 1114112K
  class space    used 6927K, committed 7616K, reserved 1048576K
}
Event: 191.604 GC heap after
{Heap after GC invocations=1291 (full 4):
 PSYoungGen      total 12800K, used 2026K [0x00000000eab00000, 0x00000000ec280000, 0x0000000100000000)
  eden space 10752K, 0% used [0x00000000eab00000,0x00000000eab00000,0x00000000eb580000)
  from space 2048K, 98% used [0x00000000eba80000,0x00000000ebc7abf0,0x00000000ebc80000)
  to   space 5120K, 0% used [0x00000000eb580000,0x00000000eb580000,0x00000000eba80000)
 ParOldGen       total 323584K, used 323528K [0x00000000c0000000, 0x00000000d3c00000, 0x00000000eab00000)
  object space 323584K, 99% used [0x00000000c0000000,0x00000000d3bf21e8,0x00000000d3c00000)
 Metaspace       used 67582K, committed 69120K, reserved 1114112K
  class space    used 6927K, committed 7616K, reserved 1048576K
}
Event: 192.719 GC heap before
{Heap before GC invocations=1292 (full 4):
 PSYoungGen      total 12800K, used 12778K [0x00000000eab00000, 0x00000000ec280000, 0x0000000100000000)
  eden space 10752K, 100% used [0x00000000eab00000,0x00000000eb580000,0x00000000eb580000)
  from space 2048K, 98% used [0x00000000eba80000,0x00000000ebc7abf0,0x00000000ebc80000)
  to   space 5120K, 0% used [0x00000000eb580000,0x00000000eb580000,0x00000000eba80000)
 ParOldGen       total 323584K, used 323528K [0x00000000c0000000, 0x00000000d3c00000, 0x00000000eab00000)
  object space 323584K, 99% used [0x00000000c0000000,0x00000000d3bf21e8,0x00000000d3c00000)
 Metaspace       used 67605K, committed 69184K, reserved 1114112K
  class space    used 6927K, committed 7616K, reserved 1048576K
}
Event: 192.723 GC heap after
{Heap after GC invocations=1292 (full 4):
 PSYoungGen      total 11264K, used 484K [0x00000000eab00000, 0x00000000ebb00000, 0x0000000100000000)
  eden space 10752K, 0% used [0x00000000eab00000,0x00000000eab00000,0x00000000eb580000)
  from space 512K, 94% used [0x00000000eb580000,0x00000000eb5f91f8,0x00000000eb600000)
  to   space 2048K, 0% used [0x00000000eb900000,0x00000000eb900000,0x00000000ebb00000)
 ParOldGen       total 324096K, used 323600K [0x00000000c0000000, 0x00000000d3c80000, 0x00000000eab00000)
  object space 324096K, 99% used [0x00000000c0000000,0x00000000d3c041e8,0x00000000d3c80000)
 Metaspace       used 67605K, committed 69184K, reserved 1114112K
  class space    used 6927K, committed 7616K, reserved 1048576K
}
Event: 193.366 GC heap before
{Heap before GC invocations=1293 (full 4):
 PSYoungGen      total 11264K, used 11236K [0x00000000eab00000, 0x00000000ebb00000, 0x0000000100000000)
  eden space 10752K, 100% used [0x00000000eab00000,0x00000000eb580000,0x00000000eb580000)
  from space 512K, 94% used [0x00000000eb580000,0x00000000eb5f91f8,0x00000000eb600000)
  to   space 2048K, 0% used [0x00000000eb900000,0x00000000eb900000,0x00000000ebb00000)
 ParOldGen       total 324096K, used 323600K [0x00000000c0000000, 0x00000000d3c80000, 0x00000000eab00000)
  object space 324096K, 99% used [0x00000000c0000000,0x00000000d3c041e8,0x00000000d3c80000)
 Metaspace       used 67611K, committed 69184K, reserved 1114112K
  class space    used 6927K, committed 7616K, reserved 1048576K
}
Event: 193.368 GC heap after
{Heap after GC invocations=1293 (full 4):
 PSYoungGen      total 11264K, used 128K [0x00000000eab00000, 0x00000000eb980000, 0x0000000100000000)
  eden space 10752K, 0% used [0x00000000eab00000,0x00000000eab00000,0x00000000eb580000)
  from space 512K, 25% used [0x00000000eb900000,0x00000000eb920000,0x00000000eb980000)
  to   space 512K, 0% used [0x00000000eb580000,0x00000000eb580000,0x00000000eb600000)
 ParOldGen       total 324096K, used 323728K [0x00000000c0000000, 0x00000000d3c80000, 0x00000000eab00000)
  object space 324096K, 99% used [0x00000000c0000000,0x00000000d3c241e8,0x00000000d3c80000)
 Metaspace       used 67611K, committed 69184K, reserved 1114112K
  class space    used 6927K, committed 7616K, reserved 1048576K
}
Event: 194.755 GC heap before
{Heap before GC invocations=1294 (full 4):
 PSYoungGen      total 11264K, used 10879K [0x00000000eab00000, 0x00000000eb980000, 0x0000000100000000)
  eden space 10752K, 99% used [0x00000000eab00000,0x00000000eb57ffe8,0x00000000eb580000)
  from space 512K, 25% used [0x00000000eb900000,0x00000000eb920000,0x00000000eb980000)
  to   space 512K, 0% used [0x00000000eb580000,0x00000000eb580000,0x00000000eb600000)
 ParOldGen       total 324096K, used 323728K [0x00000000c0000000, 0x00000000d3c80000, 0x00000000eab00000)
  object space 324096K, 99% used [0x00000000c0000000,0x00000000d3c241e8,0x00000000d3c80000)
 Metaspace       used 67756K, committed 69312K, reserved 1114112K
  class space    used 6943K, committed 7616K, reserved 1048576K
}
Event: 194.764 GC heap after
{Heap after GC invocations=1294 (full 4):
 PSYoungGen      total 11264K, used 484K [0x00000000eab00000, 0x00000000ec380000, 0x0000000100000000)
  eden space 10752K, 0% used [0x00000000eab00000,0x00000000eab00000,0x00000000eb580000)
  from space 512K, 94% used [0x00000000eb580000,0x00000000eb5f93a0,0x00000000eb600000)
  to   space 7168K, 0% used [0x00000000ebc80000,0x00000000ebc80000,0x00000000ec380000)
 ParOldGen       total 329216K, used 328977K [0x00000000c0000000, 0x00000000d4180000, 0x00000000eab00000)
  object space 329216K, 99% used [0x00000000c0000000,0x00000000d41447e0,0x00000000d4180000)
 Metaspace       used 67756K, committed 69312K, reserved 1114112K
  class space    used 6943K, committed 7616K, reserved 1048576K
}
Event: 221.394 GC heap before
{Heap before GC invocations=1295 (full 4):
 PSYoungGen      total 11264K, used 11236K [0x00000000eab00000, 0x00000000ec380000, 0x0000000100000000)
  eden space 10752K, 100% used [0x00000000eab00000,0x00000000eb580000,0x00000000eb580000)
  from space 512K, 94% used [0x00000000eb580000,0x00000000eb5f93a0,0x00000000eb600000)
  to   space 7168K, 0% used [0x00000000ebc80000,0x00000000ebc80000,0x00000000ec380000)
 ParOldGen       total 329216K, used 328977K [0x00000000c0000000, 0x00000000d4180000, 0x00000000eab00000)
  object space 329216K, 99% used [0x00000000c0000000,0x00000000d41447e0,0x00000000d4180000)
 Metaspace       used 67907K, committed 69504K, reserved 1114112K
  class space    used 6967K, committed 7680K, reserved 1048576K
}
Event: 221.398 GC heap after
{Heap after GC invocations=1295 (full 4):
 PSYoungGen      total 15360K, used 4122K [0x00000000eab00000, 0x00000000ec100000, 0x0000000100000000)
  eden space 10752K, 0% used [0x00000000eab00000,0x00000000eab00000,0x00000000eb580000)
  from space 4608K, 89% used [0x00000000ebc80000,0x00000000ec0868f0,0x00000000ec100000)
  to   space 5120K, 0% used [0x00000000eb700000,0x00000000eb700000,0x00000000ebc00000)
 ParOldGen       total 329728K, used 329483K [0x00000000c0000000, 0x00000000d4200000, 0x00000000eab00000)
  object space 329728K, 99% used [0x00000000c0000000,0x00000000d41c2e58,0x00000000d4200000)
 Metaspace       used 67907K, committed 69504K, reserved 1114112K
  class space    used 6967K, committed 7680K, reserved 1048576K
}
Event: 221.614 GC heap before
{Heap before GC invocations=1296 (full 4):
 PSYoungGen      total 15360K, used 14874K [0x00000000eab00000, 0x00000000ec100000, 0x0000000100000000)
  eden space 10752K, 100% used [0x00000000eab00000,0x00000000eb580000,0x00000000eb580000)
  from space 4608K, 89% used [0x00000000ebc80000,0x00000000ec0868f0,0x00000000ec100000)
  to   space 5120K, 0% used [0x00000000eb700000,0x00000000eb700000,0x00000000ebc00000)
 ParOldGen       total 329728K, used 329483K [0x00000000c0000000, 0x00000000d4200000, 0x00000000eab00000)
  object space 329728K, 99% used [0x00000000c0000000,0x00000000d41c2e58,0x00000000d4200000)
 Metaspace       used 67908K, committed 69504K, reserved 1114112K
  class space    used 6967K, committed 7680K, reserved 1048576K
}
Event: 221.618 GC heap after
{Heap after GC invocations=1296 (full 4):
 PSYoungGen      total 11264K, used 160K [0x00000000eab00000, 0x00000000ebd00000, 0x0000000100000000)
  eden space 10752K, 0% used [0x00000000eab00000,0x00000000eab00000,0x00000000eb580000)
  from space 512K, 31% used [0x00000000eb700000,0x00000000eb728000,0x00000000eb780000)
  to   space 2048K, 0% used [0x00000000ebb00000,0x00000000ebb00000,0x00000000ebd00000)
 ParOldGen       total 332800K, used 332530K [0x00000000c0000000, 0x00000000d4500000, 0x00000000eab00000)
  object space 332800K, 99% used [0x00000000c0000000,0x00000000d44bc9e8,0x00000000d4500000)
 Metaspace       used 67908K, committed 69504K, reserved 1114112K
  class space    used 6967K, committed 7680K, reserved 1048576K
}
Event: 221.865 GC heap before
{Heap before GC invocations=1297 (full 4):
 PSYoungGen      total 11264K, used 10912K [0x00000000eab00000, 0x00000000ebd00000, 0x0000000100000000)
  eden space 10752K, 100% used [0x00000000eab00000,0x00000000eb580000,0x00000000eb580000)
  from space 512K, 31% used [0x00000000eb700000,0x00000000eb728000,0x00000000eb780000)
  to   space 2048K, 0% used [0x00000000ebb00000,0x00000000ebb00000,0x00000000ebd00000)
 ParOldGen       total 332800K, used 332530K [0x00000000c0000000, 0x00000000d4500000, 0x00000000eab00000)
  object space 332800K, 99% used [0x00000000c0000000,0x00000000d44bc9e8,0x00000000d4500000)
 Metaspace       used 69335K, committed 70912K, reserved 1114112K
  class space    used 7120K, committed 7808K, reserved 1048576K
}
Event: 221.867 GC heap after
{Heap after GC invocations=1297 (full 4):
 PSYoungGen      total 11264K, used 465K [0x00000000eab00000, 0x00000000ebb80000, 0x0000000100000000)
  eden space 10752K, 0% used [0x00000000eab00000,0x00000000eab00000,0x00000000eb580000)
  from space 512K, 90% used [0x00000000ebb00000,0x00000000ebb745d0,0x00000000ebb80000)
  to   space 1024K, 0% used [0x00000000eb980000,0x00000000eb980000,0x00000000eba80000)
 ParOldGen       total 332800K, used 332586K [0x00000000c0000000, 0x00000000d4500000, 0x00000000eab00000)
  object space 332800K, 99% used [0x00000000c0000000,0x00000000d44ca9e8,0x00000000d4500000)
 Metaspace       used 69335K, committed 70912K, reserved 1114112K
  class space    used 7120K, committed 7808K, reserved 1048576K
}
Event: 222.074 GC heap before
{Heap before GC invocations=1298 (full 4):
 PSYoungGen      total 11264K, used 11217K [0x00000000eab00000, 0x00000000ebb80000, 0x0000000100000000)
  eden space 10752K, 100% used [0x00000000eab00000,0x00000000eb580000,0x00000000eb580000)
  from space 512K, 90% used [0x00000000ebb00000,0x00000000ebb745d0,0x00000000ebb80000)
  to   space 1024K, 0% used [0x00000000eb980000,0x00000000eb980000,0x00000000eba80000)
 ParOldGen       total 332800K, used 332586K [0x00000000c0000000, 0x00000000d4500000, 0x00000000eab00000)
  object space 332800K, 99% used [0x00000000c0000000,0x00000000d44ca9e8,0x00000000d4500000)
 Metaspace       used 70456K, committed 72000K, reserved 1114112K
  class space    used 7320K, committed 8000K, reserved 1048576K
}
Event: 222.076 GC heap after
{Heap after GC invocations=1298 (full 4):
 PSYoungGen      total 11776K, used 352K [0x00000000eab00000, 0x00000000ebb80000, 0x0000000100000000)
  eden space 10752K, 0% used [0x00000000eab00000,0x00000000eab00000,0x00000000eb580000)
  from space 1024K, 34% used [0x00000000eb980000,0x00000000eb9d8000,0x00000000eba80000)
  to   space 512K, 0% used [0x00000000ebb00000,0x00000000ebb00000,0x00000000ebb80000)
 ParOldGen       total 333312K, used 332891K [0x00000000c0000000, 0x00000000d4580000, 0x00000000eab00000)
  object space 333312K, 99% used [0x00000000c0000000,0x00000000d4516fb8,0x00000000d4580000)
 Metaspace       used 70456K, committed 72000K, reserved 1114112K
  class space    used 7320K, committed 8000K, reserved 1048576K
}
Event: 453.173 GC heap before
{Heap before GC invocations=1299 (full 4):
 PSYoungGen      total 11776K, used 11104K [0x00000000eab00000, 0x00000000ebb80000, 0x0000000100000000)
  eden space 10752K, 100% used [0x00000000eab00000,0x00000000eb580000,0x00000000eb580000)
  from space 1024K, 34% used [0x00000000eb980000,0x00000000eb9d8000,0x00000000eba80000)
  to   space 512K, 0% used [0x00000000ebb00000,0x00000000ebb00000,0x00000000ebb80000)
 ParOldGen       total 333312K, used 332891K [0x00000000c0000000, 0x00000000d4580000, 0x00000000eab00000)
  object space 333312K, 99% used [0x00000000c0000000,0x00000000d4516fb8,0x00000000d4580000)
 Metaspace       used 71477K, committed 73152K, reserved 1114112K
  class space    used 7424K, committed 8192K, reserved 1048576K
}
Event: 453.766 GC heap after
{Heap after GC invocations=1299 (full 4):
 PSYoungGen      total 11264K, used 448K [0x00000000eab00000, 0x00000000ebb80000, 0x0000000100000000)
  eden space 10752K, 0% used [0x00000000eab00000,0x00000000eab00000,0x00000000eb580000)
  from space 512K, 87% used [0x00000000ebb00000,0x00000000ebb70000,0x00000000ebb80000)
  to   space 512K, 0% used [0x00000000eba80000,0x00000000eba80000,0x00000000ebb00000)
 ParOldGen       total 333312K, used 333091K [0x00000000c0000000, 0x00000000d4580000, 0x00000000eab00000)
  object space 333312K, 99% used [0x00000000c0000000,0x00000000d4548fe8,0x00000000d4580000)
 Metaspace       used 71477K, committed 73152K, reserved 1114112K
  class space    used 7424K, committed 8192K, reserved 1048576K
}
Event: 796.906 GC heap before
{Heap before GC invocations=1300 (full 4):
 PSYoungGen      total 11264K, used 11200K [0x00000000eab00000, 0x00000000ebb80000, 0x0000000100000000)
  eden space 10752K, 100% used [0x00000000eab00000,0x00000000eb580000,0x00000000eb580000)
  from space 512K, 87% used [0x00000000ebb00000,0x00000000ebb70000,0x00000000ebb80000)
  to   space 512K, 0% used [0x00000000eba80000,0x00000000eba80000,0x00000000ebb00000)
 ParOldGen       total 333312K, used 333091K [0x00000000c0000000, 0x00000000d4580000, 0x00000000eab00000)
  object space 333312K, 99% used [0x00000000c0000000,0x00000000d4548fe8,0x00000000d4580000)
 Metaspace       used 71547K, committed 73216K, reserved 1114112K
  class space    used 7426K, committed 8192K, reserved 1048576K
}
Event: 797.887 GC heap after
{Heap after GC invocations=1300 (full 4):
 PSYoungGen      total 11264K, used 256K [0x00000000eab00000, 0x00000000ebb80000, 0x0000000100000000)
  eden space 10752K, 0% used [0x00000000eab00000,0x00000000eab00000,0x00000000eb580000)
  from space 512K, 50% used [0x00000000eba80000,0x00000000ebac0000,0x00000000ebb00000)
  to   space 512K, 0% used [0x00000000ebb00000,0x00000000ebb00000,0x00000000ebb80000)
 ParOldGen       total 333824K, used 333427K [0x00000000c0000000, 0x00000000d4600000, 0x00000000eab00000)
  object space 333824K, 99% used [0x00000000c0000000,0x00000000d459cff8,0x00000000d4600000)
 Metaspace       used 71547K, committed 73216K, reserved 1114112K
  class space    used 7426K, committed 8192K, reserved 1048576K
}

Dll operation events (11 events):
Event: 0.027 Loaded shared library c:\Users\eduardo.rivera\.vscode\extensions\redhat.java-1.42.0-win32-x64\jre\21.0.7-win32-x86_64\bin\java.dll
Event: 0.539 Loaded shared library c:\Users\eduardo.rivera\.vscode\extensions\redhat.java-1.42.0-win32-x64\jre\21.0.7-win32-x86_64\bin\zip.dll
Event: 0.672 Loaded shared library C:\Users\eduardo.rivera\.vscode\extensions\redhat.java-1.42.0-win32-x64\jre\21.0.7-win32-x86_64\bin\instrument.dll
Event: 0.748 Loaded shared library C:\Users\eduardo.rivera\.vscode\extensions\redhat.java-1.42.0-win32-x64\jre\21.0.7-win32-x86_64\bin\net.dll
Event: 0.751 Loaded shared library C:\Users\eduardo.rivera\.vscode\extensions\redhat.java-1.42.0-win32-x64\jre\21.0.7-win32-x86_64\bin\nio.dll
Event: 0.758 Loaded shared library C:\Users\eduardo.rivera\.vscode\extensions\redhat.java-1.42.0-win32-x64\jre\21.0.7-win32-x86_64\bin\zip.dll
Event: 0.863 Loaded shared library C:\Users\eduardo.rivera\.vscode\extensions\redhat.java-1.42.0-win32-x64\jre\21.0.7-win32-x86_64\bin\jimage.dll
Event: 1.120 Loaded shared library c:\Users\eduardo.rivera\.vscode\extensions\redhat.java-1.42.0-win32-x64\jre\21.0.7-win32-x86_64\bin\verify.dll
Event: 6.540 Loaded shared library C:\Users\eduardo.rivera\AppData\Roaming\Code\User\globalStorage\redhat.java\1.42.0\config_win\org.eclipse.equinox.launcher\org.eclipse.equinox.launcher.win32.win32.x86_64_1.2.1300.v20250331-1702\eclipse_11911.dll
Event: 10.601 Loaded shared library C:\Users\eduardo.rivera\AppData\Local\Temp\jna-1048544273\jna1459902582857405113.dll
Event: 221.704 Loaded shared library C:\Users\eduardo.rivera\.vscode\extensions\redhat.java-1.42.0-win32-x64\jre\21.0.7-win32-x86_64\bin\extnet.dll

Deoptimization events (20 events):
Event: 329.334 Thread 0x0000020743b59e90 DEOPT PACKING pc=0x0000020777656880 sp=0x0000004ad44fed30
Event: 329.334 Thread 0x0000020743b59e90 DEOPT UNPACKING pc=0x0000020776993aa2 sp=0x0000004ad44fed50 mode 2
Event: 455.215 Thread 0x000002074c8df3f0 DEOPT PACKING pc=0x0000020770d69b41 sp=0x0000004ad65fe630
Event: 455.215 Thread 0x000002074c8df3f0 DEOPT UNPACKING pc=0x0000020776994242 sp=0x0000004ad65fdaf8 mode 0
Event: 957.212 Thread 0x000002074c8e2870 Uncommon trap: trap_request=0xffffffbe fr.pc=0x0000020777a043c4 relative=0x0000000000000d04
Event: 957.212 Thread 0x000002074c8e2870 Uncommon trap: reason=profile_predicate action=maybe_recompile pc=0x0000020777a043c4 method=java.util.regex.Pattern$BnM.optimize(Ljava/util/regex/Pattern$Node;)Ljava/util/regex/Pattern$Node; @ 67 c2
Event: 957.212 Thread 0x000002074c8e2870 DEOPT PACKING pc=0x0000020777a043c4 sp=0x0000004ad61fe610
Event: 957.214 Thread 0x000002074c8e2870 DEOPT UNPACKING pc=0x0000020776993aa2 sp=0x0000004ad61fe540 mode 2
Event: 957.217 Thread 0x000002074c8e2870 Uncommon trap: trap_request=0xffffffbe fr.pc=0x0000020777a043c4 relative=0x0000000000000d04
Event: 957.217 Thread 0x000002074c8e2870 Uncommon trap: reason=profile_predicate action=maybe_recompile pc=0x0000020777a043c4 method=java.util.regex.Pattern$BnM.optimize(Ljava/util/regex/Pattern$Node;)Ljava/util/regex/Pattern$Node; @ 67 c2
Event: 957.217 Thread 0x000002074c8e2870 DEOPT PACKING pc=0x0000020777a043c4 sp=0x0000004ad61fe5b0
Event: 957.218 Thread 0x000002074c8e2870 DEOPT UNPACKING pc=0x0000020776993aa2 sp=0x0000004ad61fe4e0 mode 2
Event: 957.219 Thread 0x000002074c8e2870 Uncommon trap: trap_request=0xffffffbe fr.pc=0x0000020777a043c4 relative=0x0000000000000d04
Event: 957.219 Thread 0x000002074c8e2870 Uncommon trap: reason=profile_predicate action=maybe_recompile pc=0x0000020777a043c4 method=java.util.regex.Pattern$BnM.optimize(Ljava/util/regex/Pattern$Node;)Ljava/util/regex/Pattern$Node; @ 67 c2
Event: 957.219 Thread 0x000002074c8e2870 DEOPT PACKING pc=0x0000020777a043c4 sp=0x0000004ad61fe610
Event: 957.219 Thread 0x000002074c8e2870 DEOPT UNPACKING pc=0x0000020776993aa2 sp=0x0000004ad61fe540 mode 2
Event: 957.221 Thread 0x000002074c8e2870 Uncommon trap: trap_request=0xffffffbe fr.pc=0x0000020777a043c4 relative=0x0000000000000d04
Event: 957.221 Thread 0x000002074c8e2870 Uncommon trap: reason=profile_predicate action=maybe_recompile pc=0x0000020777a043c4 method=java.util.regex.Pattern$BnM.optimize(Ljava/util/regex/Pattern$Node;)Ljava/util/regex/Pattern$Node; @ 67 c2
Event: 957.221 Thread 0x000002074c8e2870 DEOPT PACKING pc=0x0000020777a043c4 sp=0x0000004ad61fe5b0
Event: 957.221 Thread 0x000002074c8e2870 DEOPT UNPACKING pc=0x0000020776993aa2 sp=0x0000004ad61fe4e0 mode 2

Classes loaded (20 events):
Event: 228.885 Loading class java/lang/ProcessHandleImpl$1
Event: 228.885 Loading class java/lang/ProcessHandleImpl$1 done
Event: 228.886 Loading class java/util/concurrent/CompletableFuture$UniHandle
Event: 228.886 Loading class java/util/concurrent/CompletableFuture$UniHandle done
Event: 329.251 Loading class java/util/stream/Nodes$CollectorTask$OfRef
Event: 329.251 Loading class java/util/stream/Nodes$CollectorTask
Event: 329.251 Loading class java/util/stream/Nodes$CollectorTask done
Event: 329.251 Loading class java/util/stream/Nodes$CollectorTask$OfRef done
Event: 329.252 Loading class java/util/function/LongFunction
Event: 329.253 Loading class java/util/function/LongFunction done
Event: 329.254 Loading class java/util/stream/Nodes$ConcNode
Event: 329.254 Loading class java/util/stream/Nodes$AbstractConcNode
Event: 329.254 Loading class java/util/stream/Nodes$AbstractConcNode done
Event: 329.254 Loading class java/util/stream/Nodes$ConcNode done
Event: 329.265 Loading class java/io/ObjectOutputStream$BlockDataOutputStream
Event: 329.266 Loading class java/io/ObjectOutputStream$BlockDataOutputStream done
Event: 329.266 Loading class java/io/ObjectOutputStream$HandleTable
Event: 329.266 Loading class java/io/ObjectOutputStream$HandleTable done
Event: 329.266 Loading class java/io/ObjectOutputStream$ReplaceTable
Event: 329.266 Loading class java/io/ObjectOutputStream$ReplaceTable done

Classes unloaded (8 events):
Event: 11.839 Thread 0x000002076a92a540 Unloading class 0x00000207031a0c00 'java/lang/invoke/LambdaForm$MH+0x00000207031a0c00'
Event: 11.839 Thread 0x000002076a92a540 Unloading class 0x00000207031a0800 'java/lang/invoke/LambdaForm$MH+0x00000207031a0800'
Event: 11.839 Thread 0x000002076a92a540 Unloading class 0x00000207031a0400 'java/lang/invoke/LambdaForm$MH+0x00000207031a0400'
Event: 11.839 Thread 0x000002076a92a540 Unloading class 0x00000207031a0000 'java/lang/invoke/LambdaForm$MH+0x00000207031a0000'
Event: 11.839 Thread 0x000002076a92a540 Unloading class 0x000002070319fc00 'java/lang/invoke/LambdaForm$BMH+0x000002070319fc00'
Event: 11.839 Thread 0x000002076a92a540 Unloading class 0x000002070319f800 'java/lang/invoke/LambdaForm$DMH+0x000002070319f800'
Event: 11.839 Thread 0x000002076a92a540 Unloading class 0x000002070319e400 'java/lang/invoke/LambdaForm$DMH+0x000002070319e400'
Event: 185.317 Thread 0x000002076a92a540 Unloading class 0x0000020703680800 'java/lang/invoke/LambdaForm$DMH+0x0000020703680800'

Classes redefined (0 events):
No events

Internal exceptions (20 events):
Event: 221.361 Thread 0x000002074c8ded60 Exception <a 'sun/nio/fs/WindowsException'{0x00000000eb0b6d80}> (0x00000000eb0b6d80) 
thrown [s\src\hotspot\share\prims\jni.cpp, line 520]
Event: 221.361 Thread 0x000002074c8ded60 Exception <a 'sun/nio/fs/WindowsException'{0x00000000eb0b78b0}> (0x00000000eb0b78b0) 
thrown [s\src\hotspot\share\prims\jni.cpp, line 520]
Event: 221.361 Thread 0x000002074c8ded60 Exception <a 'sun/nio/fs/WindowsException'{0x00000000eb0b9028}> (0x00000000eb0b9028) 
thrown [s\src\hotspot\share\prims\jni.cpp, line 520]
Event: 221.361 Thread 0x000002074c8ded60 Exception <a 'sun/nio/fs/WindowsException'{0x00000000eb0b9658}> (0x00000000eb0b9658) 
thrown [s\src\hotspot\share\prims\jni.cpp, line 520]
Event: 221.366 Thread 0x000002074c8ded60 Exception <a 'sun/nio/fs/WindowsException'{0x00000000eb0d3e68}> (0x00000000eb0d3e68) 
thrown [s\src\hotspot\share\prims\jni.cpp, line 520]
Event: 221.366 Thread 0x000002074c8ded60 Exception <a 'sun/nio/fs/WindowsException'{0x00000000eb0d4748}> (0x00000000eb0d4748) 
thrown [s\src\hotspot\share\prims\jni.cpp, line 520]
Event: 221.748 Thread 0x000002074d724460 Exception <a 'java/io/FileNotFoundException'{0x00000000eaf178b0}> (0x00000000eaf178b0) 
thrown [s\src\hotspot\share\prims\jni.cpp, line 520]
Event: 222.037 Thread 0x000002074d724460 Exception <a 'java/lang/NoSuchMethodError'{0x00000000eb339500}: 'java.lang.Object java.lang.invoke.DirectMethodHandle$Holder.invokeVirtual(java.lang.Object, java.lang.Object, java.lang.Object, java.lang.Object)'> (0x00000000eb339500) 
thrown [s\src\hotspot\share\interpreter\linkResolver.cpp, line 773]
Event: 222.115 Thread 0x000002074d724af0 Exception <a 'java/lang/NoSuchMethodError'{0x00000000eacd3b08}: 'java.lang.Object java.lang.invoke.DirectMethodHandle$Holder.invokeStatic(java.lang.Object, long, java.lang.Object, java.lang.Object)'> (0x00000000eacd3b08) 
thrown [s\src\hotspot\share\interpreter\linkResolver.cpp, line 773]
Event: 222.144 Thread 0x000002074d724af0 Exception <a 'sun/nio/fs/WindowsException'{0x00000000ead7caf8}> (0x00000000ead7caf8) 
thrown [s\src\hotspot\share\prims\jni.cpp, line 520]
Event: 222.145 Thread 0x000002074d724af0 Exception <a 'sun/nio/fs/WindowsException'{0x00000000ead7dbd0}> (0x00000000ead7dbd0) 
thrown [s\src\hotspot\share\prims\jni.cpp, line 520]
Event: 222.173 Thread 0x000002074d724af0 Exception <a 'java/lang/NoSuchMethodError'{0x00000000eadfa770}: 'void java.lang.invoke.DirectMethodHandle$Holder.invokeStatic(java.lang.Object, java.lang.Object, java.lang.Object, java.lang.Object, java.lang.Object, java.lang.Object, java.lang.Object)'> (0x00000000eadfa770) 
thrown [s\src\hotspot\share\interpreter\linkResolver.cpp, line 773]
Event: 223.006 Thread 0x000002074ae51380 Exception <a 'java/lang/IncompatibleClassChangeError'{0x00000000eae6f560}: Found class java.lang.Object, but interface was expected> (0x00000000eae6f560) 
thrown [s\src\hotspot\share\interpreter\linkResolver.cpp, line 840]
Event: 224.423 Thread 0x000002074d723dd0 Exception <a 'java/lang/NoSuchMethodError'{0x00000000eae87c00}: 'long java.lang.invoke.DelegatingMethodHandle$Holder.reinvoke_L(java.lang.Object, java.lang.Object)'> (0x00000000eae87c00) 
thrown [s\src\hotspot\share\interpreter\linkResolver.cpp, line 773]
Event: 224.424 Thread 0x000002074d723dd0 Exception <a 'java/lang/NoSuchMethodError'{0x00000000eae91c88}: 'void java.lang.invoke.DelegatingMethodHandle$Holder.reinvoke_L(java.lang.Object, java.lang.Object, long)'> (0x00000000eae91c88) 
thrown [s\src\hotspot\share\interpreter\linkResolver.cpp, line 773]
Event: 228.888 Thread 0x000002074d723dd0 Exception <a 'java/lang/NoSuchMethodError'{0x00000000eb022e60}: 'long java.lang.invoke.Invokers$Holder.invokeExact_MT(java.lang.Object, java.lang.Object, java.lang.Object)'> (0x00000000eb022e60) 
thrown [s\src\hotspot\share\interpreter\linkResolver.cpp, line 773]
Event: 329.312 Thread 0x0000020743b59e90 Exception <a 'java/lang/NoSuchMethodError'{0x00000000eb1e7e28}: static [J.<clinit>()V> (0x00000000eb1e7e28) 
thrown [s\src\hotspot\share\prims\jni.cpp, line 1111]
Event: 329.320 Thread 0x0000020743b59e90 Exception <a 'java/lang/NoSuchMethodError'{0x00000000eb21e698}: 'java.lang.Object java.lang.invoke.DirectMethodHandle$Holder.newInvokeSpecial(java.lang.Object, java.lang.Object, java.lang.Object, java.lang.Object, java.lang.Object, java.lang.Object, java.lang.Object, java.lang.Object)'> (0x00000000eb21e698) 
thrown [s\src\hotspot\share\interpreter\linkResolver.cpp, line 773]
Event: 385.471 Thread 0x000002074ae51380 Exception <a 'java/lang/IncompatibleClassChangeError'{0x00000000eb288aa0}: Found class java.lang.Object, but interface was expected> (0x00000000eb288aa0) 
thrown [s\src\hotspot\share\interpreter\linkResolver.cpp, line 840]
Event: 385.564 Thread 0x000002074c8e2f00 Exception <a 'java/lang/NoSuchMethodError'{0x00000000eb31fb18}: 'java.lang.Object java.lang.invoke.DirectMethodHandle$Holder.invokeSpecial(java.lang.Object, java.lang.Object, java.lang.Object, java.lang.Object, int, java.lang.Object, java.lang.Object)'> (0x00000000eb31fb18) 
thrown [s\src\hotspot\share\interpreter\linkResolver.cpp, line 773]

ZGC Phase Switch (0 events):
No events

VM Operations (20 events):
Event: 1148.302 Executing VM operation: HandshakeAllThreads (HandshakeForDeflation)
Event: 1148.302 Executing VM operation: HandshakeAllThreads (HandshakeForDeflation) done
Event: 1148.302 Executing VM operation: RendezvousGCThreads
Event: 1148.302 Executing VM operation: RendezvousGCThreads done
Event: 1174.520 Executing VM operation: Cleanup
Event: 1174.520 Executing VM operation: Cleanup done
Event: 1208.332 Executing VM operation: HandshakeAllThreads (HandshakeForDeflation)
Event: 1208.332 Executing VM operation: HandshakeAllThreads (HandshakeForDeflation) done
Event: 1208.332 Executing VM operation: RendezvousGCThreads
Event: 1208.332 Executing VM operation: RendezvousGCThreads done
Event: 1211.336 Executing VM operation: Cleanup
Event: 1211.337 Executing VM operation: Cleanup done
Event: 1237.490 Executing VM operation: Cleanup
Event: 1237.490 Executing VM operation: Cleanup done
Event: 1268.414 Executing VM operation: HandshakeAllThreads (HandshakeForDeflation)
Event: 1268.414 Executing VM operation: HandshakeAllThreads (HandshakeForDeflation) done
Event: 1268.414 Executing VM operation: RendezvousGCThreads
Event: 1268.414 Executing VM operation: RendezvousGCThreads done
Event: 1290.605 Executing VM operation: Cleanup
Event: 1290.605 Executing VM operation: Cleanup done

Memory protections (0 events):
No events

Nmethod flushes (20 events):
Event: 185.360 Thread 0x000002076a92a540 flushing  nmethod 0x0000020770539610
Event: 185.360 Thread 0x000002076a92a540 flushing  nmethod 0x000002077054ff90
Event: 185.360 Thread 0x000002076a92a540 flushing  nmethod 0x0000020770554910
Event: 185.360 Thread 0x000002076a92a540 flushing  nmethod 0x0000020770561e10
Event: 185.360 Thread 0x000002076a92a540 flushing  nmethod 0x0000020770567c90
Event: 185.360 Thread 0x000002076a92a540 flushing  nmethod 0x0000020770568010
Event: 185.360 Thread 0x000002076a92a540 flushing  nmethod 0x0000020770578c10
Event: 185.360 Thread 0x000002076a92a540 flushing  nmethod 0x000002077057a310
Event: 185.360 Thread 0x000002076a92a540 flushing  nmethod 0x000002077058ca10
Event: 185.360 Thread 0x000002076a92a540 flushing  nmethod 0x0000020770593890
Event: 185.360 Thread 0x000002076a92a540 flushing  nmethod 0x00000207705a2690
Event: 185.360 Thread 0x000002076a92a540 flushing  nmethod 0x00000207705b3310
Event: 185.360 Thread 0x000002076a92a540 flushing  nmethod 0x00000207705e6f10
Event: 185.360 Thread 0x000002076a92a540 flushing  nmethod 0x00000207705ed110
Event: 185.360 Thread 0x000002076a92a540 flushing  nmethod 0x00000207705f2010
Event: 185.360 Thread 0x000002076a92a540 flushing  nmethod 0x0000020770607c10
Event: 185.360 Thread 0x000002076a92a540 flushing  nmethod 0x0000020770669c90
Event: 185.360 Thread 0x000002076a92a540 flushing  nmethod 0x0000020770693810
Event: 185.360 Thread 0x000002076a92a540 flushing  nmethod 0x00000207706ae710
Event: 185.360 Thread 0x000002076a92a540 flushing  nmethod 0x00000207706b1d90

Events (20 events):
Event: 408.413 Thread 0x0000020743b5abb0 Thread exited: 0x0000020743b5abb0
Event: 447.397 Thread 0x000002074c8e1b50 Thread exited: 0x000002074c8e1b50
Event: 461.827 Thread 0x000002074b1905c0 Thread exited: 0x000002074b1905c0
Event: 521.879 Thread 0x000002074b190c50 Thread exited: 0x000002074b190c50
Event: 669.092 Thread 0x000002074c8e2f00 Thread exited: 0x000002074c8e2f00
Event: 774.623 Thread 0x000002074c8df3f0 Thread exited: 0x000002074c8df3f0
Event: 796.759 Thread 0x000002074ae51380 Thread added: 0x000002074d729320
Event: 885.888 Thread 0x000002074d729320 Thread exited: 0x000002074d729320
Event: 945.973 Thread 0x000002074c8e07a0 Thread exited: 0x000002074c8e07a0
Event: 957.199 Thread 0x000002074ae51380 Thread added: 0x000002074d7278e0
Event: 1018.741 Thread 0x000002074c8e2870 Thread exited: 0x000002074c8e2870
Event: 1031.711 Thread 0x000002074ae51380 Thread added: 0x000002074d727f70
Event: 1032.295 Thread 0x000002074ae51380 Thread added: 0x000002074d729320
Event: 1095.233 Thread 0x000002074d729320 Thread exited: 0x000002074d729320
Event: 1155.346 Thread 0x000002074d7278e0 Thread exited: 0x000002074d7278e0
Event: 1173.994 Thread 0x000002074ae51380 Thread added: 0x000002074d7278e0
Event: 1174.193 Thread 0x000002074d7278e0 Thread added: 0x000002074d729320
Event: 1174.203 Thread 0x000002074d729320 Thread added: 0x000002074d726530
Event: 1234.931 Thread 0x000002074d727f70 Thread exited: 0x000002074d727f70
Event: 1289.755 Thread 0x000002074d7278e0 Thread added: 0x000002074d72b3f0


Dynamic libraries:
0x00007ff7039b0000 - 0x00007ff7039be000 	c:\Users\eduardo.rivera\.vscode\extensions\redhat.java-1.42.0-win32-x64\jre\21.0.7-win32-x86_64\bin\java.exe
0x00007fff431c0000 - 0x00007fff43425000 	C:\WINDOWS\SYSTEM32\ntdll.dll
0x00007fff41470000 - 0x00007fff41539000 	C:\WINDOWS\System32\KERNEL32.DLL
0x00007fff40970000 - 0x00007fff40d58000 	C:\WINDOWS\System32\KERNELBASE.dll
0x00007fff3cd50000 - 0x00007fff3cdee000 	C:\WINDOWS\SYSTEM32\apphelp.dll
0x00007fff405d0000 - 0x00007fff4071b000 	C:\WINDOWS\System32\ucrtbase.dll
0x00007fff37870000 - 0x00007fff37888000 	c:\Users\eduardo.rivera\.vscode\extensions\redhat.java-1.42.0-win32-x64\jre\21.0.7-win32-x86_64\bin\jli.dll
0x00007fff39250000 - 0x00007fff3926e000 	c:\Users\eduardo.rivera\.vscode\extensions\redhat.java-1.42.0-win32-x64\jre\21.0.7-win32-x86_64\bin\VCRUNTIME140.dll
0x00007fff41df0000 - 0x00007fff41fba000 	C:\WINDOWS\System32\USER32.dll
0x00007fff40720000 - 0x00007fff40747000 	C:\WINDOWS\System32\win32u.dll
0x00007fff220a0000 - 0x00007fff2233a000 	C:\WINDOWS\WinSxS\amd64_microsoft.windows.common-controls_6595b64144ccf1df_6.0.26100.4202_none_3e0698d4e335f517\COMCTL32.dll
0x00007fff42220000 - 0x00007fff4224b000 	C:\WINDOWS\System32\GDI32.dll
0x00007fff411f0000 - 0x00007fff41299000 	C:\WINDOWS\System32\msvcrt.dll
0x00007fff40e20000 - 0x00007fff40f57000 	C:\WINDOWS\System32\gdi32full.dll
0x00007fff40310000 - 0x00007fff403b3000 	C:\WINDOWS\System32\msvcp_win.dll
0x00007fff41540000 - 0x00007fff41570000 	C:\WINDOWS\System32\IMM32.DLL
0x00007fff3cd20000 - 0x00007fff3cd2c000 	c:\Users\eduardo.rivera\.vscode\extensions\redhat.java-1.42.0-win32-x64\jre\21.0.7-win32-x86_64\bin\vcruntime140_1.dll
0x00007fff1b450000 - 0x00007fff1b4dd000 	c:\Users\eduardo.rivera\.vscode\extensions\redhat.java-1.42.0-win32-x64\jre\21.0.7-win32-x86_64\bin\msvcp140.dll
0x00007ffedef10000 - 0x00007ffedfca0000 	c:\Users\eduardo.rivera\.vscode\extensions\redhat.java-1.42.0-win32-x64\jre\21.0.7-win32-x86_64\bin\server\jvm.dll
0x00007fff412a0000 - 0x00007fff41353000 	C:\WINDOWS\System32\ADVAPI32.dll
0x00007fff41580000 - 0x00007fff41626000 	C:\WINDOWS\System32\sechost.dll
0x00007fff41670000 - 0x00007fff41785000 	C:\WINDOWS\System32\RPCRT4.dll
0x00007fff41070000 - 0x00007fff410e4000 	C:\WINDOWS\System32\WS2_32.dll
0x00007fff40180000 - 0x00007fff401de000 	C:\WINDOWS\SYSTEM32\POWRPROF.dll
0x00007fff24980000 - 0x00007fff249b5000 	C:\WINDOWS\SYSTEM32\WINMM.dll
0x00007fff30bf0000 - 0x00007fff30bfb000 	C:\WINDOWS\SYSTEM32\VERSION.dll
0x00007fff40160000 - 0x00007fff40174000 	C:\WINDOWS\SYSTEM32\UMPDC.dll
0x00007fff3f090000 - 0x00007fff3f0ab000 	C:\WINDOWS\SYSTEM32\kernel.appcore.dll
0x00007fff398b0000 - 0x00007fff398ba000 	c:\Users\eduardo.rivera\.vscode\extensions\redhat.java-1.42.0-win32-x64\jre\21.0.7-win32-x86_64\bin\jimage.dll
0x00007fff3b8b0000 - 0x00007fff3baf1000 	C:\WINDOWS\SYSTEM32\DBGHELP.DLL
0x00007fff41840000 - 0x00007fff41bc5000 	C:\WINDOWS\System32\combase.dll
0x00007fff429a0000 - 0x00007fff42a81000 	C:\WINDOWS\System32\OLEAUT32.dll
0x00007fff35020000 - 0x00007fff35059000 	C:\WINDOWS\SYSTEM32\dbgcore.DLL
0x00007fff40750000 - 0x00007fff407e9000 	C:\WINDOWS\System32\bcryptPrimitives.dll
0x00007fff39160000 - 0x00007fff3916f000 	c:\Users\eduardo.rivera\.vscode\extensions\redhat.java-1.42.0-win32-x64\jre\21.0.7-win32-x86_64\bin\instrument.dll
0x00007fff377f0000 - 0x00007fff3780f000 	c:\Users\eduardo.rivera\.vscode\extensions\redhat.java-1.42.0-win32-x64\jre\21.0.7-win32-x86_64\bin\java.dll
0x00007fff42250000 - 0x00007fff42992000 	C:\WINDOWS\System32\SHELL32.dll
0x00007fff403c0000 - 0x00007fff40534000 	C:\WINDOWS\System32\wintypes.dll
0x00007fff3de30000 - 0x00007fff3e688000 	C:\WINDOWS\SYSTEM32\windows.storage.dll
0x00007fff40f70000 - 0x00007fff41061000 	C:\WINDOWS\System32\SHCORE.dll
0x00007fff41fc0000 - 0x00007fff4202a000 	C:\WINDOWS\System32\shlwapi.dll
0x00007fff40220000 - 0x00007fff4024f000 	C:\WINDOWS\SYSTEM32\profapi.dll
0x00007fff36dc0000 - 0x00007fff36dd8000 	c:\Users\eduardo.rivera\.vscode\extensions\redhat.java-1.42.0-win32-x64\jre\21.0.7-win32-x86_64\bin\zip.dll
0x00007fff390b0000 - 0x00007fff390c0000 	C:\Users\eduardo.rivera\.vscode\extensions\redhat.java-1.42.0-win32-x64\jre\21.0.7-win32-x86_64\bin\net.dll
0x00007fff37b90000 - 0x00007fff37cae000 	C:\WINDOWS\SYSTEM32\WINHTTP.dll
0x00007fff3f5e0000 - 0x00007fff3f64a000 	C:\WINDOWS\system32\mswsock.dll
0x00007fff37600000 - 0x00007fff37616000 	C:\Users\eduardo.rivera\.vscode\extensions\redhat.java-1.42.0-win32-x64\jre\21.0.7-win32-x86_64\bin\nio.dll
0x00007fff38f50000 - 0x00007fff38f60000 	c:\Users\eduardo.rivera\.vscode\extensions\redhat.java-1.42.0-win32-x64\jre\21.0.7-win32-x86_64\bin\verify.dll
0x00007fff229d0000 - 0x00007fff22a15000 	C:\Users\eduardo.rivera\AppData\Roaming\Code\User\globalStorage\redhat.java\1.42.0\config_win\org.eclipse.equinox.launcher\org.eclipse.equinox.launcher.win32.win32.x86_64_1.2.1300.v20250331-1702\eclipse_11911.dll
0x00007fff41c40000 - 0x00007fff41dde000 	C:\WINDOWS\System32\ole32.dll
0x00007fff3f9c0000 - 0x00007fff3f9db000 	C:\WINDOWS\SYSTEM32\CRYPTSP.dll
0x00007fff3eff0000 - 0x00007fff3f02a000 	C:\WINDOWS\system32\rsaenh.dll
0x00007fff3f680000 - 0x00007fff3f6ab000 	C:\WINDOWS\SYSTEM32\USERENV.dll
0x00007fff401f0000 - 0x00007fff40216000 	C:\WINDOWS\SYSTEM32\bcrypt.dll
0x00007fff3f820000 - 0x00007fff3f82c000 	C:\WINDOWS\SYSTEM32\CRYPTBASE.dll
0x00007fff3e7e0000 - 0x00007fff3e813000 	C:\WINDOWS\SYSTEM32\IPHLPAPI.DLL
0x00007fff41660000 - 0x00007fff4166a000 	C:\WINDOWS\System32\NSI.dll
0x00007fff06f90000 - 0x00007fff06fd9000 	C:\Users\eduardo.rivera\AppData\Local\Temp\jna-1048544273\jna1459902582857405113.dll
0x00007fff40f60000 - 0x00007fff40f68000 	C:\WINDOWS\System32\PSAPI.DLL
0x00007fff39660000 - 0x00007fff3967f000 	C:\WINDOWS\SYSTEM32\dhcpcsvc6.DLL
0x00007fff395d0000 - 0x00007fff395f5000 	C:\WINDOWS\SYSTEM32\dhcpcsvc.DLL
0x00007fff3cd30000 - 0x00007fff3cd39000 	C:\Users\eduardo.rivera\.vscode\extensions\redhat.java-1.42.0-win32-x64\jre\21.0.7-win32-x86_64\bin\extnet.dll

dbghelp: loaded successfully - version: 4.0.5 - missing functions: none
symbol engine: initialized successfully - sym options: 0x614 - pdb path: .;c:\Users\eduardo.rivera\.vscode\extensions\redhat.java-1.42.0-win32-x64\jre\21.0.7-win32-x86_64\bin;C:\WINDOWS\SYSTEM32;C:\WINDOWS\WinSxS\amd64_microsoft.windows.common-controls_6595b64144ccf1df_6.0.26100.4202_none_3e0698d4e335f517;c:\Users\eduardo.rivera\.vscode\extensions\redhat.java-1.42.0-win32-x64\jre\21.0.7-win32-x86_64\bin\server;C:\Users\eduardo.rivera\AppData\Roaming\Code\User\globalStorage\redhat.java\1.42.0\config_win\org.eclipse.equinox.launcher\org.eclipse.equinox.launcher.win32.win32.x86_64_1.2.1300.v20250331-1702;C:\Users\eduardo.rivera\AppData\Local\Temp\jna-1048544273

VM Arguments:
jvm_args: --add-modules=ALL-SYSTEM --add-opens=java.base/java.util=ALL-UNNAMED --add-opens=java.base/java.lang=ALL-UNNAMED --add-opens=java.base/sun.nio.fs=ALL-UNNAMED -Declipse.application=org.eclipse.jdt.ls.core.id1 -Dosgi.bundles.defaultStartLevel=4 -Declipse.product=org.eclipse.jdt.ls.core.product -Djava.import.generatesMetadataFilesAtProjectRoot=false -DDetectVMInstallationsJob.disabled=true -Dfile.encoding=utf8 -XX:+UseParallelGC -XX:GCTimeRatio=4 -XX:AdaptiveSizePolicyWeight=90 -Dsun.zip.disableMemoryMapping=true -Xmx1G -Xms100m -Xlog:disable -javaagent:c:\Users\eduardo.rivera\.vscode\extensions\redhat.java-1.42.0-win32-x64\lombok\lombok-1.18.36.jar -XX:+HeapDumpOnOutOfMemoryError -XX:HeapDumpPath=c:\Users\eduardo.rivera\AppData\Roaming\Code\User\workspaceStorage\8a88297033ff2bf41fc596a6b79402e8\redhat.java -Daether.dependencyCollector.impl=bf 
java_command: c:\Users\eduardo.rivera\.vscode\extensions\redhat.java-1.42.0-win32-x64\server\plugins\org.eclipse.equinox.launcher_1.7.0.v20250424-1814.jar -configuration c:\Users\eduardo.rivera\AppData\Roaming\Code\User\globalStorage\redhat.java\1.42.0\config_win -data c:\Users\eduardo.rivera\AppData\Roaming\Code\User\workspaceStorage\8a88297033ff2bf41fc596a6b79402e8\redhat.java\jdt_ws --pipe=\\.\pipe\lsp-d2ac145d31f6be1e39a142fcc839f78c-sock
java_class_path (initial): c:\Users\eduardo.rivera\.vscode\extensions\redhat.java-1.42.0-win32-x64\server\plugins\org.eclipse.equinox.launcher_1.7.0.v20250424-1814.jar
Launcher Type: SUN_STANDARD

[Global flags]
    uintx AdaptiveSizePolicyWeight                 = 90                                        {product} {command line}
     intx CICompilerCount                          = 4                                         {product} {ergonomic}
    uintx GCTimeRatio                              = 4                                         {product} {command line}
     bool HeapDumpOnOutOfMemoryError               = true                                   {manageable} {command line}
    ccstr HeapDumpPath                             = c:\Users\eduardo.rivera\AppData\Roaming\Code\User\workspaceStorage\8a88297033ff2bf41fc596a6b79402e8\redhat.java         {manageable} {command line}
   size_t InitialHeapSize                          = 104857600                                 {product} {command line}
   size_t MaxHeapSize                              = 1073741824                                {product} {command line}
   size_t MaxNewSize                               = 357564416                                 {product} {ergonomic}
   size_t MinHeapDeltaBytes                        = 524288                                    {product} {ergonomic}
   size_t MinHeapSize                              = 104857600                                 {product} {command line}
   size_t NewSize                                  = 34603008                                  {product} {ergonomic}
    uintx NonNMethodCodeHeapSize                   = 5839372                                {pd product} {ergonomic}
    uintx NonProfiledCodeHeapSize                  = 122909434                              {pd product} {ergonomic}
   size_t OldSize                                  = 70254592                                  {product} {ergonomic}
    uintx ProfiledCodeHeapSize                     = 122909434                              {pd product} {ergonomic}
    uintx ReservedCodeCacheSize                    = 251658240                              {pd product} {ergonomic}
     bool SegmentedCodeCache                       = true                                      {product} {ergonomic}
   size_t SoftMaxHeapSize                          = 1073741824                             {manageable} {ergonomic}
     bool UseCompressedOops                        = true                           {product lp64_product} {ergonomic}
     bool UseLargePagesIndividualAllocation        = false                                  {pd product} {ergonomic}
     bool UseParallelGC                            = true                                      {product} {command line}

Logging:
Log output configuration:
 #0: stdout all=off uptime,level,tags foldmultilines=false
 #1: stderr all=off uptime,level,tags foldmultilines=false

Environment Variables:
PATH=C:\ProgramData\Microsoft\Windows\Start Menu;C:\Program Files\Common Files\Oracle\Java\javapath;C:\Program Files (x86)\Common Files\Oracle\Java\java8path;C:\Program Files (x86)\Common Files\Oracle\Java\javapath;C:\WINDOWS\system32;C:\WINDOWS;C:\WINDOWS\System32\Wbem;C:\WINDOWS\System32\WindowsPowerShell\v1.0\;C:\WINDOWS\System32\OpenSSH\;C:\Program Files\PuTTY\;C:\Program Files\Java\jdk-21\bin;C:\Program Files\nodejs;C:\Program Files\Git\cmd;C:\Users\eduardo.rivera\Downloads\apache-maven-3.9.9-bin\apache-maven-3.9.9\bin;C:\Program Files\MySQL\MySQL Shell 8.0\bin\;C:\Users\eduardo.rivera\AppData\Local\Microsoft\WindowsApps;C:\Users\eduardo.rivera\AppData\Local\Programs\Microsoft VS Code\bin;C:\Program Files\JetBrains\IntelliJ IDEA 2024.3.5\bin;;C:\Program Files\JetBrains\IntelliJ IDEA Community Edition 2024.3.5\bin;;C:\Users\eduardo.rivera\AppData\Roaming\npm
USERNAME=eduardo.rivera
OS=Windows_NT
PROCESSOR_IDENTIFIER=Intel64 Family 6 Model 142 Stepping 12, GenuineIntel
TMP=C:\Users\EDUARD~1.RIV\AppData\Local\Temp
TEMP=C:\Users\EDUARD~1.RIV\AppData\Local\Temp




Periodic native trim disabled

---------------  S Y S T E M  ---------------

OS:
 Windows 11 , 64 bit Build 26100 (10.0.26100.4202)
OS uptime: 3 days 9:56 hours
Hyper-V role detected

CPU: total 8 (initial active 8) (4 cores per cpu, 2 threads per core) family 6 model 142 stepping 12 microcode 0xec, cx8, cmov, fxsr, ht, mmx, 3dnowpref, sse, sse2, sse3, ssse3, sse4.1, sse4.2, popcnt, lzcnt, tsc, tscinvbit, avx, avx2, aes, erms, clmul, bmi1, bmi2, adx, fma, vzeroupper, clflush, clflushopt, hv, rdtscp, f16c
Processor Information for the first 8 processors :
  Max Mhz: 1800, Current Mhz: 1600, Mhz Limit: 1584

Memory: 4k page, system-wide physical 12167M (1058M free)
TotalPageFile size 40557M (AvailPageFile size 8M)
current process WorkingSet (physical memory assigned to process): 58M, peak: 1039M
current process commit charge ("private bytes"): 628M, peak: 972M

vm_info: OpenJDK 64-Bit Server VM (21.0.7+6-LTS) for windows-amd64 JRE (21.0.7+6-LTS), built on 2025-04-15T00:00:00Z by "admin" with MS VC++ 17.7 (VS2022)

END.
