#
# There is insufficient memory for the Java Runtime Environment to continue.
# Native memory allocation (malloc) failed to allocate 1996560 bytes. Error detail: Chunk::new
# Possible reasons:
#   The system is out of physical RAM or swap space
#   This process is running with CompressedOops enabled, and the Java Heap may be blocking the growth of the native heap
# Possible solutions:
#   Reduce memory load on the system
#   Increase physical memory or swap space
#   Check if swap backing store is full
#   Decrease Java heap size (-Xmx/-Xms)
#   Decrease number of Java threads
#   Decrease Java thread stack sizes (-Xss)
#   Set larger code cache with -XX:ReservedCodeCacheSize=
#   JVM is running with Unscaled Compressed Oops mode in which the Java heap is
#     placed in the first 4GB address space. The Java Heap base address is the
#     maximum limit for the native heap growth. Please use -XX:HeapBaseMinAddress
#     to set the Java Heap base and to place the Java Heap above 4GB virtual address.
# This output file may be truncated or incomplete.
#
#  Out of Memory Error (arena.cpp:168), pid=46172, tid=9560
#
# JRE version: OpenJDK Runtime Environment Temurin-21.0.7+6 (21.0.7+6) (build 21.0.7+6-LTS)
# Java VM: OpenJDK 64-Bit Server VM Temurin-21.0.7+6 (21.0.7+6-LTS, mixed mode, sharing, tiered, compressed oops, compressed class ptrs, parallel gc, windows-amd64)
# No core dump will be written. Minidumps are not enabled by default on client versions of Windows
#

---------------  S U M M A R Y ------------

Command Line: --add-modules=ALL-SYSTEM --add-opens=java.base/java.util=ALL-UNNAMED --add-opens=java.base/java.lang=ALL-UNNAMED --add-opens=java.base/sun.nio.fs=ALL-UNNAMED -Declipse.application=org.eclipse.jdt.ls.core.id1 -Dosgi.bundles.defaultStartLevel=4 -Declipse.product=org.eclipse.jdt.ls.core.product -Djava.import.generatesMetadataFilesAtProjectRoot=false -DDetectVMInstallationsJob.disabled=true -Dfile.encoding=utf8 -XX:+UseParallelGC -XX:GCTimeRatio=4 -XX:AdaptiveSizePolicyWeight=90 -Dsun.zip.disableMemoryMapping=true -Xmx2G -Xms100m -Xlog:disable -javaagent:c:\Users\eduardo.rivera\.vscode\extensions\redhat.java-1.42.0-win32-x64\lombok\lombok-1.18.36.jar -XX:+HeapDumpOnOutOfMemoryError -XX:HeapDumpPath=c:\Users\eduardo.rivera\AppData\Roaming\Code\User\workspaceStorage\ce6d60d1df4040d12fec631fc9589e3a\redhat.java -Daether.dependencyCollector.impl=bf c:\Users\eduardo.rivera\.vscode\extensions\redhat.java-1.42.0-win32-x64\server\plugins\org.eclipse.equinox.launcher_1.7.0.v20250424-1814.jar -configuration c:\Users\eduardo.rivera\AppData\Roaming\Code\User\globalStorage\redhat.java\1.42.0\config_win -data c:\Users\eduardo.rivera\AppData\Roaming\Code\User\workspaceStorage\ce6d60d1df4040d12fec631fc9589e3a\redhat.java\jdt_ws --pipe=\\.\pipe\lsp-8b6dfce9e9e6e8303840c82626f9431f-sock

Host: Intel(R) Core(TM) i5-8265U CPU @ 1.60GHz, 8 cores, 11G,  Windows 11 , 64 bit Build 26100 (10.0.26100.4202)
Time: Sun Jun 15 18:53:09 2025 Hora est. Sudamérica Pacífico elapsed time: 50.324730 seconds (0d 0h 0m 50s)

---------------  T H R E A D  ---------------

Current thread (0x0000014963f76390):  JavaThread "C2 CompilerThread0" daemon [_thread_in_native, id=9560, stack(0x0000004814000000,0x0000004814100000) (1024K)]


Current CompileTask:
C2:50324 5494   !   4       org.eclipse.osgi.internal.loader.classpath.ClasspathManager::defineClass (636 bytes)

Stack: [0x0000004814000000,0x0000004814100000]
Native frames: (J=compiled Java code, j=interpreted, Vv=VM code, C=native code)
V  [jvm.dll+0x6ce119]
V  [jvm.dll+0x8a84a1]
V  [jvm.dll+0x8aa9ce]
V  [jvm.dll+0x8ab0b3]
V  [jvm.dll+0x27f8a6]
V  [jvm.dll+0xc507d]
V  [jvm.dll+0xc55b3]
V  [jvm.dll+0x3b692c]
V  [jvm.dll+0x382aa5]
V  [jvm.dll+0x381f0a]
V  [jvm.dll+0x247af0]
V  [jvm.dll+0x2470cf]
V  [jvm.dll+0x1c760e]
V  [jvm.dll+0x25695a]
V  [jvm.dll+0x254efa]
V  [jvm.dll+0x3f03f6]
V  [jvm.dll+0x851f6b]
V  [jvm.dll+0x6cc7dd]
C  [ucrtbase.dll+0x37b0]
C  [KERNEL32.DLL+0x2e8d7]
C  [ntdll.dll+0x3c34c]


---------------  P R O C E S S  ---------------

Threads class SMR info:
_java_thread_list=0x000001497de9fb60, length=36, elements={
0x0000014961cd9ad0, 0x00000149640ab3f0, 0x0000014963f65700, 0x0000014963f69060,
0x0000014963f69e10, 0x0000014963f72bb0, 0x0000014963f75610, 0x0000014963f76390,
0x000001497c239c30, 0x000001497c2e5f80, 0x000001497c57ab10, 0x000001497d0ae2c0,
0x000001497cc63110, 0x000001497cfe42c0, 0x000001497cfe04a0, 0x000001497ce1d950,
0x000001497d0ec6f0, 0x000001497d09dc80, 0x000001497d09c8d0, 0x000001497d09d5f0,
0x000001497d09c240, 0x000001497d09e310, 0x000001497d09bbb0, 0x000001497d09e9a0,
0x000001497d09cf60, 0x000001497f1c4c10, 0x000001497d09b520, 0x00000149455abfe0,
0x00000149455a9880, 0x00000149455aa5a0, 0x00000149455ab2c0, 0x00000149455ab950,
0x00000149455ac670, 0x00000149455a91f0, 0x00000149455ad390, 0x00000149455acd00
}

Java Threads: ( => current thread )
  0x0000014961cd9ad0 JavaThread "main"                              [_thread_in_vm, id=46128, stack(0x0000004813600000,0x0000004813700000) (1024K)]
  0x00000149640ab3f0 JavaThread "Reference Handler"          daemon [_thread_blocked, id=40540, stack(0x0000004813a00000,0x0000004813b00000) (1024K)]
  0x0000014963f65700 JavaThread "Finalizer"                  daemon [_thread_blocked, id=43592, stack(0x0000004813b00000,0x0000004813c00000) (1024K)]
  0x0000014963f69060 JavaThread "Signal Dispatcher"          daemon [_thread_blocked, id=21672, stack(0x0000004813c00000,0x0000004813d00000) (1024K)]
  0x0000014963f69e10 JavaThread "Attach Listener"            daemon [_thread_blocked, id=22684, stack(0x0000004813d00000,0x0000004813e00000) (1024K)]
  0x0000014963f72bb0 JavaThread "Service Thread"             daemon [_thread_blocked, id=18564, stack(0x0000004813e00000,0x0000004813f00000) (1024K)]
  0x0000014963f75610 JavaThread "Monitor Deflation Thread"   daemon [_thread_blocked, id=13116, stack(0x0000004813f00000,0x0000004814000000) (1024K)]
=>0x0000014963f76390 JavaThread "C2 CompilerThread0"         daemon [_thread_in_native, id=9560, stack(0x0000004814000000,0x0000004814100000) (1024K)]
  0x000001497c239c30 JavaThread "C1 CompilerThread0"         daemon [_thread_in_native, id=41436, stack(0x0000004814100000,0x0000004814200000) (1024K)]
  0x000001497c2e5f80 JavaThread "Common-Cleaner"             daemon [_thread_blocked, id=49096, stack(0x0000004814200000,0x0000004814300000) (1024K)]
  0x000001497c57ab10 JavaThread "Notification Thread"        daemon [_thread_blocked, id=33396, stack(0x0000004814300000,0x0000004814400000) (1024K)]
  0x000001497d0ae2c0 JavaThread "Active Thread: Equinox Container: 6ecdc14f-b76e-4fb3-a692-97cd6ff55fd8"        [_thread_blocked, id=44272, stack(0x0000004814a00000,0x0000004814b00000) (1024K)]
  0x000001497cc63110 JavaThread "Refresh Thread: Equinox Container: 6ecdc14f-b76e-4fb3-a692-97cd6ff55fd8" daemon [_thread_blocked, id=37704, stack(0x0000004814c00000,0x0000004814d00000) (1024K)]
  0x000001497cfe42c0 JavaThread "Framework Event Dispatcher: Equinox Container: 6ecdc14f-b76e-4fb3-a692-97cd6ff55fd8" daemon [_thread_blocked, id=35108, stack(0x0000004814e00000,0x0000004814f00000) (1024K)]
  0x000001497cfe04a0 JavaThread "Start Level: Equinox Container: 6ecdc14f-b76e-4fb3-a692-97cd6ff55fd8" daemon [_thread_blocked, id=11144, stack(0x0000004814f00000,0x0000004815000000) (1024K)]
  0x000001497ce1d950 JavaThread "Bundle File Closer"         daemon [_thread_blocked, id=584, stack(0x0000004814b00000,0x0000004814c00000) (1024K)]
  0x000001497d0ec6f0 JavaThread "SCR Component Actor"        daemon [_thread_blocked, id=18220, stack(0x0000004815000000,0x0000004815100000) (1024K)]
  0x000001497d09dc80 JavaThread "Worker-JM"                         [_thread_blocked, id=19780, stack(0x0000004815200000,0x0000004815300000) (1024K)]
  0x000001497d09c8d0 JavaThread "JNA Cleaner"                daemon [_thread_blocked, id=34252, stack(0x0000004815300000,0x0000004815400000) (1024K)]
  0x000001497d09d5f0 JavaThread "Worker-0: Repository registry initialization"        [_thread_in_vm, id=17960, stack(0x0000004815400000,0x0000004815500000) (1024K)]
  0x000001497d09c240 JavaThread "Worker-1: Loading available Gradle versions"        [_thread_in_vm, id=34368, stack(0x0000004815100000,0x0000004815200000) (1024K)]
  0x000001497d09e310 JavaThread "Worker-2: Initialize After Load"        [_thread_in_Java, id=31608, stack(0x0000004815700000,0x0000004815800000) (1024K)]
  0x000001497d09bbb0 JavaThread "Java indexing"              daemon [_thread_blocked, id=36604, stack(0x0000004815800000,0x0000004815900000) (1024K)]
  0x000001497d09e9a0 JavaThread "Worker-3"                          [_thread_blocked, id=42628, stack(0x0000004815900000,0x0000004815a00000) (1024K)]
  0x000001497d09cf60 JavaThread "Worker-4"                          [_thread_blocked, id=50812, stack(0x0000004815a00000,0x0000004815b00000) (1024K)]
  0x000001497f1c4c10 JavaThread "C2 CompilerThread1"         daemon [_thread_in_native, id=48996, stack(0x0000004815b00000,0x0000004815c00000) (1024K)]
  0x000001497d09b520 JavaThread "Thread-3"                   daemon [_thread_in_native, id=36796, stack(0x0000004815c00000,0x0000004815d00000) (1024K)]
  0x00000149455abfe0 JavaThread "Thread-4"                   daemon [_thread_in_native, id=28608, stack(0x0000004815d00000,0x0000004815e00000) (1024K)]
  0x00000149455a9880 JavaThread "Thread-5"                   daemon [_thread_in_native, id=35812, stack(0x0000004815e00000,0x0000004815f00000) (1024K)]
  0x00000149455aa5a0 JavaThread "Thread-6"                   daemon [_thread_in_native, id=40032, stack(0x0000004815f00000,0x0000004816000000) (1024K)]
  0x00000149455ab2c0 JavaThread "Thread-7"                   daemon [_thread_in_native, id=48880, stack(0x0000004816000000,0x0000004816100000) (1024K)]
  0x00000149455ab950 JavaThread "Thread-8"                   daemon [_thread_in_native, id=21548, stack(0x0000004816100000,0x0000004816200000) (1024K)]
  0x00000149455ac670 JavaThread "Thread-9"                   daemon [_thread_in_native, id=37980, stack(0x0000004816200000,0x0000004816300000) (1024K)]
  0x00000149455a91f0 JavaThread "Thread-10"                  daemon [_thread_in_native, id=40624, stack(0x0000004816300000,0x0000004816400000) (1024K)]
  0x00000149455ad390 JavaThread "Thread-11"                  daemon [_thread_in_native, id=47272, stack(0x0000004816400000,0x0000004816500000) (1024K)]
  0x00000149455acd00 JavaThread "pool-2-thread-1"                   [_thread_blocked, id=26996, stack(0x0000004816500000,0x0000004816600000) (1024K)]
Total: 36

Other Threads:
  0x00000149640909c0 VMThread "VM Thread"                           [id=19012, stack(0x0000004813900000,0x0000004813a00000) (1024K)]
  0x0000014963e7ca00 WatcherThread "VM Periodic Task Thread"        [id=27696, stack(0x0000004813800000,0x0000004813900000) (1024K)]
  0x000001496400cba0 WorkerThread "GC Thread#0"                     [id=47388, stack(0x0000004813700000,0x0000004813800000) (1024K)]
  0x000001497c6ce050 WorkerThread "GC Thread#1"                     [id=49248, stack(0x0000004814400000,0x0000004814500000) (1024K)]
  0x000001497ca58d40 WorkerThread "GC Thread#2"                     [id=44956, stack(0x0000004814500000,0x0000004814600000) (1024K)]
  0x000001497c82f9d0 WorkerThread "GC Thread#3"                     [id=40168, stack(0x0000004814600000,0x0000004814700000) (1024K)]
  0x000001497c82fd70 WorkerThread "GC Thread#4"                     [id=22760, stack(0x0000004814700000,0x0000004814800000) (1024K)]
  0x000001497c830110 WorkerThread "GC Thread#5"                     [id=13672, stack(0x0000004814800000,0x0000004814900000) (1024K)]
  0x000001497c8304b0 WorkerThread "GC Thread#6"                     [id=33912, stack(0x0000004814900000,0x0000004814a00000) (1024K)]
  0x000001497cd20bf0 WorkerThread "GC Thread#7"                     [id=44424, stack(0x0000004814d00000,0x0000004814e00000) (1024K)]
Total: 10

Threads with active compile tasks:
C2 CompilerThread0  50370 5494   !   4       org.eclipse.osgi.internal.loader.classpath.ClasspathManager::defineClass (636 bytes)
C1 CompilerThread0  50373 5892       3       com.google.common.collect.ImmutableList::asImmutableList (69 bytes)
C2 CompilerThread1  50375 5832       4       java.io.BufferedInputStream::implRead (112 bytes)
Total: 3

VM state: not at safepoint (normal execution)

VM Mutex/Monitor currently owned by a thread: None

Heap address: 0x0000000080000000, size: 2048 MB, Compressed Oops mode: 32-bit

CDS archive(s) mapped at: [0x0000014900000000-0x0000014900ba0000-0x0000014900ba0000), size 12189696, SharedBaseAddress: 0x0000014900000000, ArchiveRelocationMode: 1.
Compressed class space mapped at: 0x0000014901000000-0x0000014941000000, reserved size: 1073741824
Narrow klass base: 0x0000014900000000, Narrow klass shift: 0, Narrow klass range: 0x100000000

GC Precious Log:
 CardTable entry size: 512
 CPUs: 8 total, 8 available
 Memory: 12167M
 Large Page Support: Disabled
 NUMA Support: Disabled
 Compressed Oops: Enabled (32-bit)
 Alignments: Space 512K, Generation 512K, Heap 2M
 Heap Min Capacity: 100M
 Heap Initial Capacity: 100M
 Heap Max Capacity: 2G
 Pre-touch: Disabled
 Parallel Workers: 8

Heap:
 PSYoungGen      total 24064K, used 6522K [0x00000000d5580000, 0x00000000d7280000, 0x0000000100000000)
  eden space 22016K, 22% used [0x00000000d5580000,0x00000000d5a56978,0x00000000d6b00000)
  from space 2048K, 76% used [0x00000000d7080000,0x00000000d7208000,0x00000000d7280000)
  to   space 3072K, 0% used [0x00000000d6c80000,0x00000000d6c80000,0x00000000d6f80000)
 ParOldGen       total 68608K, used 22867K [0x0000000080000000, 0x0000000084300000, 0x00000000d5580000)
  object space 68608K, 33% used [0x0000000080000000,0x0000000081654db8,0x0000000084300000)
 Metaspace       used 43599K, committed 44800K, reserved 1114112K
  class space    used 4578K, committed 5056K, reserved 1048576K

Card table byte_map: [0x0000014963990000,0x0000014963da0000] _byte_map_base: 0x0000014963590000

Marking Bits: (ParMarkBitMap*) 0x00007ffe9a3a31f0
 Begin Bits: [0x0000014976490000, 0x0000014978490000)
 End Bits:   [0x0000014978490000, 0x000001497a490000)

Polling page: 0x0000014961e60000

Metaspace:

Usage:
  Non-class:     38.11 MB used.
      Class:      4.47 MB used.
       Both:     42.58 MB used.

Virtual space:
  Non-class space:       64.00 MB reserved,      38.81 MB ( 61%) committed,  1 nodes.
      Class space:        1.00 GB reserved,       4.94 MB ( <1%) committed,  1 nodes.
             Both:        1.06 GB reserved,      43.75 MB (  4%) committed. 

Chunk freelists:
   Non-Class:  8.45 MB
       Class:  10.90 MB
        Both:  19.36 MB

MaxMetaspaceSize: unlimited
CompressedClassSpaceSize: 1.00 GB
Initial GC threshold: 21.00 MB
Current GC threshold: 58.38 MB
CDS: on
 - commit_granule_bytes: 65536.
 - commit_granule_words: 8192.
 - virtual_space_node_default_size: 8388608.
 - enlarge_chunks_in_place: 1.
 - use_allocation_guard: 0.


Internal statistics:

num_allocs_failed_limit: 6.
num_arena_births: 916.
num_arena_deaths: 14.
num_vsnodes_births: 2.
num_vsnodes_deaths: 0.
num_space_committed: 700.
num_space_uncommitted: 0.
num_chunks_returned_to_freelist: 20.
num_chunks_taken_from_freelist: 2773.
num_chunk_merges: 12.
num_chunk_splits: 1716.
num_chunks_enlarged: 945.
num_inconsistent_stats: 0.

CodeHeap 'non-profiled nmethods': size=120000Kb used=2731Kb max_used=2842Kb free=117268Kb
 bounds [0x000001496ecb0000, 0x000001496efa0000, 0x00000149761e0000]
CodeHeap 'profiled nmethods': size=120000Kb used=10990Kb max_used=11017Kb free=109009Kb
 bounds [0x00000149671e0000, 0x0000014967cc0000, 0x000001496e710000]
CodeHeap 'non-nmethods': size=5760Kb used=1377Kb max_used=1434Kb free=4382Kb
 bounds [0x000001496e710000, 0x000001496e980000, 0x000001496ecb0000]
 total_blobs=5936 nmethods=5260 adapters=582
 compilation: enabled
              stopped_count=0, restarted_count=0
 full_count=0

Compilation events (20 events):
Event: 49.315 Thread 0x000001497c239c30 nmethod 5846 0x0000014967753e90 code [0x0000014967754180, 0x00000149677554f0]
Event: 49.322 Thread 0x000001497c239c30 5847       3       com.google.inject.internal.CycleDetectingLock$CycleDetectingLockFactory::create (17 bytes)
Event: 49.323 Thread 0x000001497c239c30 nmethod 5847 0x0000014967480b10 code [0x0000014967480d00, 0x0000014967481240]
Event: 49.323 Thread 0x000001497c239c30 5848       3       com.google.inject.internal.CycleDetectingLock$CycleDetectingLockFactory$ReentrantCycleDetectingLock::<init> (43 bytes)
Event: 49.323 Thread 0x000001497c239c30 nmethod 5848 0x0000014967480090 code [0x00000149674802a0, 0x0000014967480890]
Event: 49.323 Thread 0x000001497c239c30 5849       1       com.google.inject.internal.ProviderInstanceBindingImpl::getInjectionPoints (5 bytes)
Event: 49.323 Thread 0x000001497c239c30 nmethod 5849 0x000001496ed77e10 code [0x000001496ed77fa0, 0x000001496ed78068]
Event: 49.324 Thread 0x000001497c239c30 5850       3       com.google.inject.internal.ProviderInstanceBindingImpl::acceptTargetVisitor (33 bytes)
Event: 49.325 Thread 0x000001497c239c30 nmethod 5850 0x000001496747f810 code [0x000001496747fa00, 0x000001496747ff30]
Event: 49.325 Thread 0x000001497c239c30 5851       3       com.google.common.cache.LocalCache$LoadingValueReference::set (9 bytes)
Event: 49.326 Thread 0x000001497c239c30 nmethod 5851 0x000001496747e390 code [0x000001496747e640, 0x000001496747f328]
Event: 49.326 Thread 0x000001497c239c30 5857       3       com.google.common.cache.LocalCache$Segment::expireEntries (113 bytes)
Event: 49.327 Thread 0x000001497c239c30 nmethod 5857 0x000001496747cf10 code [0x000001496747d1e0, 0x000001496747df28]
Event: 49.327 Thread 0x000001497c239c30 5852       3       com.google.common.util.concurrent.SettableFuture::set (6 bytes)
Event: 49.328 Thread 0x000001497c239c30 nmethod 5852 0x000001496747bd10 code [0x000001496747bfa0, 0x000001496747caa8]
Event: 49.329 Thread 0x000001497c239c30 5853       3       com.google.common.util.concurrent.AbstractFuture::set (30 bytes)
Event: 49.330 Thread 0x000001497c239c30 nmethod 5853 0x000001496747ab10 code [0x000001496747ada0, 0x000001496747b8b0]
Event: 49.330 Thread 0x000001497c239c30 5854       3       com.google.common.util.concurrent.AbstractFutureState::casValue (10 bytes)
Event: 49.331 Thread 0x000001497c239c30 nmethod 5854 0x0000014967562a90 code [0x0000014967562d40, 0x00000149675639c8]
Event: 49.331 Thread 0x000001497c239c30 5855       3       com.google.common.util.concurrent.AbstractFutureState$VarHandleAtomicHelper::casValue (10 bytes)

GC Heap History (20 events):
Event: 37.309 GC heap before
{Heap before GC invocations=9 (full 1):
 PSYoungGen      total 29184K, used 24576K [0x00000000d5580000, 0x00000000d7680000, 0x0000000100000000)
  eden space 24576K, 100% used [0x00000000d5580000,0x00000000d6d80000,0x00000000d6d80000)
  from space 4608K, 0% used [0x00000000d6e80000,0x00000000d6e80000,0x00000000d7300000)
  to   space 3584K, 0% used [0x00000000d7300000,0x00000000d7300000,0x00000000d7680000)
 ParOldGen       total 68608K, used 12801K [0x0000000080000000, 0x0000000084300000, 0x00000000d5580000)
  object space 68608K, 18% used [0x0000000080000000,0x0000000080c80418,0x0000000084300000)
 Metaspace       used 22539K, committed 23488K, reserved 1114112K
  class space    used 2282K, committed 2688K, reserved 1048576K
}
Event: 37.310 GC heap after
{Heap after GC invocations=9 (full 1):
 PSYoungGen      total 26112K, used 1603K [0x00000000d5580000, 0x00000000d7500000, 0x0000000100000000)
  eden space 24064K, 0% used [0x00000000d5580000,0x00000000d5580000,0x00000000d6d00000)
  from space 2048K, 78% used [0x00000000d7300000,0x00000000d7490cb8,0x00000000d7500000)
  to   space 3072K, 0% used [0x00000000d6f00000,0x00000000d6f00000,0x00000000d7200000)
 ParOldGen       total 68608K, used 12809K [0x0000000080000000, 0x0000000084300000, 0x00000000d5580000)
  object space 68608K, 18% used [0x0000000080000000,0x0000000080c82418,0x0000000084300000)
 Metaspace       used 22539K, committed 23488K, reserved 1114112K
  class space    used 2282K, committed 2688K, reserved 1048576K
}
Event: 38.559 GC heap before
{Heap before GC invocations=10 (full 1):
 PSYoungGen      total 26112K, used 25667K [0x00000000d5580000, 0x00000000d7500000, 0x0000000100000000)
  eden space 24064K, 100% used [0x00000000d5580000,0x00000000d6d00000,0x00000000d6d00000)
  from space 2048K, 78% used [0x00000000d7300000,0x00000000d7490cb8,0x00000000d7500000)
  to   space 3072K, 0% used [0x00000000d6f00000,0x00000000d6f00000,0x00000000d7200000)
 ParOldGen       total 68608K, used 12818K [0x0000000080000000, 0x0000000084300000, 0x00000000d5580000)
  object space 68608K, 18% used [0x0000000080000000,0x0000000080c84a90,0x0000000084300000)
 Metaspace       used 26252K, committed 27200K, reserved 1114112K
  class space    used 2600K, committed 3008K, reserved 1048576K
}
Event: 38.565 GC heap after
{Heap after GC invocations=10 (full 1):
 PSYoungGen      total 26112K, used 1771K [0x00000000d5580000, 0x00000000d7380000, 0x0000000100000000)
  eden space 24064K, 0% used [0x00000000d5580000,0x00000000d5580000,0x00000000d6d00000)
  from space 2048K, 86% used [0x00000000d6f00000,0x00000000d70bac68,0x00000000d7100000)
  to   space 2048K, 0% used [0x00000000d7180000,0x00000000d7180000,0x00000000d7380000)
 ParOldGen       total 68608K, used 12826K [0x0000000080000000, 0x0000000084300000, 0x00000000d5580000)
  object space 68608K, 18% used [0x0000000080000000,0x0000000080c86a90,0x0000000084300000)
 Metaspace       used 26252K, committed 27200K, reserved 1114112K
  class space    used 2600K, committed 3008K, reserved 1048576K
}
Event: 40.090 GC heap before
{Heap before GC invocations=11 (full 1):
 PSYoungGen      total 26112K, used 25835K [0x00000000d5580000, 0x00000000d7380000, 0x0000000100000000)
  eden space 24064K, 100% used [0x00000000d5580000,0x00000000d6d00000,0x00000000d6d00000)
  from space 2048K, 86% used [0x00000000d6f00000,0x00000000d70bac68,0x00000000d7100000)
  to   space 2048K, 0% used [0x00000000d7180000,0x00000000d7180000,0x00000000d7380000)
 ParOldGen       total 68608K, used 12836K [0x0000000080000000, 0x0000000084300000, 0x00000000d5580000)
  object space 68608K, 18% used [0x0000000080000000,0x0000000080c89128,0x0000000084300000)
 Metaspace       used 29248K, committed 30208K, reserved 1114112K
  class space    used 2893K, committed 3328K, reserved 1048576K
}
Event: 40.094 GC heap after
{Heap after GC invocations=11 (full 1):
 PSYoungGen      total 25600K, used 2033K [0x00000000d5580000, 0x00000000d7480000, 0x0000000100000000)
  eden space 23552K, 0% used [0x00000000d5580000,0x00000000d5580000,0x00000000d6c80000)
  from space 2048K, 99% used [0x00000000d7180000,0x00000000d737c658,0x00000000d7380000)
  to   space 4096K, 0% used [0x00000000d6c80000,0x00000000d6c80000,0x00000000d7080000)
 ParOldGen       total 68608K, used 14500K [0x0000000080000000, 0x0000000084300000, 0x00000000d5580000)
  object space 68608K, 21% used [0x0000000080000000,0x0000000080e29358,0x0000000084300000)
 Metaspace       used 29248K, committed 30208K, reserved 1114112K
  class space    used 2893K, committed 3328K, reserved 1048576K
}
Event: 40.770 GC heap before
{Heap before GC invocations=12 (full 1):
 PSYoungGen      total 25600K, used 25585K [0x00000000d5580000, 0x00000000d7480000, 0x0000000100000000)
  eden space 23552K, 100% used [0x00000000d5580000,0x00000000d6c80000,0x00000000d6c80000)
  from space 2048K, 99% used [0x00000000d7180000,0x00000000d737c658,0x00000000d7380000)
  to   space 4096K, 0% used [0x00000000d6c80000,0x00000000d6c80000,0x00000000d7080000)
 ParOldGen       total 68608K, used 14500K [0x0000000080000000, 0x0000000084300000, 0x00000000d5580000)
  object space 68608K, 21% used [0x0000000080000000,0x0000000080e29358,0x0000000084300000)
 Metaspace       used 30254K, committed 31232K, reserved 1114112K
  class space    used 3010K, committed 3456K, reserved 1048576K
}
Event: 40.773 GC heap after
{Heap after GC invocations=12 (full 1):
 PSYoungGen      total 24064K, used 813K [0x00000000d5580000, 0x00000000d7200000, 0x0000000100000000)
  eden space 23040K, 0% used [0x00000000d5580000,0x00000000d5580000,0x00000000d6c00000)
  from space 1024K, 79% used [0x00000000d6c80000,0x00000000d6d4b670,0x00000000d6d80000)
  to   space 2048K, 0% used [0x00000000d7000000,0x00000000d7000000,0x00000000d7200000)
 ParOldGen       total 68608K, used 16371K [0x0000000080000000, 0x0000000084300000, 0x00000000d5580000)
  object space 68608K, 23% used [0x0000000080000000,0x0000000080ffcec8,0x0000000084300000)
 Metaspace       used 30254K, committed 31232K, reserved 1114112K
  class space    used 3010K, committed 3456K, reserved 1048576K
}
Event: 46.362 GC heap before
{Heap before GC invocations=13 (full 1):
 PSYoungGen      total 24064K, used 23853K [0x00000000d5580000, 0x00000000d7200000, 0x0000000100000000)
  eden space 23040K, 100% used [0x00000000d5580000,0x00000000d6c00000,0x00000000d6c00000)
  from space 1024K, 79% used [0x00000000d6c80000,0x00000000d6d4b670,0x00000000d6d80000)
  to   space 2048K, 0% used [0x00000000d7000000,0x00000000d7000000,0x00000000d7200000)
 ParOldGen       total 68608K, used 16371K [0x0000000080000000, 0x0000000084300000, 0x00000000d5580000)
  object space 68608K, 23% used [0x0000000080000000,0x0000000080ffcec8,0x0000000084300000)
 Metaspace       used 32309K, committed 33344K, reserved 1114112K
  class space    used 3241K, committed 3648K, reserved 1048576K
}
Event: 46.364 GC heap after
{Heap after GC invocations=13 (full 1):
 PSYoungGen      total 24064K, used 1056K [0x00000000d5580000, 0x00000000d7180000, 0x0000000100000000)
  eden space 22528K, 0% used [0x00000000d5580000,0x00000000d5580000,0x00000000d6b80000)
  from space 1536K, 68% used [0x00000000d7000000,0x00000000d7108370,0x00000000d7180000)
  to   space 1536K, 0% used [0x00000000d6e80000,0x00000000d6e80000,0x00000000d7000000)
 ParOldGen       total 68608K, used 16891K [0x0000000080000000, 0x0000000084300000, 0x00000000d5580000)
  object space 68608K, 24% used [0x0000000080000000,0x000000008107ef08,0x0000000084300000)
 Metaspace       used 32309K, committed 33344K, reserved 1114112K
  class space    used 3241K, committed 3648K, reserved 1048576K
}
Event: 46.903 GC heap before
{Heap before GC invocations=14 (full 1):
 PSYoungGen      total 24064K, used 18466K [0x00000000d5580000, 0x00000000d7180000, 0x0000000100000000)
  eden space 22528K, 77% used [0x00000000d5580000,0x00000000d6680560,0x00000000d6b80000)
  from space 1536K, 68% used [0x00000000d7000000,0x00000000d7108370,0x00000000d7180000)
  to   space 1536K, 0% used [0x00000000d6e80000,0x00000000d6e80000,0x00000000d7000000)
 ParOldGen       total 68608K, used 16891K [0x0000000080000000, 0x0000000084300000, 0x00000000d5580000)
  object space 68608K, 24% used [0x0000000080000000,0x000000008107ef08,0x0000000084300000)
 Metaspace       used 34777K, committed 35840K, reserved 1114112K
  class space    used 3522K, committed 3968K, reserved 1048576K
}
Event: 46.907 GC heap after
{Heap after GC invocations=14 (full 1):
 PSYoungGen      total 23552K, used 970K [0x00000000d5580000, 0x00000000d7080000, 0x0000000100000000)
  eden space 22528K, 0% used [0x00000000d5580000,0x00000000d5580000,0x00000000d6b80000)
  from space 1024K, 94% used [0x00000000d6e80000,0x00000000d6f728e0,0x00000000d6f80000)
  to   space 1024K, 0% used [0x00000000d6f80000,0x00000000d6f80000,0x00000000d7080000)
 ParOldGen       total 68608K, used 17736K [0x0000000080000000, 0x0000000084300000, 0x00000000d5580000)
  object space 68608K, 25% used [0x0000000080000000,0x00000000811521a8,0x0000000084300000)
 Metaspace       used 34777K, committed 35840K, reserved 1114112K
  class space    used 3522K, committed 3968K, reserved 1048576K
}
Event: 46.907 GC heap before
{Heap before GC invocations=15 (full 2):
 PSYoungGen      total 23552K, used 970K [0x00000000d5580000, 0x00000000d7080000, 0x0000000100000000)
  eden space 22528K, 0% used [0x00000000d5580000,0x00000000d5580000,0x00000000d6b80000)
  from space 1024K, 94% used [0x00000000d6e80000,0x00000000d6f728e0,0x00000000d6f80000)
  to   space 1024K, 0% used [0x00000000d6f80000,0x00000000d6f80000,0x00000000d7080000)
 ParOldGen       total 68608K, used 17736K [0x0000000080000000, 0x0000000084300000, 0x00000000d5580000)
  object space 68608K, 25% used [0x0000000080000000,0x00000000811521a8,0x0000000084300000)
 Metaspace       used 34777K, committed 35840K, reserved 1114112K
  class space    used 3522K, committed 3968K, reserved 1048576K
}
Event: 46.961 GC heap after
{Heap after GC invocations=15 (full 2):
 PSYoungGen      total 23552K, used 0K [0x00000000d5580000, 0x00000000d7080000, 0x0000000100000000)
  eden space 22528K, 0% used [0x00000000d5580000,0x00000000d5580000,0x00000000d6b80000)
  from space 1024K, 0% used [0x00000000d6e80000,0x00000000d6e80000,0x00000000d6f80000)
  to   space 1024K, 0% used [0x00000000d6f80000,0x00000000d6f80000,0x00000000d7080000)
 ParOldGen       total 68608K, used 18028K [0x0000000080000000, 0x0000000084300000, 0x00000000d5580000)
  object space 68608K, 26% used [0x0000000080000000,0x000000008119b208,0x0000000084300000)
 Metaspace       used 34777K, committed 35840K, reserved 1114112K
  class space    used 3522K, committed 3968K, reserved 1048576K
}
Event: 47.675 GC heap before
{Heap before GC invocations=16 (full 2):
 PSYoungGen      total 23552K, used 22526K [0x00000000d5580000, 0x00000000d7080000, 0x0000000100000000)
  eden space 22528K, 99% used [0x00000000d5580000,0x00000000d6b7fa10,0x00000000d6b80000)
  from space 1024K, 0% used [0x00000000d6e80000,0x00000000d6e80000,0x00000000d6f80000)
  to   space 1024K, 0% used [0x00000000d6f80000,0x00000000d6f80000,0x00000000d7080000)
 ParOldGen       total 68608K, used 18028K [0x0000000080000000, 0x0000000084300000, 0x00000000d5580000)
  object space 68608K, 26% used [0x0000000080000000,0x000000008119b208,0x0000000084300000)
 Metaspace       used 37583K, committed 38720K, reserved 1114112K
  class space    used 3858K, committed 4288K, reserved 1048576K
}
Event: 47.678 GC heap after
{Heap after GC invocations=16 (full 2):
 PSYoungGen      total 23040K, used 1010K [0x00000000d5580000, 0x00000000d7080000, 0x0000000100000000)
  eden space 22016K, 0% used [0x00000000d5580000,0x00000000d5580000,0x00000000d6b00000)
  from space 1024K, 98% used [0x00000000d6f80000,0x00000000d707c9d8,0x00000000d7080000)
  to   space 2048K, 0% used [0x00000000d6c80000,0x00000000d6c80000,0x00000000d6e80000)
 ParOldGen       total 68608K, used 18598K [0x0000000080000000, 0x0000000084300000, 0x00000000d5580000)
  object space 68608K, 27% used [0x0000000080000000,0x0000000081229af0,0x0000000084300000)
 Metaspace       used 37583K, committed 38720K, reserved 1114112K
  class space    used 3858K, committed 4288K, reserved 1048576K
}
Event: 48.506 GC heap before
{Heap before GC invocations=17 (full 2):
 PSYoungGen      total 23040K, used 23026K [0x00000000d5580000, 0x00000000d7080000, 0x0000000100000000)
  eden space 22016K, 100% used [0x00000000d5580000,0x00000000d6b00000,0x00000000d6b00000)
  from space 1024K, 98% used [0x00000000d6f80000,0x00000000d707c9d8,0x00000000d7080000)
  to   space 2048K, 0% used [0x00000000d6c80000,0x00000000d6c80000,0x00000000d6e80000)
 ParOldGen       total 68608K, used 18598K [0x0000000080000000, 0x0000000084300000, 0x00000000d5580000)
  object space 68608K, 27% used [0x0000000080000000,0x0000000081229af0,0x0000000084300000)
 Metaspace       used 40146K, committed 41408K, reserved 1114112K
  class space    used 4150K, committed 4672K, reserved 1048576K
}
Event: 48.510 GC heap after
{Heap after GC invocations=17 (full 2):
 PSYoungGen      total 24064K, used 2024K [0x00000000d5580000, 0x00000000d7600000, 0x0000000100000000)
  eden space 22016K, 0% used [0x00000000d5580000,0x00000000d5580000,0x00000000d6b00000)
  from space 2048K, 98% used [0x00000000d6c80000,0x00000000d6e7a100,0x00000000d6e80000)
  to   space 5632K, 0% used [0x00000000d7080000,0x00000000d7080000,0x00000000d7600000)
 ParOldGen       total 68608K, used 21515K [0x0000000080000000, 0x0000000084300000, 0x00000000d5580000)
  object space 68608K, 31% used [0x0000000080000000,0x0000000081502dc0,0x0000000084300000)
 Metaspace       used 40146K, committed 41408K, reserved 1114112K
  class space    used 4150K, committed 4672K, reserved 1048576K
}
Event: 49.218 GC heap before
{Heap before GC invocations=18 (full 2):
 PSYoungGen      total 24064K, used 24040K [0x00000000d5580000, 0x00000000d7600000, 0x0000000100000000)
  eden space 22016K, 100% used [0x00000000d5580000,0x00000000d6b00000,0x00000000d6b00000)
  from space 2048K, 98% used [0x00000000d6c80000,0x00000000d6e7a100,0x00000000d6e80000)
  to   space 5632K, 0% used [0x00000000d7080000,0x00000000d7080000,0x00000000d7600000)
 ParOldGen       total 68608K, used 21515K [0x0000000080000000, 0x0000000084300000, 0x00000000d5580000)
  object space 68608K, 31% used [0x0000000080000000,0x0000000081502dc0,0x0000000084300000)
 Metaspace       used 43186K, committed 44416K, reserved 1114112K
  class space    used 4525K, committed 5056K, reserved 1048576K
}
Event: 49.224 GC heap after
{Heap after GC invocations=18 (full 2):
 PSYoungGen      total 24064K, used 1568K [0x00000000d5580000, 0x00000000d7280000, 0x0000000100000000)
  eden space 22016K, 0% used [0x00000000d5580000,0x00000000d5580000,0x00000000d6b00000)
  from space 2048K, 76% used [0x00000000d7080000,0x00000000d7208000,0x00000000d7280000)
  to   space 3072K, 0% used [0x00000000d6c80000,0x00000000d6c80000,0x00000000d6f80000)
 ParOldGen       total 68608K, used 22867K [0x0000000080000000, 0x0000000084300000, 0x00000000d5580000)
  object space 68608K, 33% used [0x0000000080000000,0x0000000081654db8,0x0000000084300000)
 Metaspace       used 43186K, committed 44416K, reserved 1114112K
  class space    used 4525K, committed 5056K, reserved 1048576K
}

Dll operation events (12 events):
Event: 0.173 Loaded shared library c:\Users\eduardo.rivera\.vscode\extensions\redhat.java-1.42.0-win32-x64\jre\21.0.7-win32-x86_64\bin\java.dll
Event: 0.300 Loaded shared library c:\Users\eduardo.rivera\.vscode\extensions\redhat.java-1.42.0-win32-x64\jre\21.0.7-win32-x86_64\bin\zip.dll
Event: 0.340 Loaded shared library C:\Users\eduardo.rivera\.vscode\extensions\redhat.java-1.42.0-win32-x64\jre\21.0.7-win32-x86_64\bin\instrument.dll
Event: 0.412 Loaded shared library C:\Users\eduardo.rivera\.vscode\extensions\redhat.java-1.42.0-win32-x64\jre\21.0.7-win32-x86_64\bin\net.dll
Event: 0.417 Loaded shared library C:\Users\eduardo.rivera\.vscode\extensions\redhat.java-1.42.0-win32-x64\jre\21.0.7-win32-x86_64\bin\nio.dll
Event: 0.450 Loaded shared library C:\Users\eduardo.rivera\.vscode\extensions\redhat.java-1.42.0-win32-x64\jre\21.0.7-win32-x86_64\bin\zip.dll
Event: 0.487 Loaded shared library C:\Users\eduardo.rivera\.vscode\extensions\redhat.java-1.42.0-win32-x64\jre\21.0.7-win32-x86_64\bin\jimage.dll
Event: 1.206 Loaded shared library c:\Users\eduardo.rivera\.vscode\extensions\redhat.java-1.42.0-win32-x64\jre\21.0.7-win32-x86_64\bin\verify.dll
Event: 8.193 Loaded shared library C:\Users\eduardo.rivera\AppData\Roaming\Code\User\globalStorage\redhat.java\1.42.0\config_win\org.eclipse.equinox.launcher\org.eclipse.equinox.launcher.win32.win32.x86_64_1.2.1300.v20250331-1702\eclipse_11911.dll
Event: 31.971 Loaded shared library C:\Users\eduardo.rivera\AppData\Local\Temp\jna-1048544273\jna2163349114369998853.dll
Event: 47.603 Loaded shared library C:\Users\eduardo.rivera\.vscode\extensions\redhat.java-1.42.0-win32-x64\jre\21.0.7-win32-x86_64\bin\sunmscapi.dll
Event: 49.276 Loaded shared library C:\Users\eduardo.rivera\.vscode\extensions\redhat.java-1.42.0-win32-x64\jre\21.0.7-win32-x86_64\bin\extnet.dll

Deoptimization events (20 events):
Event: 49.000 Thread 0x000001497d09c240 DEOPT PACKING pc=0x000001496ed82640 sp=0x00000048151fd390
Event: 49.000 Thread 0x000001497d09c240 DEOPT UNPACKING pc=0x000001496e763aa2 sp=0x00000048151fd298 mode 2
Event: 49.050 Thread 0x0000014961cd9ad0 Uncommon trap: trap_request=0xffffffcc fr.pc=0x000001496ed6abf0 relative=0x00000000000002b0
Event: 49.050 Thread 0x0000014961cd9ad0 Uncommon trap: reason=intrinsic_or_type_checked_inlining action=make_not_entrant pc=0x000001496ed6abf0 method=java.util.ArrayList.toArray([Ljava/lang/Object;)[Ljava/lang/Object; @ 36 c2
Event: 49.050 Thread 0x0000014961cd9ad0 DEOPT PACKING pc=0x000001496ed6abf0 sp=0x00000048136fd380
Event: 49.050 Thread 0x0000014961cd9ad0 DEOPT UNPACKING pc=0x000001496e763aa2 sp=0x00000048136fd330 mode 2
Event: 49.149 Thread 0x000001497d09e310 DEOPT PACKING pc=0x00000149675269c6 sp=0x00000048157fe8a0
Event: 49.149 Thread 0x000001497d09e310 DEOPT UNPACKING pc=0x000001496e764242 sp=0x00000048157fde20 mode 0
Event: 49.316 Thread 0x000001497d09c240 Uncommon trap: trap_request=0xffffffde fr.pc=0x000001496ee152f8 relative=0x00000000000005f8
Event: 49.316 Thread 0x000001497d09c240 Uncommon trap: reason=class_check action=maybe_recompile pc=0x000001496ee152f8 method=java.lang.AbstractStringBuilder.<init>(Ljava/lang/String;)V @ 58 c2
Event: 49.317 Thread 0x000001497d09c240 DEOPT PACKING pc=0x000001496ee152f8 sp=0x00000048151fe9f0
Event: 49.317 Thread 0x000001497d09c240 DEOPT UNPACKING pc=0x000001496e763aa2 sp=0x00000048151fe9d0 mode 2
Event: 49.317 Thread 0x000001497d09c240 Uncommon trap: trap_request=0xffffffde fr.pc=0x000001496ee152f8 relative=0x00000000000005f8
Event: 49.317 Thread 0x000001497d09c240 Uncommon trap: reason=class_check action=maybe_recompile pc=0x000001496ee152f8 method=java.lang.AbstractStringBuilder.<init>(Ljava/lang/String;)V @ 58 c2
Event: 49.317 Thread 0x000001497d09c240 DEOPT PACKING pc=0x000001496ee152f8 sp=0x00000048151fe9f0
Event: 49.317 Thread 0x000001497d09c240 DEOPT UNPACKING pc=0x000001496e763aa2 sp=0x00000048151fe9d0 mode 2
Event: 49.317 Thread 0x000001497d09c240 Uncommon trap: trap_request=0xffffffde fr.pc=0x000001496ee152f8 relative=0x00000000000005f8
Event: 49.317 Thread 0x000001497d09c240 Uncommon trap: reason=class_check action=maybe_recompile pc=0x000001496ee152f8 method=java.lang.AbstractStringBuilder.<init>(Ljava/lang/String;)V @ 58 c2
Event: 49.317 Thread 0x000001497d09c240 DEOPT PACKING pc=0x000001496ee152f8 sp=0x00000048151fe9f0
Event: 49.317 Thread 0x000001497d09c240 DEOPT UNPACKING pc=0x000001496e763aa2 sp=0x00000048151fe9d0 mode 2

Classes loaded (20 events):
Event: 49.307 Loading class jdk/internal/icu/impl/UCharacterProperty$IsAcceptable done
Event: 49.307 Loading class jdk/internal/icu/impl/Trie2_16
Event: 49.307 Loading class jdk/internal/icu/impl/Trie2
Event: 49.308 Loading class jdk/internal/icu/impl/Trie2 done
Event: 49.308 Loading class jdk/internal/icu/impl/Trie2_16 done
Event: 49.308 Loading class jdk/internal/icu/impl/Trie2$1
Event: 49.308 Loading class jdk/internal/icu/impl/Trie2$ValueMapper
Event: 49.308 Loading class jdk/internal/icu/impl/Trie2$ValueMapper done
Event: 49.308 Loading class jdk/internal/icu/impl/Trie2$1 done
Event: 49.308 Loading class jdk/internal/icu/impl/Trie2$UTrie2Header
Event: 49.308 Loading class jdk/internal/icu/impl/Trie2$UTrie2Header done
Event: 49.317 Loading class java/net/Socket$SocketInputStream
Event: 49.317 Loading class java/net/Socket$SocketInputStream done
Event: 49.317 Loading class sun/nio/ch/NioSocketImpl$1
Event: 49.317 Loading class sun/nio/ch/NioSocketImpl$1 done
Event: 49.317 Loading class java/net/Socket$SocketOutputStream
Event: 49.318 Loading class java/net/Socket$SocketOutputStream done
Event: 49.318 Loading class sun/nio/ch/NioSocketImpl$2
Event: 49.318 Loading class sun/nio/ch/NioSocketImpl$2 done
Event: 49.318 Loading class java/net/StandardSocketOptions

Classes unloaded (7 events):
Event: 35.863 Thread 0x00000149640909c0 Unloading class 0x00000149011a1c00 'java/lang/invoke/LambdaForm$MH+0x00000149011a1c00'
Event: 35.863 Thread 0x00000149640909c0 Unloading class 0x00000149011a1800 'java/lang/invoke/LambdaForm$MH+0x00000149011a1800'
Event: 35.863 Thread 0x00000149640909c0 Unloading class 0x00000149011a1400 'java/lang/invoke/LambdaForm$MH+0x00000149011a1400'
Event: 35.863 Thread 0x00000149640909c0 Unloading class 0x00000149011a1000 'java/lang/invoke/LambdaForm$MH+0x00000149011a1000'
Event: 35.863 Thread 0x00000149640909c0 Unloading class 0x00000149011a0c00 'java/lang/invoke/LambdaForm$BMH+0x00000149011a0c00'
Event: 35.863 Thread 0x00000149640909c0 Unloading class 0x00000149011a0800 'java/lang/invoke/LambdaForm$DMH+0x00000149011a0800'
Event: 35.863 Thread 0x00000149640909c0 Unloading class 0x000001490119b400 'java/lang/invoke/LambdaForm$DMH+0x000001490119b400'

Classes redefined (0 events):
No events

Internal exceptions (20 events):
Event: 48.358 Thread 0x000001497d09e310 Exception <a 'sun/nio/fs/WindowsException'{0x00000000d68971e0}> (0x00000000d68971e0) 
thrown [s\src\hotspot\share\prims\jni.cpp, line 520]
Event: 48.359 Thread 0x000001497d09e310 Exception <a 'sun/nio/fs/WindowsException'{0x00000000d6897d38}> (0x00000000d6897d38) 
thrown [s\src\hotspot\share\prims\jni.cpp, line 520]
Event: 48.360 Thread 0x000001497d09e310 Exception <a 'sun/nio/fs/WindowsException'{0x00000000d68a14f0}> (0x00000000d68a14f0) 
thrown [s\src\hotspot\share\prims\jni.cpp, line 520]
Event: 48.360 Thread 0x000001497d09e310 Exception <a 'sun/nio/fs/WindowsException'{0x00000000d68a2068}> (0x00000000d68a2068) 
thrown [s\src\hotspot\share\prims\jni.cpp, line 520]
Event: 48.361 Thread 0x000001497d09e310 Exception <a 'sun/nio/fs/WindowsException'{0x00000000d68a3c88}> (0x00000000d68a3c88) 
thrown [s\src\hotspot\share\prims\jni.cpp, line 520]
Event: 48.361 Thread 0x000001497d09e310 Exception <a 'sun/nio/fs/WindowsException'{0x00000000d68a4568}> (0x00000000d68a4568) 
thrown [s\src\hotspot\share\prims\jni.cpp, line 520]
Event: 48.364 Thread 0x000001497d09e310 Exception <a 'sun/nio/fs/WindowsException'{0x00000000d68a96c8}> (0x00000000d68a96c8) 
thrown [s\src\hotspot\share\prims\jni.cpp, line 520]
Event: 48.364 Thread 0x000001497d09e310 Exception <a 'sun/nio/fs/WindowsException'{0x00000000d68a9f70}> (0x00000000d68a9f70) 
thrown [s\src\hotspot\share\prims\jni.cpp, line 520]
Event: 48.365 Thread 0x000001497d09e310 Exception <a 'sun/nio/fs/WindowsException'{0x00000000d68ad040}> (0x00000000d68ad040) 
thrown [s\src\hotspot\share\prims\jni.cpp, line 520]
Event: 48.365 Thread 0x000001497d09e310 Exception <a 'sun/nio/fs/WindowsException'{0x00000000d68ad690}> (0x00000000d68ad690) 
thrown [s\src\hotspot\share\prims\jni.cpp, line 520]
Event: 48.366 Thread 0x000001497d09e310 Exception <a 'sun/nio/fs/WindowsException'{0x00000000d68aef78}> (0x00000000d68aef78) 
thrown [s\src\hotspot\share\prims\jni.cpp, line 520]
Event: 48.367 Thread 0x000001497d09e310 Exception <a 'sun/nio/fs/WindowsException'{0x00000000d68af5a8}> (0x00000000d68af5a8) 
thrown [s\src\hotspot\share\prims\jni.cpp, line 520]
Event: 48.412 Thread 0x000001497d09e310 Exception <a 'java/io/FileNotFoundException'{0x00000000d69c7048}> (0x00000000d69c7048) 
thrown [s\src\hotspot\share\prims\jni.cpp, line 520]
Event: 48.702 Thread 0x000001497d09d5f0 Exception <a 'java/lang/NoSuchMethodError'{0x00000000d5c53968}: 'void java.lang.invoke.DirectMethodHandle$Holder.invokeStaticInit(java.lang.Object, java.lang.Object, java.lang.Object)'> (0x00000000d5c53968) 
thrown [s\src\hotspot\share\interpreter\linkResolver.cpp, line 773]
Event: 48.709 Thread 0x000001497d09d5f0 Exception <a 'java/lang/ExceptionInInitializerError'{0x00000000d5cc9308}> (0x00000000d5cc9308) 
thrown [s\src\hotspot\share\oops\instanceKlass.cpp, line 1220]
Event: 48.816 Thread 0x000001497d09e310 Exception <a 'sun/nio/fs/WindowsException'{0x00000000d606de88}> (0x00000000d606de88) 
thrown [s\src\hotspot\share\prims\jni.cpp, line 520]
Event: 48.816 Thread 0x000001497d09d5f0 Implicit null exception at 0x000001496ee15c80 to 0x000001496ee15f00
Event: 48.816 Thread 0x000001497d09e310 Exception <a 'sun/nio/fs/WindowsException'{0x00000000d606e4b8}> (0x00000000d606e4b8) 
thrown [s\src\hotspot\share\prims\jni.cpp, line 520]
Event: 48.817 Thread 0x000001497d09d5f0 Implicit null exception at 0x000001496ed6e4c0 to 0x000001496ed6f458
Event: 48.829 Thread 0x000001497d09d5f0 Exception <a 'java/lang/NoSuchMethodError'{0x00000000d5fba4d8}: 'java.lang.Object java.lang.invoke.Invokers$Holder.invokeExact_MT(java.lang.Object, int, java.lang.Object)'> (0x00000000d5fba4d8) 
thrown [s\src\hotspot\share\interpreter\linkResolver.cpp, line 773]

ZGC Phase Switch (0 events):
No events

VM Operations (20 events):
Event: 47.125 Executing VM operation: HandshakeAllThreads (Deoptimize) done
Event: 47.609 Executing VM operation: HandshakeAllThreads (Deoptimize)
Event: 47.609 Executing VM operation: HandshakeAllThreads (Deoptimize) done
Event: 47.659 Executing VM operation: ParallelGCFailedAllocation (Allocation Failure)
Event: 47.678 Executing VM operation: ParallelGCFailedAllocation (Allocation Failure) done
Event: 47.738 Executing VM operation: HandshakeAllThreads (Deoptimize)
Event: 47.738 Executing VM operation: HandshakeAllThreads (Deoptimize) done
Event: 48.213 Executing VM operation: HandshakeAllThreads (Deoptimize)
Event: 48.213 Executing VM operation: HandshakeAllThreads (Deoptimize) done
Event: 48.430 Executing VM operation: HandshakeAllThreads (Deoptimize)
Event: 48.490 Executing VM operation: HandshakeAllThreads (Deoptimize) done
Event: 48.496 Executing VM operation: ParallelGCFailedAllocation (Allocation Failure)
Event: 48.510 Executing VM operation: ParallelGCFailedAllocation (Allocation Failure) done
Event: 49.011 Executing VM operation: HandshakeAllThreads (Deoptimize)
Event: 49.012 Executing VM operation: HandshakeAllThreads (Deoptimize) done
Event: 49.132 Executing VM operation: HandshakeAllThreads (Deoptimize)
Event: 49.172 Executing VM operation: HandshakeAllThreads (Deoptimize) done
Event: 49.206 Executing VM operation: ParallelGCFailedAllocation (Allocation Failure)
Event: 49.224 Executing VM operation: ParallelGCFailedAllocation (Allocation Failure) done
Event: 50.226 Executing VM operation: Cleanup

Memory protections (0 events):
No events

Nmethod flushes (20 events):
Event: 46.935 Thread 0x00000149640909c0 flushing  nmethod 0x000001496788b910
Event: 46.935 Thread 0x00000149640909c0 flushing  nmethod 0x000001496788c090
Event: 46.935 Thread 0x00000149640909c0 flushing  nmethod 0x000001496788d610
Event: 46.935 Thread 0x00000149640909c0 flushing  nmethod 0x000001496788df10
Event: 46.935 Thread 0x00000149640909c0 flushing  nmethod 0x000001496788e790
Event: 46.935 Thread 0x00000149640909c0 flushing  nmethod 0x000001496788fc90
Event: 46.935 Thread 0x00000149640909c0 flushing  nmethod 0x0000014967890710
Event: 46.935 Thread 0x00000149640909c0 flushing  nmethod 0x0000014967891090
Event: 46.935 Thread 0x00000149640909c0 flushing  nmethod 0x00000149678b3d10
Event: 46.935 Thread 0x00000149640909c0 flushing  nmethod 0x00000149678c9990
Event: 46.935 Thread 0x00000149640909c0 flushing  nmethod 0x00000149678d0590
Event: 46.935 Thread 0x00000149640909c0 flushing  nmethod 0x00000149678da210
Event: 46.935 Thread 0x00000149640909c0 flushing  nmethod 0x0000014967936d90
Event: 46.935 Thread 0x00000149640909c0 flushing  nmethod 0x000001496793be10
Event: 46.935 Thread 0x00000149640909c0 flushing  nmethod 0x000001496793d390
Event: 46.935 Thread 0x00000149640909c0 flushing  nmethod 0x0000014967971110
Event: 46.935 Thread 0x00000149640909c0 flushing  nmethod 0x0000014967988890
Event: 46.935 Thread 0x00000149640909c0 flushing  nmethod 0x00000149679ae390
Event: 46.935 Thread 0x00000149640909c0 flushing  nmethod 0x00000149679c0910
Event: 46.935 Thread 0x00000149640909c0 flushing  nmethod 0x00000149679c0d90

Events (20 events):
Event: 37.160 Thread 0x000001497c239c30 Thread added: 0x000001497d5cd770
Event: 37.297 Thread 0x000001497d5cd770 Thread exited: 0x000001497d5cd770
Event: 37.488 Thread 0x000001497c239c30 Thread added: 0x000001497dc64290
Event: 37.862 Thread 0x000001497d09c240 Thread added: 0x000001497d09e310
Event: 41.119 Thread 0x000001497cfe04a0 Thread added: 0x000001497d09bbb0
Event: 41.515 Thread 0x000001497d09cf60 Thread exited: 0x000001497d09cf60
Event: 46.367 Thread 0x000001497dc64290 Thread exited: 0x000001497dc64290
Event: 47.348 Thread 0x000001497d09c240 Thread added: 0x000001497d09e9a0
Event: 47.616 Thread 0x000001497d09e9a0 Thread added: 0x000001497d09cf60
Event: 47.812 Thread 0x000001497c239c30 Thread added: 0x000001497f1c4c10
Event: 48.118 Thread 0x0000014961cd9ad0 Thread added: 0x000001497d09b520
Event: 48.125 Thread 0x0000014961cd9ad0 Thread added: 0x00000149455abfe0
Event: 48.126 Thread 0x0000014961cd9ad0 Thread added: 0x00000149455a9880
Event: 48.127 Thread 0x0000014961cd9ad0 Thread added: 0x00000149455aa5a0
Event: 48.129 Thread 0x0000014961cd9ad0 Thread added: 0x00000149455ab2c0
Event: 48.129 Thread 0x0000014961cd9ad0 Thread added: 0x00000149455ab950
Event: 48.130 Thread 0x0000014961cd9ad0 Thread added: 0x00000149455ac670
Event: 48.130 Thread 0x0000014961cd9ad0 Thread added: 0x00000149455a91f0
Event: 48.131 Thread 0x0000014961cd9ad0 Thread added: 0x00000149455ad390
Event: 48.307 Thread 0x0000014961cd9ad0 Thread added: 0x00000149455acd00


Dynamic libraries:
0x00007ff7039b0000 - 0x00007ff7039be000 	c:\Users\eduardo.rivera\.vscode\extensions\redhat.java-1.42.0-win32-x64\jre\21.0.7-win32-x86_64\bin\java.exe
0x00007fff431c0000 - 0x00007fff43425000 	C:\WINDOWS\SYSTEM32\ntdll.dll
0x00007fff41470000 - 0x00007fff41539000 	C:\WINDOWS\System32\KERNEL32.DLL
0x00007fff40970000 - 0x00007fff40d58000 	C:\WINDOWS\System32\KERNELBASE.dll
0x00007fff405d0000 - 0x00007fff4071b000 	C:\WINDOWS\System32\ucrtbase.dll
0x00007fff30b60000 - 0x00007fff30b78000 	c:\Users\eduardo.rivera\.vscode\extensions\redhat.java-1.42.0-win32-x64\jre\21.0.7-win32-x86_64\bin\jli.dll
0x00007fff41df0000 - 0x00007fff41fba000 	C:\WINDOWS\System32\USER32.dll
0x00007fff40720000 - 0x00007fff40747000 	C:\WINDOWS\System32\win32u.dll
0x00007fff42220000 - 0x00007fff4224b000 	C:\WINDOWS\System32\GDI32.dll
0x00007fff40e20000 - 0x00007fff40f57000 	C:\WINDOWS\System32\gdi32full.dll
0x00007fff40310000 - 0x00007fff403b3000 	C:\WINDOWS\System32\msvcp_win.dll
0x00007fff37680000 - 0x00007fff3769e000 	c:\Users\eduardo.rivera\.vscode\extensions\redhat.java-1.42.0-win32-x64\jre\21.0.7-win32-x86_64\bin\VCRUNTIME140.dll
0x00007fff220a0000 - 0x00007fff2233a000 	C:\WINDOWS\WinSxS\amd64_microsoft.windows.common-controls_6595b64144ccf1df_6.0.26100.4202_none_3e0698d4e335f517\COMCTL32.dll
0x00007fff411f0000 - 0x00007fff41299000 	C:\WINDOWS\System32\msvcrt.dll
0x00007fff41540000 - 0x00007fff41570000 	C:\WINDOWS\System32\IMM32.DLL
0x00007fff30890000 - 0x00007fff3089c000 	c:\Users\eduardo.rivera\.vscode\extensions\redhat.java-1.42.0-win32-x64\jre\21.0.7-win32-x86_64\bin\vcruntime140_1.dll
0x00007ffeb52a0000 - 0x00007ffeb532d000 	c:\Users\eduardo.rivera\.vscode\extensions\redhat.java-1.42.0-win32-x64\jre\21.0.7-win32-x86_64\bin\msvcp140.dll
0x00007ffe996f0000 - 0x00007ffe9a480000 	c:\Users\eduardo.rivera\.vscode\extensions\redhat.java-1.42.0-win32-x64\jre\21.0.7-win32-x86_64\bin\server\jvm.dll
0x00007fff412a0000 - 0x00007fff41353000 	C:\WINDOWS\System32\ADVAPI32.dll
0x00007fff41580000 - 0x00007fff41626000 	C:\WINDOWS\System32\sechost.dll
0x00007fff41670000 - 0x00007fff41785000 	C:\WINDOWS\System32\RPCRT4.dll
0x00007fff41070000 - 0x00007fff410e4000 	C:\WINDOWS\System32\WS2_32.dll
0x00007fff40180000 - 0x00007fff401de000 	C:\WINDOWS\SYSTEM32\POWRPROF.dll
0x00007fff24980000 - 0x00007fff249b5000 	C:\WINDOWS\SYSTEM32\WINMM.dll
0x00007fff30bf0000 - 0x00007fff30bfb000 	C:\WINDOWS\SYSTEM32\VERSION.dll
0x00007fff40160000 - 0x00007fff40174000 	C:\WINDOWS\SYSTEM32\UMPDC.dll
0x00007fff3f090000 - 0x00007fff3f0ab000 	C:\WINDOWS\SYSTEM32\kernel.appcore.dll
0x00007fff2fdf0000 - 0x00007fff2fdfa000 	c:\Users\eduardo.rivera\.vscode\extensions\redhat.java-1.42.0-win32-x64\jre\21.0.7-win32-x86_64\bin\jimage.dll
0x00007fff3b8b0000 - 0x00007fff3baf1000 	C:\WINDOWS\SYSTEM32\DBGHELP.DLL
0x00007fff41840000 - 0x00007fff41bc5000 	C:\WINDOWS\System32\combase.dll
0x00007fff429a0000 - 0x00007fff42a81000 	C:\WINDOWS\System32\OLEAUT32.dll
0x00007fff35020000 - 0x00007fff35059000 	C:\WINDOWS\SYSTEM32\dbgcore.DLL
0x00007fff40750000 - 0x00007fff407e9000 	C:\WINDOWS\System32\bcryptPrimitives.dll
0x00007fff296f0000 - 0x00007fff296ff000 	c:\Users\eduardo.rivera\.vscode\extensions\redhat.java-1.42.0-win32-x64\jre\21.0.7-win32-x86_64\bin\instrument.dll
0x00007fff21df0000 - 0x00007fff21e0f000 	c:\Users\eduardo.rivera\.vscode\extensions\redhat.java-1.42.0-win32-x64\jre\21.0.7-win32-x86_64\bin\java.dll
0x00007fff42250000 - 0x00007fff42992000 	C:\WINDOWS\System32\SHELL32.dll
0x00007fff403c0000 - 0x00007fff40534000 	C:\WINDOWS\System32\wintypes.dll
0x00007fff3de30000 - 0x00007fff3e688000 	C:\WINDOWS\SYSTEM32\windows.storage.dll
0x00007fff40f70000 - 0x00007fff41061000 	C:\WINDOWS\System32\SHCORE.dll
0x00007fff41fc0000 - 0x00007fff4202a000 	C:\WINDOWS\System32\shlwapi.dll
0x00007fff40220000 - 0x00007fff4024f000 	C:\WINDOWS\SYSTEM32\profapi.dll
0x00007fff13a50000 - 0x00007fff13a68000 	c:\Users\eduardo.rivera\.vscode\extensions\redhat.java-1.42.0-win32-x64\jre\21.0.7-win32-x86_64\bin\zip.dll
0x00007fff26b10000 - 0x00007fff26b20000 	C:\Users\eduardo.rivera\.vscode\extensions\redhat.java-1.42.0-win32-x64\jre\21.0.7-win32-x86_64\bin\net.dll
0x00007fff37b90000 - 0x00007fff37cae000 	C:\WINDOWS\SYSTEM32\WINHTTP.dll
0x00007fff3f5e0000 - 0x00007fff3f64a000 	C:\WINDOWS\system32\mswsock.dll
0x00007fff0baf0000 - 0x00007fff0bb06000 	C:\Users\eduardo.rivera\.vscode\extensions\redhat.java-1.42.0-win32-x64\jre\21.0.7-win32-x86_64\bin\nio.dll
0x00007fff25090000 - 0x00007fff250a0000 	c:\Users\eduardo.rivera\.vscode\extensions\redhat.java-1.42.0-win32-x64\jre\21.0.7-win32-x86_64\bin\verify.dll
0x00007ffe95690000 - 0x00007ffe956d5000 	C:\Users\eduardo.rivera\AppData\Roaming\Code\User\globalStorage\redhat.java\1.42.0\config_win\org.eclipse.equinox.launcher\org.eclipse.equinox.launcher.win32.win32.x86_64_1.2.1300.v20250331-1702\eclipse_11911.dll
0x00007fff41c40000 - 0x00007fff41dde000 	C:\WINDOWS\System32\ole32.dll
0x00007fff3f9c0000 - 0x00007fff3f9db000 	C:\WINDOWS\SYSTEM32\CRYPTSP.dll
0x00007fff3eff0000 - 0x00007fff3f02a000 	C:\WINDOWS\system32\rsaenh.dll
0x00007fff3f680000 - 0x00007fff3f6ab000 	C:\WINDOWS\SYSTEM32\USERENV.dll
0x00007fff401f0000 - 0x00007fff40216000 	C:\WINDOWS\SYSTEM32\bcrypt.dll
0x00007fff3f820000 - 0x00007fff3f82c000 	C:\WINDOWS\SYSTEM32\CRYPTBASE.dll
0x00007fff3e7e0000 - 0x00007fff3e813000 	C:\WINDOWS\SYSTEM32\IPHLPAPI.DLL
0x00007fff41660000 - 0x00007fff4166a000 	C:\WINDOWS\System32\NSI.dll
0x00007fff25230000 - 0x00007fff25279000 	C:\Users\eduardo.rivera\AppData\Local\Temp\jna-1048544273\jna2163349114369998853.dll
0x00007fff40f60000 - 0x00007fff40f68000 	C:\WINDOWS\System32\PSAPI.DLL
0x00007fff39660000 - 0x00007fff3967f000 	C:\WINDOWS\SYSTEM32\dhcpcsvc6.DLL
0x00007fff395d0000 - 0x00007fff395f5000 	C:\WINDOWS\SYSTEM32\dhcpcsvc.DLL
0x00007fff05250000 - 0x00007fff0525e000 	C:\Users\eduardo.rivera\.vscode\extensions\redhat.java-1.42.0-win32-x64\jre\21.0.7-win32-x86_64\bin\sunmscapi.dll
0x00007fff407f0000 - 0x00007fff40967000 	C:\WINDOWS\System32\CRYPT32.dll
0x00007fff3fb10000 - 0x00007fff3fb40000 	C:\WINDOWS\SYSTEM32\ncrypt.dll
0x00007fff3fac0000 - 0x00007fff3faff000 	C:\WINDOWS\SYSTEM32\NTASN1.dll
0x00007fff3e860000 - 0x00007fff3e987000 	C:\WINDOWS\SYSTEM32\DNSAPI.dll
0x00007fff307d0000 - 0x00007fff307db000 	C:\Windows\System32\rasadhlp.dll
0x00007fff39c50000 - 0x00007fff39cd6000 	C:\WINDOWS\System32\fwpuclnt.dll
0x00007fff05240000 - 0x00007fff05249000 	C:\Users\eduardo.rivera\.vscode\extensions\redhat.java-1.42.0-win32-x64\jre\21.0.7-win32-x86_64\bin\extnet.dll

dbghelp: loaded successfully - version: 4.0.5 - missing functions: none
symbol engine: initialized successfully - sym options: 0x614 - pdb path: .;c:\Users\eduardo.rivera\.vscode\extensions\redhat.java-1.42.0-win32-x64\jre\21.0.7-win32-x86_64\bin;C:\WINDOWS\SYSTEM32;C:\WINDOWS\WinSxS\amd64_microsoft.windows.common-controls_6595b64144ccf1df_6.0.26100.4202_none_3e0698d4e335f517;c:\Users\eduardo.rivera\.vscode\extensions\redhat.java-1.42.0-win32-x64\jre\21.0.7-win32-x86_64\bin\server;C:\Users\eduardo.rivera\AppData\Roaming\Code\User\globalStorage\redhat.java\1.42.0\config_win\org.eclipse.equinox.launcher\org.eclipse.equinox.launcher.win32.win32.x86_64_1.2.1300.v20250331-1702;C:\Users\eduardo.rivera\AppData\Local\Temp\jna-1048544273

VM Arguments:
jvm_args: --add-modules=ALL-SYSTEM --add-opens=java.base/java.util=ALL-UNNAMED --add-opens=java.base/java.lang=ALL-UNNAMED --add-opens=java.base/sun.nio.fs=ALL-UNNAMED -Declipse.application=org.eclipse.jdt.ls.core.id1 -Dosgi.bundles.defaultStartLevel=4 -Declipse.product=org.eclipse.jdt.ls.core.product -Djava.import.generatesMetadataFilesAtProjectRoot=false -DDetectVMInstallationsJob.disabled=true -Dfile.encoding=utf8 -XX:+UseParallelGC -XX:GCTimeRatio=4 -XX:AdaptiveSizePolicyWeight=90 -Dsun.zip.disableMemoryMapping=true -Xmx2G -Xms100m -Xlog:disable -javaagent:c:\Users\eduardo.rivera\.vscode\extensions\redhat.java-1.42.0-win32-x64\lombok\lombok-1.18.36.jar -XX:+HeapDumpOnOutOfMemoryError -XX:HeapDumpPath=c:\Users\eduardo.rivera\AppData\Roaming\Code\User\workspaceStorage\ce6d60d1df4040d12fec631fc9589e3a\redhat.java -Daether.dependencyCollector.impl=bf 
java_command: c:\Users\eduardo.rivera\.vscode\extensions\redhat.java-1.42.0-win32-x64\server\plugins\org.eclipse.equinox.launcher_1.7.0.v20250424-1814.jar -configuration c:\Users\eduardo.rivera\AppData\Roaming\Code\User\globalStorage\redhat.java\1.42.0\config_win -data c:\Users\eduardo.rivera\AppData\Roaming\Code\User\workspaceStorage\ce6d60d1df4040d12fec631fc9589e3a\redhat.java\jdt_ws --pipe=\\.\pipe\lsp-8b6dfce9e9e6e8303840c82626f9431f-sock
java_class_path (initial): c:\Users\eduardo.rivera\.vscode\extensions\redhat.java-1.42.0-win32-x64\server\plugins\org.eclipse.equinox.launcher_1.7.0.v20250424-1814.jar
Launcher Type: SUN_STANDARD

[Global flags]
    uintx AdaptiveSizePolicyWeight                 = 90                                        {product} {command line}
     intx CICompilerCount                          = 4                                         {product} {ergonomic}
    uintx GCTimeRatio                              = 4                                         {product} {command line}
     bool HeapDumpOnOutOfMemoryError               = true                                   {manageable} {command line}
    ccstr HeapDumpPath                             = c:\Users\eduardo.rivera\AppData\Roaming\Code\User\workspaceStorage\ce6d60d1df4040d12fec631fc9589e3a\redhat.java         {manageable} {command line}
   size_t InitialHeapSize                          = 104857600                                 {product} {command line}
   size_t MaxHeapSize                              = 2147483648                                {product} {command line}
   size_t MaxNewSize                               = 715653120                                 {product} {ergonomic}
   size_t MinHeapDeltaBytes                        = 524288                                    {product} {ergonomic}
   size_t MinHeapSize                              = 104857600                                 {product} {command line}
   size_t NewSize                                  = 34603008                                  {product} {ergonomic}
    uintx NonNMethodCodeHeapSize                   = 5839372                                {pd product} {ergonomic}
    uintx NonProfiledCodeHeapSize                  = 122909434                              {pd product} {ergonomic}
   size_t OldSize                                  = 70254592                                  {product} {ergonomic}
    uintx ProfiledCodeHeapSize                     = 122909434                              {pd product} {ergonomic}
    uintx ReservedCodeCacheSize                    = 251658240                              {pd product} {ergonomic}
     bool SegmentedCodeCache                       = true                                      {product} {ergonomic}
   size_t SoftMaxHeapSize                          = 2147483648                             {manageable} {ergonomic}
     bool UseCompressedOops                        = true                           {product lp64_product} {ergonomic}
     bool UseLargePagesIndividualAllocation        = false                                  {pd product} {ergonomic}
     bool UseParallelGC                            = true                                      {product} {command line}

Logging:
Log output configuration:
 #0: stdout all=off uptime,level,tags foldmultilines=false
 #1: stderr all=off uptime,level,tags foldmultilines=false

Environment Variables:
PATH=C:\ProgramData\Microsoft\Windows\Start Menu;C:\Program Files\Common Files\Oracle\Java\javapath;C:\Program Files (x86)\Common Files\Oracle\Java\java8path;C:\Program Files (x86)\Common Files\Oracle\Java\javapath;C:\WINDOWS\system32;C:\WINDOWS;C:\WINDOWS\System32\Wbem;C:\WINDOWS\System32\WindowsPowerShell\v1.0\;C:\WINDOWS\System32\OpenSSH\;C:\Program Files\PuTTY\;C:\Program Files\Java\jdk-21\bin;C:\Program Files\nodejs;C:\Program Files\Git\cmd;C:\Users\eduardo.rivera\Downloads\apache-maven-3.9.9-bin\apache-maven-3.9.9\bin;C:\Program Files\MySQL\MySQL Shell 8.0\bin\;C:\Users\eduardo.rivera\AppData\Local\Microsoft\WindowsApps;C:\Users\eduardo.rivera\AppData\Local\Programs\Microsoft VS Code\bin;C:\Program Files\JetBrains\IntelliJ IDEA 2024.3.5\bin;;C:\Program Files\JetBrains\IntelliJ IDEA Community Edition 2024.3.5\bin;;C:\Users\eduardo.rivera\AppData\Roaming\npm
USERNAME=eduardo.rivera
OS=Windows_NT
PROCESSOR_IDENTIFIER=Intel64 Family 6 Model 142 Stepping 12, GenuineIntel
TMP=C:\Users\EDUARD~1.RIV\AppData\Local\Temp
TEMP=C:\Users\EDUARD~1.RIV\AppData\Local\Temp




Periodic native trim disabled

---------------  S Y S T E M  ---------------

OS:
 Windows 11 , 64 bit Build 26100 (10.0.26100.4202)
OS uptime: 3 days 9:04 hours
Hyper-V role detected

CPU: total 8 (initial active 8) (4 cores per cpu, 2 threads per core) family 6 model 142 stepping 12 microcode 0xec, cx8, cmov, fxsr, ht, mmx, 3dnowpref, sse, sse2, sse3, ssse3, sse4.1, sse4.2, popcnt, lzcnt, tsc, tscinvbit, avx, avx2, aes, erms, clmul, bmi1, bmi2, adx, fma, vzeroupper, clflush, clflushopt, hv, rdtscp, f16c
Processor Information for the first 8 processors :
  Max Mhz: 1800, Current Mhz: 1600, Mhz Limit: 1584

Memory: 4k page, system-wide physical 12167M (383M free)
TotalPageFile size 40557M (AvailPageFile size 31M)
current process WorkingSet (physical memory assigned to process): 219M, peak: 219M
current process commit charge ("private bytes"): 337M, peak: 339M

vm_info: OpenJDK 64-Bit Server VM (21.0.7+6-LTS) for windows-amd64 JRE (21.0.7+6-LTS), built on 2025-04-15T00:00:00Z by "admin" with MS VC++ 17.7 (VS2022)

END.
