#
# There is insufficient memory for the Java Runtime Environment to continue.
# Native memory allocation (malloc) failed to allocate 1917296 bytes. Error detail: Chunk::new
# Possible reasons:
#   The system is out of physical RAM or swap space
#   This process is running with CompressedOops enabled, and the Java Heap may be blocking the growth of the native heap
# Possible solutions:
#   Reduce memory load on the system
#   Increase physical memory or swap space
#   Check if swap backing store is full
#   Decrease Java heap size (-Xmx/-Xms)
#   Decrease number of Java threads
#   Decrease Java thread stack sizes (-Xss)
#   Set larger code cache with -XX:ReservedCodeCacheSize=
#   JVM is running with Unscaled Compressed Oops mode in which the Java heap is
#     placed in the first 4GB address space. The Java Heap base address is the
#     maximum limit for the native heap growth. Please use -XX:HeapBaseMinAddress
#     to set the Java Heap base and to place the Java Heap above 4GB virtual address.
# This output file may be truncated or incomplete.
#
#  Out of Memory Error (arena.cpp:168), pid=35244, tid=28788
#
# JRE version: OpenJDK Runtime Environment Temurin-21.0.7+6 (21.0.7+6) (build 21.0.7+6-LTS)
# Java VM: OpenJDK 64-Bit Server VM Temurin-21.0.7+6 (21.0.7+6-LTS, mixed mode, sharing, tiered, compressed oops, compressed class ptrs, parallel gc, windows-amd64)
# No core dump will be written. Minidumps are not enabled by default on client versions of Windows
#

---------------  S U M M A R Y ------------

Command Line: --add-modules=ALL-SYSTEM --add-opens=java.base/java.util=ALL-UNNAMED --add-opens=java.base/java.lang=ALL-UNNAMED --add-opens=java.base/sun.nio.fs=ALL-UNNAMED -Declipse.application=org.eclipse.jdt.ls.core.id1 -Dosgi.bundles.defaultStartLevel=4 -Declipse.product=org.eclipse.jdt.ls.core.product -Djava.import.generatesMetadataFilesAtProjectRoot=false -DDetectVMInstallationsJob.disabled=true -Dfile.encoding=utf8 -XX:+UseParallelGC -XX:GCTimeRatio=4 -XX:AdaptiveSizePolicyWeight=90 -Dsun.zip.disableMemoryMapping=true -Xmx1G -Xms100m -Xlog:disable -javaagent:c:\Users\eduardo.rivera\.vscode\extensions\redhat.java-1.42.0-win32-x64\lombok\lombok-1.18.36.jar -XX:+HeapDumpOnOutOfMemoryError -XX:HeapDumpPath=c:\Users\eduardo.rivera\AppData\Roaming\Code\User\workspaceStorage\8cb6eac761252983b5182ede04741a48\redhat.java -Daether.dependencyCollector.impl=bf c:\Users\eduardo.rivera\.vscode\extensions\redhat.java-1.42.0-win32-x64\server\plugins\org.eclipse.equinox.launcher_1.7.0.v20250424-1814.jar -configuration c:\Users\eduardo.rivera\AppData\Roaming\Code\User\globalStorage\redhat.java\1.42.0\config_win -data c:\Users\eduardo.rivera\AppData\Roaming\Code\User\workspaceStorage\8cb6eac761252983b5182ede04741a48\redhat.java\jdt_ws --pipe=\\.\pipe\lsp-465b89a99dae1fae5989c9ae9b2473a6-sock

Host: Intel(R) Core(TM) i5-8265U CPU @ 1.60GHz, 8 cores, 11G,  Windows 11 , 64 bit Build 26100 (10.0.26100.4202)
Time: Sun Jun 15 19:53:11 2025 Hora est. Sudamérica Pacífico elapsed time: 69.051948 seconds (0d 0h 1m 9s)

---------------  T H R E A D  ---------------

Current thread (0x0000020bed134570):  JavaThread "C2 CompilerThread2" daemon [_thread_in_native, id=28788, stack(0x000000d83cc00000,0x000000d83cd00000) (1024K)]


Current CompileTask:
C2:69052 11742   !   4       org.eclipse.jdt.internal.core.search.indexing.BinaryIndexer::indexDocument (1168 bytes)

Stack: [0x000000d83cc00000,0x000000d83cd00000]
Native frames: (J=compiled Java code, j=interpreted, Vv=VM code, C=native code)
V  [jvm.dll+0x6ce119]
V  [jvm.dll+0x8a84a1]
V  [jvm.dll+0x8aa9ce]
V  [jvm.dll+0x8ab0b3]
V  [jvm.dll+0x27f8a6]
V  [jvm.dll+0xc507d]
V  [jvm.dll+0xc55b3]
V  [jvm.dll+0x3b68f2]
V  [jvm.dll+0x1e0029]
V  [jvm.dll+0x247c42]
V  [jvm.dll+0x2470cf]
V  [jvm.dll+0x1c760e]
V  [jvm.dll+0x25695a]
V  [jvm.dll+0x254efa]
V  [jvm.dll+0x3f03f6]
V  [jvm.dll+0x851f6b]
V  [jvm.dll+0x6cc7dd]
C  [ucrtbase.dll+0x37b0]
C  [KERNEL32.DLL+0x2e8d7]
C  [ntdll.dll+0x3c34c]


---------------  P R O C E S S  ---------------

Threads class SMR info:
_java_thread_list=0x0000020bf8ac8cb0, length=65, elements={
0x0000020bd0012220, 0x0000020bd00be480, 0x0000020be43bf070, 0x0000020be43c20d0,
0x0000020be43c4ee0, 0x0000020be43c60b0, 0x0000020be43c6840, 0x0000020be43ce4e0,
0x0000020be43dfc70, 0x0000020bea0d8970, 0x0000020bea344bf0, 0x0000020beab9e4c0,
0x0000020bea867e80, 0x0000020bea36a7b0, 0x0000020bea862a90, 0x0000020beb5237d0,
0x0000020beadaca10, 0x0000020beb34b7d0, 0x0000020beb349700, 0x0000020beb349d90,
0x0000020beb34a420, 0x0000020beb34be60, 0x0000020beb34c4f0, 0x0000020beb34aab0,
0x0000020beb34b140, 0x0000020beb349070, 0x0000020becc52080, 0x0000020becc519f0,
0x0000020becc52710, 0x0000020becc51360, 0x0000020becc50cd0, 0x0000020becc52da0,
0x0000020becc50640, 0x0000020becc4f920, 0x0000020becc4ffb0, 0x0000020becc54150,
0x0000020becc547e0, 0x0000020becc53430, 0x0000020becc568b0, 0x0000020becc53ac0,
0x0000020becc54e70, 0x0000020bea0e9030, 0x0000020bea0ebe20, 0x0000020bea0eb100,
0x0000020bea0ea3e0, 0x0000020bea0eaa70, 0x0000020bea0e9d50, 0x0000020bea0ec4b0,
0x0000020bea0eb790, 0x0000020bea0ecb40, 0x0000020bea0e96c0, 0x0000020bea0ef2a0,
0x0000020bea0ef930, 0x0000020bea0ed1d0, 0x0000020bea0effc0, 0x0000020bea0ed860,
0x0000020bea0eec10, 0x0000020bea0ee580, 0x0000020bea0f0650, 0x0000020bf897e3c0,
0x0000020bf897f0e0, 0x0000020bf897ea50, 0x0000020bf897f770, 0x0000020bed133ea0,
0x0000020bed134570
}

Java Threads: ( => current thread )
  0x0000020bd0012220 JavaThread "main"                              [_thread_blocked, id=51028, stack(0x000000d83cd00000,0x000000d83ce00000) (1024K)]
  0x0000020bd00be480 JavaThread "Reference Handler"          daemon [_thread_blocked, id=37184, stack(0x000000d83d100000,0x000000d83d200000) (1024K)]
  0x0000020be43bf070 JavaThread "Finalizer"                  daemon [_thread_blocked, id=25560, stack(0x000000d83d200000,0x000000d83d300000) (1024K)]
  0x0000020be43c20d0 JavaThread "Signal Dispatcher"          daemon [_thread_blocked, id=36736, stack(0x000000d83d300000,0x000000d83d400000) (1024K)]
  0x0000020be43c4ee0 JavaThread "Attach Listener"            daemon [_thread_blocked, id=39912, stack(0x000000d83d400000,0x000000d83d500000) (1024K)]
  0x0000020be43c60b0 JavaThread "Service Thread"             daemon [_thread_blocked, id=17512, stack(0x000000d83d500000,0x000000d83d600000) (1024K)]
  0x0000020be43c6840 JavaThread "Monitor Deflation Thread"   daemon [_thread_blocked, id=47112, stack(0x000000d83d600000,0x000000d83d700000) (1024K)]
  0x0000020be43ce4e0 JavaThread "C2 CompilerThread0"         daemon [_thread_blocked, id=48468, stack(0x000000d83d700000,0x000000d83d800000) (1024K)]
  0x0000020be43dfc70 JavaThread "C1 CompilerThread0"         daemon [_thread_blocked, id=27788, stack(0x000000d83d800000,0x000000d83d900000) (1024K)]
  0x0000020bea0d8970 JavaThread "Common-Cleaner"             daemon [_thread_blocked, id=51388, stack(0x000000d83d900000,0x000000d83da00000) (1024K)]
  0x0000020bea344bf0 JavaThread "Notification Thread"        daemon [_thread_blocked, id=38304, stack(0x000000d83da00000,0x000000d83db00000) (1024K)]
  0x0000020beab9e4c0 JavaThread "Active Thread: Equinox Container: 3aee575b-03bd-4171-b863-2bacd5a7fbe0"        [_thread_blocked, id=41560, stack(0x000000d83e300000,0x000000d83e400000) (1024K)]
  0x0000020bea867e80 JavaThread "Refresh Thread: Equinox Container: 3aee575b-03bd-4171-b863-2bacd5a7fbe0" daemon [_thread_blocked, id=1204, stack(0x000000d83e400000,0x000000d83e500000) (1024K)]
  0x0000020bea36a7b0 JavaThread "Framework Event Dispatcher: Equinox Container: 3aee575b-03bd-4171-b863-2bacd5a7fbe0" daemon [_thread_blocked, id=41708, stack(0x000000d83e600000,0x000000d83e700000) (1024K)]
  0x0000020bea862a90 JavaThread "Start Level: Equinox Container: 3aee575b-03bd-4171-b863-2bacd5a7fbe0" daemon [_thread_blocked, id=18388, stack(0x000000d83e700000,0x000000d83e800000) (1024K)]
  0x0000020beb5237d0 JavaThread "Bundle File Closer"         daemon [_thread_blocked, id=35960, stack(0x000000d83e800000,0x000000d83e900000) (1024K)]
  0x0000020beadaca10 JavaThread "SCR Component Actor"        daemon [_thread_blocked, id=44640, stack(0x000000d83dc00000,0x000000d83dd00000) (1024K)]
  0x0000020beb34b7d0 JavaThread "Worker-JM"                         [_thread_blocked, id=37112, stack(0x000000d83ea00000,0x000000d83eb00000) (1024K)]
  0x0000020beb349700 JavaThread "JNA Cleaner"                daemon [_thread_blocked, id=40296, stack(0x000000d83e900000,0x000000d83ea00000) (1024K)]
  0x0000020beb349d90 JavaThread "Worker-0"                          [_thread_blocked, id=20304, stack(0x000000d83eb00000,0x000000d83ec00000) (1024K)]
  0x0000020beb34a420 JavaThread "Worker-1"                          [_thread_blocked, id=38908, stack(0x000000d83ec00000,0x000000d83ed00000) (1024K)]
  0x0000020beb34be60 JavaThread "Worker-2"                          [_thread_blocked, id=36592, stack(0x000000d83ee00000,0x000000d83ef00000) (1024K)]
  0x0000020beb34c4f0 JavaThread "Java indexing"              daemon [_thread_in_Java, id=40864, stack(0x000000d83f000000,0x000000d83f100000) (1024K)]
  0x0000020beb34aab0 JavaThread "Worker-3: Initialize workspace"        [_thread_blocked, id=40832, stack(0x000000d83f100000,0x000000d83f200000) (1024K)]
  0x0000020beb34b140 JavaThread "Worker-4"                          [_thread_blocked, id=49008, stack(0x000000d83f400000,0x000000d83f500000) (1024K)]
  0x0000020beb349070 JavaThread "Worker-5"                          [_thread_blocked, id=13876, stack(0x000000d83f500000,0x000000d83f600000) (1024K)]
  0x0000020becc52080 JavaThread "Worker-6: Java indexing... "        [_thread_blocked, id=49288, stack(0x000000d83f600000,0x000000d83f700000) (1024K)]
  0x0000020becc519f0 JavaThread "Thread-2"                   daemon [_thread_in_native, id=44140, stack(0x000000d83f700000,0x000000d83f800000) (1024K)]
  0x0000020becc52710 JavaThread "Thread-3"                   daemon [_thread_in_native, id=37764, stack(0x000000d83f800000,0x000000d83f900000) (1024K)]
  0x0000020becc51360 JavaThread "Thread-4"                   daemon [_thread_in_native, id=5380, stack(0x000000d83f900000,0x000000d83fa00000) (1024K)]
  0x0000020becc50cd0 JavaThread "Thread-5"                   daemon [_thread_in_native, id=27048, stack(0x000000d83fa00000,0x000000d83fb00000) (1024K)]
  0x0000020becc52da0 JavaThread "Thread-6"                   daemon [_thread_in_native, id=50316, stack(0x000000d83fb00000,0x000000d83fc00000) (1024K)]
  0x0000020becc50640 JavaThread "Thread-7"                   daemon [_thread_in_native, id=3100, stack(0x000000d83fc00000,0x000000d83fd00000) (1024K)]
  0x0000020becc4f920 JavaThread "Thread-8"                   daemon [_thread_in_native, id=33004, stack(0x000000d83fd00000,0x000000d83fe00000) (1024K)]
  0x0000020becc4ffb0 JavaThread "Thread-9"                   daemon [_thread_in_native, id=29224, stack(0x000000d83fe00000,0x000000d83ff00000) (1024K)]
  0x0000020becc54150 JavaThread "Thread-10"                  daemon [_thread_in_native, id=1532, stack(0x000000d83ff00000,0x000000d840000000) (1024K)]
  0x0000020becc547e0 JavaThread "pool-2-thread-1"                   [_thread_blocked, id=14312, stack(0x000000d840000000,0x000000d840100000) (1024K)]
  0x0000020becc53430 JavaThread "Worker-7"                          [_thread_blocked, id=28112, stack(0x000000d840100000,0x000000d840200000) (1024K)]
  0x0000020becc568b0 JavaThread "Worker-8"                          [_thread_blocked, id=46704, stack(0x000000d840200000,0x000000d840300000) (1024K)]
  0x0000020becc53ac0 JavaThread "WorkspaceEventsHandler"            [_thread_blocked, id=23676, stack(0x000000d840300000,0x000000d840400000) (1024K)]
  0x0000020becc54e70 JavaThread "pool-1-thread-1"                   [_thread_blocked, id=40384, stack(0x000000d840400000,0x000000d840500000) (1024K)]
  0x0000020bea0e9030 JavaThread "LocalFile Deleter"          daemon [_thread_blocked, id=3560, stack(0x000000d83db00000,0x000000d83dc00000) (1024K)]
  0x0000020bea0ebe20 JavaThread "LocalFile Deleter"          daemon [_thread_blocked, id=37076, stack(0x000000d83ed00000,0x000000d83ee00000) (1024K)]
  0x0000020bea0eb100 JavaThread "LocalFile Deleter"          daemon [_thread_blocked, id=42872, stack(0x000000d83ef00000,0x000000d83f000000) (1024K)]
  0x0000020bea0ea3e0 JavaThread "LocalFile Deleter"          daemon [_thread_blocked, id=25888, stack(0x000000d840500000,0x000000d840600000) (1024K)]
  0x0000020bea0eaa70 JavaThread "LocalFile Deleter"          daemon [_thread_blocked, id=24264, stack(0x000000d840600000,0x000000d840700000) (1024K)]
  0x0000020bea0e9d50 JavaThread "LocalFile Deleter"          daemon [_thread_blocked, id=49852, stack(0x000000d840700000,0x000000d840800000) (1024K)]
  0x0000020bea0ec4b0 JavaThread "LocalFile Deleter"          daemon [_thread_blocked, id=42064, stack(0x000000d840800000,0x000000d840900000) (1024K)]
  0x0000020bea0eb790 JavaThread "LocalFile Deleter"          daemon [_thread_blocked, id=42684, stack(0x000000d840900000,0x000000d840a00000) (1024K)]
  0x0000020bea0ecb40 JavaThread "Compiler Source File Reader" daemon [_thread_blocked, id=41452, stack(0x000000d840c00000,0x000000d840d00000) (1024K)]
  0x0000020bea0e96c0 JavaThread "Compiler Source File Reader" daemon [_thread_blocked, id=38492, stack(0x000000d840d00000,0x000000d840e00000) (1024K)]
  0x0000020bea0ef2a0 JavaThread "Compiler Source File Reader" daemon [_thread_blocked, id=51924, stack(0x000000d840e00000,0x000000d840f00000) (1024K)]
  0x0000020bea0ef930 JavaThread "Compiler Source File Reader" daemon [_thread_blocked, id=43924, stack(0x000000d840f00000,0x000000d841000000) (1024K)]
  0x0000020bea0ed1d0 JavaThread "Compiler Source File Reader" daemon [_thread_blocked, id=37368, stack(0x000000d841000000,0x000000d841100000) (1024K)]
  0x0000020bea0effc0 JavaThread "Compiler Source File Reader" daemon [_thread_blocked, id=33832, stack(0x000000d841100000,0x000000d841200000) (1024K)]
  0x0000020bea0ed860 JavaThread "Compiler Processing Task"   daemon [_thread_blocked, id=34880, stack(0x000000d840b00000,0x000000d840c00000) (1024K)]
  0x0000020bea0eec10 JavaThread "Compiler Class File Writer" daemon [_thread_blocked, id=30456, stack(0x000000d841200000,0x000000d841300000) (1024K)]
  0x0000020bea0ee580 JavaThread "Compiler Class File Writer" daemon [_thread_blocked, id=2320, stack(0x000000d841300000,0x000000d841400000) (1024K)]
  0x0000020bea0f0650 JavaThread "Compiler Class File Writer" daemon [_thread_blocked, id=22676, stack(0x000000d841400000,0x000000d841500000) (1024K)]
  0x0000020bf897e3c0 JavaThread "Compiler Class File Writer" daemon [_thread_blocked, id=28604, stack(0x000000d841500000,0x000000d841600000) (1024K)]
  0x0000020bf897f0e0 JavaThread "Compiler Class File Writer" daemon [_thread_blocked, id=51072, stack(0x000000d841600000,0x000000d841700000) (1024K)]
  0x0000020bf897ea50 JavaThread "Compiler Class File Writer" daemon [_thread_blocked, id=7304, stack(0x000000d841700000,0x000000d841800000) (1024K)]
  0x0000020bf897f770 JavaThread "ForkJoinPool.commonPool-worker-1" daemon [_thread_blocked, id=12084, stack(0x000000d841800000,0x000000d841900000) (1024K)]
  0x0000020bed133ea0 JavaThread "C2 CompilerThread1"         daemon [_thread_blocked, id=38420, stack(0x000000d83cb00000,0x000000d83cc00000) (1024K)]
=>0x0000020bed134570 JavaThread "C2 CompilerThread2"         daemon [_thread_in_native, id=28788, stack(0x000000d83cc00000,0x000000d83cd00000) (1024K)]
Total: 65

Other Threads:
  0x0000020bcdd4ed60 VMThread "VM Thread"                           [id=42420, stack(0x000000d83d000000,0x000000d83d100000) (1024K)]
  0x0000020be42ccb20 WatcherThread "VM Periodic Task Thread"        [id=46612, stack(0x000000d83cf00000,0x000000d83d000000) (1024K)]
  0x0000020bcdd4f4a0 WorkerThread "GC Thread#0"                     [id=32972, stack(0x000000d83ce00000,0x000000d83cf00000) (1024K)]
  0x0000020bcdd4f100 WorkerThread "GC Thread#1"                     [id=34660, stack(0x000000d83dd00000,0x000000d83de00000) (1024K)]
  0x0000020bcdd4ff80 WorkerThread "GC Thread#2"                     [id=16824, stack(0x000000d83de00000,0x000000d83df00000) (1024K)]
  0x0000020bcdd50320 WorkerThread "GC Thread#3"                     [id=29912, stack(0x000000d83df00000,0x000000d83e000000) (1024K)]
  0x0000020bead28c30 WorkerThread "GC Thread#4"                     [id=21612, stack(0x000000d83e000000,0x000000d83e100000) (1024K)]
  0x0000020bead26b90 WorkerThread "GC Thread#5"                     [id=33760, stack(0x000000d83e100000,0x000000d83e200000) (1024K)]
  0x0000020bead28890 WorkerThread "GC Thread#6"                     [id=32284, stack(0x000000d83e200000,0x000000d83e300000) (1024K)]
  0x0000020bead28fd0 WorkerThread "GC Thread#7"                     [id=10416, stack(0x000000d83e500000,0x000000d83e600000) (1024K)]
Total: 10

Threads with active compile tasks:
C2 CompilerThread2  69105 11742   !   4       org.eclipse.jdt.internal.core.search.indexing.BinaryIndexer::indexDocument (1168 bytes)
Total: 1

VM state: not at safepoint (normal execution)

VM Mutex/Monitor currently owned by a thread: None

Heap address: 0x00000000c0000000, size: 1024 MB, Compressed Oops mode: 32-bit

CDS archive(s) mapped at: [0x0000020b80000000-0x0000020b80ba0000-0x0000020b80ba0000), size 12189696, SharedBaseAddress: 0x0000020b80000000, ArchiveRelocationMode: 1.
Compressed class space mapped at: 0x0000020b81000000-0x0000020bc1000000, reserved size: 1073741824
Narrow klass base: 0x0000020b80000000, Narrow klass shift: 0, Narrow klass range: 0x100000000

GC Precious Log:
 CardTable entry size: 512
 CPUs: 8 total, 8 available
 Memory: 12167M
 Large Page Support: Disabled
 NUMA Support: Disabled
 Compressed Oops: Enabled (32-bit)
 Alignments: Space 512K, Generation 512K, Heap 2M
 Heap Min Capacity: 100M
 Heap Initial Capacity: 100M
 Heap Max Capacity: 1G
 Pre-touch: Disabled
 Parallel Workers: 8

Heap:
 PSYoungGen      total 3584K, used 3260K [0x00000000eab00000, 0x00000000eaf80000, 0x0000000100000000)
  eden space 3072K, 94% used [0x00000000eab00000,0x00000000eadd7070,0x00000000eae00000)
  from space 512K, 68% used [0x00000000eaf00000,0x00000000eaf58000,0x00000000eaf80000)
  to   space 512K, 0% used [0x00000000eae80000,0x00000000eae80000,0x00000000eaf00000)
 ParOldGen       total 506368K, used 506235K [0x00000000c0000000, 0x00000000dee80000, 0x00000000eab00000)
  object space 506368K, 99% used [0x00000000c0000000,0x00000000dee5ee38,0x00000000dee80000)
 Metaspace       used 64272K, committed 65792K, reserved 1114112K
  class space    used 6660K, committed 7296K, reserved 1048576K

Card table byte_map: [0x0000020bcf9d0000,0x0000020bcfbe0000] _byte_map_base: 0x0000020bcf3d0000

Marking Bits: (ParMarkBitMap*) 0x00007ffedfbc31f0
 Begin Bits: [0x0000020be21f0000, 0x0000020be31f0000)
 End Bits:   [0x0000020be31f0000, 0x0000020be41f0000)

Polling page: 0x0000020bcf7c0000

Metaspace:

Usage:
  Non-class:     56.26 MB used.
      Class:      6.50 MB used.
       Both:     62.77 MB used.

Virtual space:
  Non-class space:       64.00 MB reserved,      57.12 MB ( 89%) committed,  1 nodes.
      Class space:        1.00 GB reserved,       7.12 MB ( <1%) committed,  1 nodes.
             Both:        1.06 GB reserved,      64.25 MB (  6%) committed. 

Chunk freelists:
   Non-Class:  6.12 MB
       Class:  8.81 MB
        Both:  14.94 MB

MaxMetaspaceSize: unlimited
CompressedClassSpaceSize: 1.00 GB
Initial GC threshold: 21.00 MB
Current GC threshold: 97.31 MB
CDS: on
 - commit_granule_bytes: 65536.
 - commit_granule_words: 8192.
 - virtual_space_node_default_size: 8388608.
 - enlarge_chunks_in_place: 1.
 - use_allocation_guard: 0.


Internal statistics:

num_allocs_failed_limit: 9.
num_arena_births: 1246.
num_arena_deaths: 14.
num_vsnodes_births: 2.
num_vsnodes_deaths: 0.
num_space_committed: 1028.
num_space_uncommitted: 0.
num_chunks_returned_to_freelist: 23.
num_chunks_taken_from_freelist: 4329.
num_chunk_merges: 15.
num_chunk_splits: 2637.
num_chunks_enlarged: 1435.
num_inconsistent_stats: 0.

CodeHeap 'non-profiled nmethods': size=120000Kb used=9099Kb max_used=9099Kb free=110900Kb
 bounds [0x0000020bdacc0000, 0x0000020bdb5b0000, 0x0000020be21f0000]
CodeHeap 'profiled nmethods': size=120000Kb used=24423Kb max_used=24423Kb free=95577Kb
 bounds [0x0000020bd31f0000, 0x0000020bd49d0000, 0x0000020bda720000]
CodeHeap 'non-nmethods': size=5760Kb used=1435Kb max_used=1513Kb free=4325Kb
 bounds [0x0000020bda720000, 0x0000020bda990000, 0x0000020bdacc0000]
 total_blobs=11697 nmethods=10948 adapters=655
 compilation: enabled
              stopped_count=0, restarted_count=0
 full_count=0

Compilation events (20 events):
Event: 67.173 Thread 0x0000020bed133ea0 nmethod 11743 0x0000020bdb597310 code [0x0000020bdb597500, 0x0000020bdb597c98]
Event: 67.173 Thread 0x0000020bed133ea0 11732   !   4       org.eclipse.jdt.internal.core.search.JavaSearchDocument::getByteContents (41 bytes)
Event: 67.173 Thread 0x0000020be43dfc70 11744       3       org.eclipse.jdt.internal.compiler.classfmt.FieldInfo::decodeTypeAnnotations (88 bytes)
Event: 67.174 Thread 0x0000020bed133ea0 nmethod 11732 0x0000020bdb598090 code [0x0000020bdb598220, 0x0000020bdb5982d0]
Event: 67.174 Thread 0x0000020bed133ea0 11733   !   4       org.eclipse.jdt.internal.core.search.indexing.BinaryIndexer::toUri (51 bytes)
Event: 67.174 Thread 0x0000020be43dfc70 nmethod 11744 0x0000020bd49c9110 code [0x0000020bd49c9300, 0x0000020bd49c9990]
Event: 67.195 Thread 0x0000020be43ce4e0 nmethod 11738 0x0000020bdb598390 code [0x0000020bdb598760, 0x0000020bdb59a778]
Event: 67.195 Thread 0x0000020be43ce4e0 11731       4       org.eclipse.jdt.internal.compiler.util.Util::scanTypeSignature (206 bytes)
Event: 67.202 Thread 0x0000020be43ce4e0 nmethod 11731 0x0000020bdb59bf90 code [0x0000020bdb59c1a0, 0x0000020bdb59c718]
Event: 67.204 Thread 0x0000020bed133ea0 nmethod 11733 0x0000020bdb59cb90 code [0x0000020bdb59cdc0, 0x0000020bdb59d868]
Event: 67.249 Thread 0x0000020bed133ea0 11745       4       org.eclipse.jdt.internal.compiler.classfmt.ClassFileReader::isAnonymous (30 bytes)
Event: 67.274 Thread 0x0000020bed133ea0 nmethod 11745 0x0000020bdb59e010 code [0x0000020bdb59e220, 0x0000020bdb59ee98]
Event: 67.279 Thread 0x0000020bed133ea0 11746   !   4       org.eclipse.jdt.internal.core.search.indexing.BinaryContainer::isValidPackageNameForClassOrisModule (158 bytes)
Event: 67.314 Thread 0x0000020bed133ea0 nmethod 11746 0x0000020bdb59f510 code [0x0000020bdb59f7c0, 0x0000020bdb5a0a30]
Event: 67.401 Thread 0x0000020bed133ea0 11747       4       org.eclipse.jdt.internal.core.search.JavaSearchDocument::<init> (21 bytes)
Event: 67.415 Thread 0x0000020bed133ea0 nmethod 11747 0x0000020bdb5a1510 code [0x0000020bdb5a1700, 0x0000020bdb5a1e50]
Event: 67.438 Thread 0x0000020bed133ea0 11748       4       org.eclipse.jdt.internal.compiler.classfmt.ClassFileStruct::i4At (69 bytes)
Event: 67.440 Thread 0x0000020bed133ea0 nmethod 11748 0x0000020bdb5a2790 code [0x0000020bdb5a2920, 0x0000020bdb5a2a58]
Event: 67.484 Thread 0x0000020bed133ea0 11749       4       org.eclipse.jdt.internal.compiler.classfmt.ClassFileReader::<init> (31 bytes)
Event: 67.485 Thread 0x0000020bed133ea0 nmethod 11749 0x0000020bdb5a2b90 code [0x0000020bdb5a2d20, 0x0000020bdb5a2e20]

GC Heap History (20 events):
Event: 67.810 GC heap after
{Heap after GC invocations=766 (full 3):
 PSYoungGen      total 3584K, used 384K [0x00000000eab00000, 0x00000000eaf00000, 0x0000000100000000)
  eden space 2560K, 0% used [0x00000000eab00000,0x00000000eab00000,0x00000000ead80000)
  from space 1024K, 37% used [0x00000000ead80000,0x00000000eade0000,0x00000000eae80000)
  to   space 512K, 0% used [0x00000000eae80000,0x00000000eae80000,0x00000000eaf00000)
 ParOldGen       total 501760K, used 501533K [0x00000000c0000000, 0x00000000dea00000, 0x00000000eab00000)
  object space 501760K, 99% used [0x00000000c0000000,0x00000000de9c7418,0x00000000dea00000)
 Metaspace       used 64272K, committed 65792K, reserved 1114112K
  class space    used 6660K, committed 7296K, reserved 1048576K
}
Event: 67.824 GC heap before
{Heap before GC invocations=767 (full 3):
 PSYoungGen      total 3584K, used 2944K [0x00000000eab00000, 0x00000000eaf00000, 0x0000000100000000)
  eden space 2560K, 100% used [0x00000000eab00000,0x00000000ead80000,0x00000000ead80000)
  from space 1024K, 37% used [0x00000000ead80000,0x00000000eade0000,0x00000000eae80000)
  to   space 512K, 0% used [0x00000000eae80000,0x00000000eae80000,0x00000000eaf00000)
 ParOldGen       total 501760K, used 501533K [0x00000000c0000000, 0x00000000dea00000, 0x00000000eab00000)
  object space 501760K, 99% used [0x00000000c0000000,0x00000000de9c7418,0x00000000dea00000)
 Metaspace       used 64272K, committed 65792K, reserved 1114112K
  class space    used 6660K, committed 7296K, reserved 1048576K
}
Event: 67.826 GC heap after
{Heap after GC invocations=767 (full 3):
 PSYoungGen      total 3072K, used 416K [0x00000000eab00000, 0x00000000eaf00000, 0x0000000100000000)
  eden space 2560K, 0% used [0x00000000eab00000,0x00000000eab00000,0x00000000ead80000)
  from space 512K, 81% used [0x00000000eae80000,0x00000000eaee8000,0x00000000eaf00000)
  to   space 512K, 0% used [0x00000000eae00000,0x00000000eae00000,0x00000000eae80000)
 ParOldGen       total 502272K, used 501861K [0x00000000c0000000, 0x00000000dea80000, 0x00000000eab00000)
  object space 502272K, 99% used [0x00000000c0000000,0x00000000dea19418,0x00000000dea80000)
 Metaspace       used 64272K, committed 65792K, reserved 1114112K
  class space    used 6660K, committed 7296K, reserved 1048576K
}
Event: 67.857 GC heap before
{Heap before GC invocations=768 (full 3):
 PSYoungGen      total 3072K, used 2976K [0x00000000eab00000, 0x00000000eaf00000, 0x0000000100000000)
  eden space 2560K, 100% used [0x00000000eab00000,0x00000000ead80000,0x00000000ead80000)
  from space 512K, 81% used [0x00000000eae80000,0x00000000eaee8000,0x00000000eaf00000)
  to   space 512K, 0% used [0x00000000eae00000,0x00000000eae00000,0x00000000eae80000)
 ParOldGen       total 502272K, used 501861K [0x00000000c0000000, 0x00000000dea80000, 0x00000000eab00000)
  object space 502272K, 99% used [0x00000000c0000000,0x00000000dea19418,0x00000000dea80000)
 Metaspace       used 64272K, committed 65792K, reserved 1114112K
  class space    used 6660K, committed 7296K, reserved 1048576K
}
Event: 67.859 GC heap after
{Heap after GC invocations=768 (full 3):
 PSYoungGen      total 3072K, used 416K [0x00000000eab00000, 0x00000000eaf00000, 0x0000000100000000)
  eden space 2560K, 0% used [0x00000000eab00000,0x00000000eab00000,0x00000000ead80000)
  from space 512K, 81% used [0x00000000eae00000,0x00000000eae68000,0x00000000eae80000)
  to   space 512K, 0% used [0x00000000eae80000,0x00000000eae80000,0x00000000eaf00000)
 ParOldGen       total 502272K, used 502205K [0x00000000c0000000, 0x00000000dea80000, 0x00000000eab00000)
  object space 502272K, 99% used [0x00000000c0000000,0x00000000dea6f418,0x00000000dea80000)
 Metaspace       used 64272K, committed 65792K, reserved 1114112K
  class space    used 6660K, committed 7296K, reserved 1048576K
}
Event: 67.893 GC heap before
{Heap before GC invocations=769 (full 3):
 PSYoungGen      total 3072K, used 2976K [0x00000000eab00000, 0x00000000eaf00000, 0x0000000100000000)
  eden space 2560K, 100% used [0x00000000eab00000,0x00000000ead80000,0x00000000ead80000)
  from space 512K, 81% used [0x00000000eae00000,0x00000000eae68000,0x00000000eae80000)
  to   space 512K, 0% used [0x00000000eae80000,0x00000000eae80000,0x00000000eaf00000)
 ParOldGen       total 502272K, used 502205K [0x00000000c0000000, 0x00000000dea80000, 0x00000000eab00000)
  object space 502272K, 99% used [0x00000000c0000000,0x00000000dea6f418,0x00000000dea80000)
 Metaspace       used 64272K, committed 65792K, reserved 1114112K
  class space    used 6660K, committed 7296K, reserved 1048576K
}
Event: 67.895 GC heap after
{Heap after GC invocations=769 (full 3):
 PSYoungGen      total 3072K, used 384K [0x00000000eab00000, 0x00000000eaf00000, 0x0000000100000000)
  eden space 2560K, 0% used [0x00000000eab00000,0x00000000eab00000,0x00000000ead80000)
  from space 512K, 75% used [0x00000000eae80000,0x00000000eaee0000,0x00000000eaf00000)
  to   space 512K, 0% used [0x00000000eae00000,0x00000000eae00000,0x00000000eae80000)
 ParOldGen       total 502784K, used 502533K [0x00000000c0000000, 0x00000000deb00000, 0x00000000eab00000)
  object space 502784K, 99% used [0x00000000c0000000,0x00000000deac1418,0x00000000deb00000)
 Metaspace       used 64272K, committed 65792K, reserved 1114112K
  class space    used 6660K, committed 7296K, reserved 1048576K
}
Event: 67.907 GC heap before
{Heap before GC invocations=770 (full 3):
 PSYoungGen      total 3072K, used 2944K [0x00000000eab00000, 0x00000000eaf00000, 0x0000000100000000)
  eden space 2560K, 100% used [0x00000000eab00000,0x00000000ead80000,0x00000000ead80000)
  from space 512K, 75% used [0x00000000eae80000,0x00000000eaee0000,0x00000000eaf00000)
  to   space 512K, 0% used [0x00000000eae00000,0x00000000eae00000,0x00000000eae80000)
 ParOldGen       total 502784K, used 502533K [0x00000000c0000000, 0x00000000deb00000, 0x00000000eab00000)
  object space 502784K, 99% used [0x00000000c0000000,0x00000000deac1418,0x00000000deb00000)
 Metaspace       used 64272K, committed 65792K, reserved 1114112K
  class space    used 6660K, committed 7296K, reserved 1048576K
}
Event: 67.909 GC heap after
{Heap after GC invocations=770 (full 3):
 PSYoungGen      total 3072K, used 480K [0x00000000eab00000, 0x00000000eaf00000, 0x0000000100000000)
  eden space 2560K, 0% used [0x00000000eab00000,0x00000000eab00000,0x00000000ead80000)
  from space 512K, 93% used [0x00000000eae00000,0x00000000eae78000,0x00000000eae80000)
  to   space 512K, 0% used [0x00000000eae80000,0x00000000eae80000,0x00000000eaf00000)
 ParOldGen       total 503296K, used 502877K [0x00000000c0000000, 0x00000000deb80000, 0x00000000eab00000)
  object space 503296K, 99% used [0x00000000c0000000,0x00000000deb17418,0x00000000deb80000)
 Metaspace       used 64272K, committed 65792K, reserved 1114112K
  class space    used 6660K, committed 7296K, reserved 1048576K
}
Event: 67.921 GC heap before
{Heap before GC invocations=771 (full 3):
 PSYoungGen      total 3072K, used 3040K [0x00000000eab00000, 0x00000000eaf00000, 0x0000000100000000)
  eden space 2560K, 100% used [0x00000000eab00000,0x00000000ead80000,0x00000000ead80000)
  from space 512K, 93% used [0x00000000eae00000,0x00000000eae78000,0x00000000eae80000)
  to   space 512K, 0% used [0x00000000eae80000,0x00000000eae80000,0x00000000eaf00000)
 ParOldGen       total 503296K, used 502877K [0x00000000c0000000, 0x00000000deb80000, 0x00000000eab00000)
  object space 503296K, 99% used [0x00000000c0000000,0x00000000deb17418,0x00000000deb80000)
 Metaspace       used 64272K, committed 65792K, reserved 1114112K
  class space    used 6660K, committed 7296K, reserved 1048576K
}
Event: 67.923 GC heap after
{Heap after GC invocations=771 (full 3):
 PSYoungGen      total 3072K, used 448K [0x00000000eab00000, 0x00000000eaf00000, 0x0000000100000000)
  eden space 2560K, 0% used [0x00000000eab00000,0x00000000eab00000,0x00000000ead80000)
  from space 512K, 87% used [0x00000000eae80000,0x00000000eaef0000,0x00000000eaf00000)
  to   space 512K, 0% used [0x00000000eae00000,0x00000000eae00000,0x00000000eae80000)
 ParOldGen       total 503296K, used 503253K [0x00000000c0000000, 0x00000000deb80000, 0x00000000eab00000)
  object space 503296K, 99% used [0x00000000c0000000,0x00000000deb75418,0x00000000deb80000)
 Metaspace       used 64272K, committed 65792K, reserved 1114112K
  class space    used 6660K, committed 7296K, reserved 1048576K
}
Event: 67.937 GC heap before
{Heap before GC invocations=772 (full 3):
 PSYoungGen      total 3072K, used 3008K [0x00000000eab00000, 0x00000000eaf00000, 0x0000000100000000)
  eden space 2560K, 100% used [0x00000000eab00000,0x00000000ead80000,0x00000000ead80000)
  from space 512K, 87% used [0x00000000eae80000,0x00000000eaef0000,0x00000000eaf00000)
  to   space 512K, 0% used [0x00000000eae00000,0x00000000eae00000,0x00000000eae80000)
 ParOldGen       total 503296K, used 503253K [0x00000000c0000000, 0x00000000deb80000, 0x00000000eab00000)
  object space 503296K, 99% used [0x00000000c0000000,0x00000000deb75418,0x00000000deb80000)
 Metaspace       used 64272K, committed 65792K, reserved 1114112K
  class space    used 6660K, committed 7296K, reserved 1048576K
}
Event: 67.939 GC heap after
{Heap after GC invocations=772 (full 3):
 PSYoungGen      total 3072K, used 480K [0x00000000eab00000, 0x00000000eaf00000, 0x0000000100000000)
  eden space 2560K, 0% used [0x00000000eab00000,0x00000000eab00000,0x00000000ead80000)
  from space 512K, 93% used [0x00000000eae00000,0x00000000eae78000,0x00000000eae80000)
  to   space 512K, 0% used [0x00000000eae80000,0x00000000eae80000,0x00000000eaf00000)
 ParOldGen       total 503808K, used 503629K [0x00000000c0000000, 0x00000000dec00000, 0x00000000eab00000)
  object space 503808K, 99% used [0x00000000c0000000,0x00000000debd3418,0x00000000dec00000)
 Metaspace       used 64272K, committed 65792K, reserved 1114112K
  class space    used 6660K, committed 7296K, reserved 1048576K
}
Event: 67.951 GC heap before
{Heap before GC invocations=773 (full 3):
 PSYoungGen      total 3072K, used 3040K [0x00000000eab00000, 0x00000000eaf00000, 0x0000000100000000)
  eden space 2560K, 100% used [0x00000000eab00000,0x00000000ead80000,0x00000000ead80000)
  from space 512K, 93% used [0x00000000eae00000,0x00000000eae78000,0x00000000eae80000)
  to   space 512K, 0% used [0x00000000eae80000,0x00000000eae80000,0x00000000eaf00000)
 ParOldGen       total 503808K, used 503629K [0x00000000c0000000, 0x00000000dec00000, 0x00000000eab00000)
  object space 503808K, 99% used [0x00000000c0000000,0x00000000debd3418,0x00000000dec00000)
 Metaspace       used 64272K, committed 65792K, reserved 1114112K
  class space    used 6660K, committed 7296K, reserved 1048576K
}
Event: 67.953 GC heap after
{Heap after GC invocations=773 (full 3):
 PSYoungGen      total 3072K, used 478K [0x00000000eab00000, 0x00000000eaf00000, 0x0000000100000000)
  eden space 2560K, 0% used [0x00000000eab00000,0x00000000eab00000,0x00000000ead80000)
  from space 512K, 93% used [0x00000000eae80000,0x00000000eaef7998,0x00000000eaf00000)
  to   space 512K, 0% used [0x00000000eae00000,0x00000000eae00000,0x00000000eae80000)
 ParOldGen       total 504320K, used 503973K [0x00000000c0000000, 0x00000000dec80000, 0x00000000eab00000)
  object space 504320K, 99% used [0x00000000c0000000,0x00000000dec29418,0x00000000dec80000)
 Metaspace       used 64272K, committed 65792K, reserved 1114112K
  class space    used 6660K, committed 7296K, reserved 1048576K
}
Event: 67.965 GC heap before
{Heap before GC invocations=774 (full 3):
 PSYoungGen      total 3072K, used 3036K [0x00000000eab00000, 0x00000000eaf00000, 0x0000000100000000)
  eden space 2560K, 99% used [0x00000000eab00000,0x00000000ead7fa58,0x00000000ead80000)
  from space 512K, 93% used [0x00000000eae80000,0x00000000eaef7998,0x00000000eaf00000)
  to   space 512K, 0% used [0x00000000eae00000,0x00000000eae00000,0x00000000eae80000)
 ParOldGen       total 504320K, used 503973K [0x00000000c0000000, 0x00000000dec80000, 0x00000000eab00000)
  object space 504320K, 99% used [0x00000000c0000000,0x00000000dec29418,0x00000000dec80000)
 Metaspace       used 64272K, committed 65792K, reserved 1114112K
  class space    used 6660K, committed 7296K, reserved 1048576K
}
Event: 67.967 GC heap after
{Heap after GC invocations=774 (full 3):
 PSYoungGen      total 3072K, used 448K [0x00000000eab00000, 0x00000000eaf00000, 0x0000000100000000)
  eden space 2560K, 0% used [0x00000000eab00000,0x00000000eab00000,0x00000000ead80000)
  from space 512K, 87% used [0x00000000eae00000,0x00000000eae70020,0x00000000eae80000)
  to   space 512K, 0% used [0x00000000eae80000,0x00000000eae80000,0x00000000eaf00000)
 ParOldGen       total 504832K, used 504341K [0x00000000c0000000, 0x00000000ded00000, 0x00000000eab00000)
  object space 504832K, 99% used [0x00000000c0000000,0x00000000dec85418,0x00000000ded00000)
 Metaspace       used 64272K, committed 65792K, reserved 1114112K
  class space    used 6660K, committed 7296K, reserved 1048576K
}
Event: 67.982 GC heap before
{Heap before GC invocations=775 (full 3):
 PSYoungGen      total 3072K, used 3008K [0x00000000eab00000, 0x00000000eaf00000, 0x0000000100000000)
  eden space 2560K, 100% used [0x00000000eab00000,0x00000000ead80000,0x00000000ead80000)
  from space 512K, 87% used [0x00000000eae00000,0x00000000eae70020,0x00000000eae80000)
  to   space 512K, 0% used [0x00000000eae80000,0x00000000eae80000,0x00000000eaf00000)
 ParOldGen       total 504832K, used 504341K [0x00000000c0000000, 0x00000000ded00000, 0x00000000eab00000)
  object space 504832K, 99% used [0x00000000c0000000,0x00000000dec85418,0x00000000ded00000)
 Metaspace       used 64272K, committed 65792K, reserved 1114112K
  class space    used 6660K, committed 7296K, reserved 1048576K
}
Event: 67.985 GC heap after
{Heap after GC invocations=775 (full 3):
 PSYoungGen      total 3072K, used 502K [0x00000000eab00000, 0x00000000eaf00000, 0x0000000100000000)
  eden space 2560K, 0% used [0x00000000eab00000,0x00000000eab00000,0x00000000ead80000)
  from space 512K, 98% used [0x00000000eae80000,0x00000000eaefd9a0,0x00000000eaf00000)
  to   space 512K, 0% used [0x00000000eae00000,0x00000000eae00000,0x00000000eae80000)
 ParOldGen       total 504832K, used 504637K [0x00000000c0000000, 0x00000000ded00000, 0x00000000eab00000)
  object space 504832K, 99% used [0x00000000c0000000,0x00000000deccf418,0x00000000ded00000)
 Metaspace       used 64272K, committed 65792K, reserved 1114112K
  class space    used 6660K, committed 7296K, reserved 1048576K
}
Event: 67.997 GC heap before
{Heap before GC invocations=776 (full 3):
 PSYoungGen      total 3072K, used 3062K [0x00000000eab00000, 0x00000000eaf00000, 0x0000000100000000)
  eden space 2560K, 100% used [0x00000000eab00000,0x00000000ead80000,0x00000000ead80000)
  from space 512K, 98% used [0x00000000eae80000,0x00000000eaefd9a0,0x00000000eaf00000)
  to   space 512K, 0% used [0x00000000eae00000,0x00000000eae00000,0x00000000eae80000)
 ParOldGen       total 504832K, used 504637K [0x00000000c0000000, 0x00000000ded00000, 0x00000000eab00000)
  object space 504832K, 99% used [0x00000000c0000000,0x00000000deccf418,0x00000000ded00000)
 Metaspace       used 64272K, committed 65792K, reserved 1114112K
  class space    used 6660K, committed 7296K, reserved 1048576K
}

Dll operation events (10 events):
Event: 0.028 Loaded shared library c:\Users\eduardo.rivera\.vscode\extensions\redhat.java-1.42.0-win32-x64\jre\21.0.7-win32-x86_64\bin\java.dll
Event: 0.178 Loaded shared library c:\Users\eduardo.rivera\.vscode\extensions\redhat.java-1.42.0-win32-x64\jre\21.0.7-win32-x86_64\bin\zip.dll
Event: 0.210 Loaded shared library C:\Users\eduardo.rivera\.vscode\extensions\redhat.java-1.42.0-win32-x64\jre\21.0.7-win32-x86_64\bin\instrument.dll
Event: 0.217 Loaded shared library C:\Users\eduardo.rivera\.vscode\extensions\redhat.java-1.42.0-win32-x64\jre\21.0.7-win32-x86_64\bin\net.dll
Event: 0.220 Loaded shared library C:\Users\eduardo.rivera\.vscode\extensions\redhat.java-1.42.0-win32-x64\jre\21.0.7-win32-x86_64\bin\nio.dll
Event: 0.225 Loaded shared library C:\Users\eduardo.rivera\.vscode\extensions\redhat.java-1.42.0-win32-x64\jre\21.0.7-win32-x86_64\bin\zip.dll
Event: 0.262 Loaded shared library C:\Users\eduardo.rivera\.vscode\extensions\redhat.java-1.42.0-win32-x64\jre\21.0.7-win32-x86_64\bin\jimage.dll
Event: 0.412 Loaded shared library c:\Users\eduardo.rivera\.vscode\extensions\redhat.java-1.42.0-win32-x64\jre\21.0.7-win32-x86_64\bin\verify.dll
Event: 2.448 Loaded shared library C:\Users\eduardo.rivera\AppData\Roaming\Code\User\globalStorage\redhat.java\1.42.0\config_win\org.eclipse.equinox.launcher\org.eclipse.equinox.launcher.win32.win32.x86_64_1.2.1300.v20250331-1702\eclipse_11911.dll
Event: 5.646 Loaded shared library C:\Users\eduardo.rivera\AppData\Local\Temp\jna-1048544273\jna756985497563301315.dll

Deoptimization events (20 events):
Event: 61.104 Thread 0x0000020beb34c4f0 Uncommon trap: trap_request=0xffffffc6 fr.pc=0x0000020bdb511738 relative=0x0000000000006bd8
Event: 61.104 Thread 0x0000020beb34c4f0 Uncommon trap: reason=bimorphic_or_optimized_type_check action=maybe_recompile pc=0x0000020bdb511738 method=org.eclipse.jdt.internal.core.search.indexing.BinaryIndexer.indexDocument()V @ 995 c2
Event: 61.104 Thread 0x0000020beb34c4f0 DEOPT PACKING pc=0x0000020bdb511738 sp=0x000000d83f0ff110
Event: 61.104 Thread 0x0000020beb34c4f0 DEOPT UNPACKING pc=0x0000020bda773aa2 sp=0x000000d83f0ff090 mode 2
Event: 61.124 Thread 0x0000020beb34c4f0 Uncommon trap: trap_request=0xffffffec fr.pc=0x0000020bdb1e7a10 relative=0x0000000000001a90
Event: 61.124 Thread 0x0000020beb34c4f0 Uncommon trap: reason=null_assert_or_unreached0 action=make_not_entrant pc=0x0000020bdb1e7a10 method=org.eclipse.jdt.internal.compiler.classfmt.MethodInfo.createMethod([B[IIJ)Lorg/eclipse/jdt/internal/compiler/classfmt/MethodInfo; @ 324 c2
Event: 61.124 Thread 0x0000020beb34c4f0 DEOPT PACKING pc=0x0000020bdb1e7a10 sp=0x000000d83f0fef70
Event: 61.124 Thread 0x0000020beb34c4f0 DEOPT UNPACKING pc=0x0000020bda773aa2 sp=0x000000d83f0feee0 mode 2
Event: 61.127 Thread 0x0000020beb34c4f0 Uncommon trap: trap_request=0xffffffc6 fr.pc=0x0000020bdb511738 relative=0x0000000000006bd8
Event: 61.127 Thread 0x0000020beb34c4f0 Uncommon trap: reason=bimorphic_or_optimized_type_check action=maybe_recompile pc=0x0000020bdb511738 method=org.eclipse.jdt.internal.core.search.indexing.BinaryIndexer.indexDocument()V @ 995 c2
Event: 61.127 Thread 0x0000020beb34c4f0 DEOPT PACKING pc=0x0000020bdb511738 sp=0x000000d83f0ff110
Event: 61.127 Thread 0x0000020beb34c4f0 DEOPT UNPACKING pc=0x0000020bda773aa2 sp=0x000000d83f0ff090 mode 2
Event: 61.138 Thread 0x0000020beb34c4f0 Uncommon trap: trap_request=0xffffffc6 fr.pc=0x0000020bdb511738 relative=0x0000000000006bd8
Event: 61.138 Thread 0x0000020beb34c4f0 Uncommon trap: reason=bimorphic_or_optimized_type_check action=maybe_recompile pc=0x0000020bdb511738 method=org.eclipse.jdt.internal.core.search.indexing.BinaryIndexer.indexDocument()V @ 995 c2
Event: 61.138 Thread 0x0000020beb34c4f0 DEOPT PACKING pc=0x0000020bdb511738 sp=0x000000d83f0ff110
Event: 61.138 Thread 0x0000020beb34c4f0 DEOPT UNPACKING pc=0x0000020bda773aa2 sp=0x000000d83f0ff090 mode 2
Event: 66.677 Thread 0x0000020beb34c4f0 Uncommon trap: trap_request=0xffffffc6 fr.pc=0x0000020bdb511738 relative=0x0000000000006bd8
Event: 66.677 Thread 0x0000020beb34c4f0 Uncommon trap: reason=bimorphic_or_optimized_type_check action=maybe_recompile pc=0x0000020bdb511738 method=org.eclipse.jdt.internal.core.search.indexing.BinaryIndexer.indexDocument()V @ 995 c2
Event: 66.677 Thread 0x0000020beb34c4f0 DEOPT PACKING pc=0x0000020bdb511738 sp=0x000000d83f0ff130
Event: 66.677 Thread 0x0000020beb34c4f0 DEOPT UNPACKING pc=0x0000020bda773aa2 sp=0x000000d83f0ff0b0 mode 2

Classes loaded (20 events):
Event: 26.635 Loading class java/nio/file/PathMatcher done
Event: 26.635 Loading class sun/nio/fs/WindowsFileSystem$2 done
Event: 26.737 Loading class java/util/Collections$SynchronizedRandomAccessList
Event: 26.737 Loading class java/util/Collections$SynchronizedList
Event: 26.738 Loading class java/util/Collections$SynchronizedList done
Event: 26.738 Loading class java/util/Collections$SynchronizedRandomAccessList done
Event: 26.743 Loading class java/util/concurrent/CompletableFuture$Signaller
Event: 26.743 Loading class java/util/concurrent/CompletableFuture$Signaller done
Event: 27.064 Loading class java/nio/charset/CharacterCodingException
Event: 27.064 Loading class java/nio/charset/CharacterCodingException done
Event: 27.064 Loading class java/io/SequenceInputStream
Event: 27.064 Loading class java/io/SequenceInputStream done
Event: 32.169 Loading class sun/nio/cs/ISO_8859_1$Encoder
Event: 32.169 Loading class sun/nio/cs/ISO_8859_1$Encoder done
Event: 32.169 Loading class sun/nio/cs/Surrogate$Parser
Event: 32.169 Loading class sun/nio/cs/Surrogate$Parser done
Event: 32.169 Loading class sun/nio/cs/Surrogate
Event: 32.170 Loading class sun/nio/cs/Surrogate done
Event: 44.456 Loading class sun/nio/fs/WindowsFileCopy
Event: 44.813 Loading class sun/nio/fs/WindowsFileCopy done

Classes unloaded (7 events):
Event: 6.786 Thread 0x0000020bcdd4ed60 Unloading class 0x0000020b811a0c00 'java/lang/invoke/LambdaForm$MH+0x0000020b811a0c00'
Event: 6.786 Thread 0x0000020bcdd4ed60 Unloading class 0x0000020b811a0800 'java/lang/invoke/LambdaForm$MH+0x0000020b811a0800'
Event: 6.786 Thread 0x0000020bcdd4ed60 Unloading class 0x0000020b811a0400 'java/lang/invoke/LambdaForm$MH+0x0000020b811a0400'
Event: 6.786 Thread 0x0000020bcdd4ed60 Unloading class 0x0000020b811a0000 'java/lang/invoke/LambdaForm$MH+0x0000020b811a0000'
Event: 6.786 Thread 0x0000020bcdd4ed60 Unloading class 0x0000020b8119fc00 'java/lang/invoke/LambdaForm$BMH+0x0000020b8119fc00'
Event: 6.786 Thread 0x0000020bcdd4ed60 Unloading class 0x0000020b8119f800 'java/lang/invoke/LambdaForm$DMH+0x0000020b8119f800'
Event: 6.786 Thread 0x0000020bcdd4ed60 Unloading class 0x0000020b8119e400 'java/lang/invoke/LambdaForm$DMH+0x0000020b8119e400'

Classes redefined (0 events):
No events

Internal exceptions (20 events):
Event: 28.822 Thread 0x0000020beb34a420 Implicit null exception at 0x0000020bdb3f9809 to 0x0000020bdb3f98f4
Event: 28.833 Thread 0x0000020beb34a420 Implicit null exception at 0x0000020bdb3edec9 to 0x0000020bdb3eeb4c
Event: 28.857 Thread 0x0000020beb34a420 Implicit null exception at 0x0000020bdaf5eaa9 to 0x0000020bdaf5f0b4
Event: 28.857 Thread 0x0000020beb34a420 Implicit null exception at 0x0000020bdb3ecd20 to 0x0000020bdb3ed2fc
Event: 44.813 Thread 0x0000020beb34c4f0 Exception <a 'sun/nio/fs/WindowsException'{0x00000000eab1e4c0}> (0x00000000eab1e4c0) 
thrown [s\src\hotspot\share\prims\jni.cpp, line 520]
Event: 46.270 Thread 0x0000020beb34c4f0 Exception <a 'sun/nio/fs/WindowsException'{0x00000000eab4d520}> (0x00000000eab4d520) 
thrown [s\src\hotspot\share\prims\jni.cpp, line 520]
Event: 46.282 Thread 0x0000020beb34c4f0 Exception <a 'sun/nio/fs/WindowsException'{0x00000000eab661a0}> (0x00000000eab661a0) 
thrown [s\src\hotspot\share\prims\jni.cpp, line 520]
Event: 57.479 Thread 0x0000020beb34c4f0 Exception <a 'sun/nio/fs/WindowsException'{0x00000000eab2ff68}> (0x00000000eab2ff68) 
thrown [s\src\hotspot\share\prims\jni.cpp, line 520]
Event: 58.966 Thread 0x0000020beb34c4f0 Exception <a 'sun/nio/fs/WindowsException'{0x00000000eac4f080}> (0x00000000eac4f080) 
thrown [s\src\hotspot\share\prims\jni.cpp, line 520]
Event: 59.012 Thread 0x0000020beb34c4f0 Exception <a 'sun/nio/fs/WindowsException'{0x00000000eac60710}> (0x00000000eac60710) 
thrown [s\src\hotspot\share\prims\jni.cpp, line 520]
Event: 59.307 Thread 0x0000020beb34c4f0 Exception <a 'sun/nio/fs/WindowsException'{0x00000000eabc6b70}> (0x00000000eabc6b70) 
thrown [s\src\hotspot\share\prims\jni.cpp, line 520]
Event: 59.691 Thread 0x0000020beb34c4f0 Exception <a 'sun/nio/fs/WindowsException'{0x00000000eacbd578}> (0x00000000eacbd578) 
thrown [s\src\hotspot\share\prims\jni.cpp, line 520]
Event: 59.803 Thread 0x0000020beb34c4f0 Exception <a 'sun/nio/fs/WindowsException'{0x00000000ead60e38}> (0x00000000ead60e38) 
thrown [s\src\hotspot\share\prims\jni.cpp, line 520]
Event: 63.864 Thread 0x0000020beb34c4f0 Exception <a 'sun/nio/fs/WindowsException'{0x00000000eab7c228}> (0x00000000eab7c228) 
thrown [s\src\hotspot\share\prims\jni.cpp, line 520]
Event: 63.891 Thread 0x0000020beb34c4f0 Exception <a 'sun/nio/fs/WindowsException'{0x00000000eabac340}> (0x00000000eabac340) 
thrown [s\src\hotspot\share\prims\jni.cpp, line 520]
Event: 63.944 Thread 0x0000020beb34c4f0 Exception <a 'sun/nio/fs/WindowsException'{0x00000000eac48640}> (0x00000000eac48640) 
thrown [s\src\hotspot\share\prims\jni.cpp, line 520]
Event: 64.096 Thread 0x0000020beb34c4f0 Exception <a 'sun/nio/fs/WindowsException'{0x00000000ead55050}> (0x00000000ead55050) 
thrown [s\src\hotspot\share\prims\jni.cpp, line 520]
Event: 64.115 Thread 0x0000020beb34c4f0 Exception <a 'sun/nio/fs/WindowsException'{0x00000000ead6df58}> (0x00000000ead6df58) 
thrown [s\src\hotspot\share\prims\jni.cpp, line 520]
Event: 64.238 Thread 0x0000020beb34c4f0 Exception <a 'sun/nio/fs/WindowsException'{0x00000000eabca088}> (0x00000000eabca088) 
thrown [s\src\hotspot\share\prims\jni.cpp, line 520]
Event: 65.987 Thread 0x0000020beb34c4f0 Exception <a 'sun/nio/fs/WindowsException'{0x00000000eacf4d08}> (0x00000000eacf4d08) 
thrown [s\src\hotspot\share\prims\jni.cpp, line 520]

ZGC Phase Switch (0 events):
No events

VM Operations (20 events):
Event: 67.810 Executing VM operation: ParallelGCFailedAllocation (Allocation Failure) done
Event: 67.824 Executing VM operation: ParallelGCFailedAllocation (Allocation Failure)
Event: 67.826 Executing VM operation: ParallelGCFailedAllocation (Allocation Failure) done
Event: 67.857 Executing VM operation: ParallelGCFailedAllocation (Allocation Failure)
Event: 67.859 Executing VM operation: ParallelGCFailedAllocation (Allocation Failure) done
Event: 67.893 Executing VM operation: ParallelGCFailedAllocation (Allocation Failure)
Event: 67.895 Executing VM operation: ParallelGCFailedAllocation (Allocation Failure) done
Event: 67.907 Executing VM operation: ParallelGCFailedAllocation (Allocation Failure)
Event: 67.909 Executing VM operation: ParallelGCFailedAllocation (Allocation Failure) done
Event: 67.921 Executing VM operation: ParallelGCFailedAllocation (Allocation Failure)
Event: 67.923 Executing VM operation: ParallelGCFailedAllocation (Allocation Failure) done
Event: 67.937 Executing VM operation: ParallelGCFailedAllocation (Allocation Failure)
Event: 67.939 Executing VM operation: ParallelGCFailedAllocation (Allocation Failure) done
Event: 67.951 Executing VM operation: ParallelGCFailedAllocation (Allocation Failure)
Event: 67.953 Executing VM operation: ParallelGCFailedAllocation (Allocation Failure) done
Event: 67.965 Executing VM operation: ParallelGCFailedAllocation (Allocation Failure)
Event: 67.967 Executing VM operation: ParallelGCFailedAllocation (Allocation Failure) done
Event: 67.982 Executing VM operation: ParallelGCFailedAllocation (Allocation Failure)
Event: 67.985 Executing VM operation: ParallelGCFailedAllocation (Allocation Failure) done
Event: 67.997 Executing VM operation: ParallelGCFailedAllocation (Allocation Failure)

Memory protections (0 events):
No events

Nmethod flushes (20 events):
Event: 22.957 Thread 0x0000020bcdd4ed60 flushing  nmethod 0x0000020bd3a75510
Event: 22.957 Thread 0x0000020bcdd4ed60 flushing  nmethod 0x0000020bd3a91e10
Event: 22.957 Thread 0x0000020bcdd4ed60 flushing osr nmethod 0x0000020bd3a9b510
Event: 22.957 Thread 0x0000020bcdd4ed60 flushing osr nmethod 0x0000020bd3a9e190
Event: 22.957 Thread 0x0000020bcdd4ed60 flushing  nmethod 0x0000020bd3ad0190
Event: 22.957 Thread 0x0000020bcdd4ed60 flushing  nmethod 0x0000020bd3ad5410
Event: 22.957 Thread 0x0000020bcdd4ed60 flushing  nmethod 0x0000020bd3ae1b10
Event: 22.957 Thread 0x0000020bcdd4ed60 flushing osr nmethod 0x0000020bd3ae3210
Event: 22.957 Thread 0x0000020bcdd4ed60 flushing  nmethod 0x0000020bd3ae8e10
Event: 22.957 Thread 0x0000020bcdd4ed60 flushing  nmethod 0x0000020bd3aff910
Event: 22.957 Thread 0x0000020bcdd4ed60 flushing  nmethod 0x0000020bd3b0ab90
Event: 22.957 Thread 0x0000020bcdd4ed60 flushing  nmethod 0x0000020bd3b55a90
Event: 22.957 Thread 0x0000020bcdd4ed60 flushing  nmethod 0x0000020bd3b5b310
Event: 22.957 Thread 0x0000020bcdd4ed60 flushing  nmethod 0x0000020bd3b5b690
Event: 22.957 Thread 0x0000020bcdd4ed60 flushing  nmethod 0x0000020bd3b5bc90
Event: 22.957 Thread 0x0000020bcdd4ed60 flushing  nmethod 0x0000020bd3b60c10
Event: 22.957 Thread 0x0000020bcdd4ed60 flushing  nmethod 0x0000020bd3b62890
Event: 22.957 Thread 0x0000020bcdd4ed60 flushing  nmethod 0x0000020bd3b68890
Event: 22.957 Thread 0x0000020bcdd4ed60 flushing  nmethod 0x0000020bd3b6dc90
Event: 22.957 Thread 0x0000020bcdd4ed60 flushing  nmethod 0x0000020bd3b73510

Events (20 events):
Event: 26.092 Thread 0x0000020beb34a420 Thread added: 0x0000020bf897d6a0
Event: 26.092 Thread 0x0000020beb34a420 Thread added: 0x0000020bf897fe00
Event: 26.092 Thread 0x0000020beb34a420 Thread added: 0x0000020bf89811b0
Event: 26.162 Thread 0x0000020bf897fe00 Thread exited: 0x0000020bf897fe00
Event: 26.162 Thread 0x0000020bf897d6a0 Thread exited: 0x0000020bf897d6a0
Event: 26.162 Thread 0x0000020bf8980b20 Thread exited: 0x0000020bf8980b20
Event: 26.162 Thread 0x0000020bf897f770 Thread exited: 0x0000020bf897f770
Event: 26.162 Thread 0x0000020bf89811b0 Thread exited: 0x0000020bf89811b0
Event: 28.156 Thread 0x0000020bea98c030 Thread exited: 0x0000020bea98c030
Event: 28.190 Thread 0x0000020be43dfc70 Thread added: 0x0000020bee7b1510
Event: 30.005 Thread 0x0000020beb34a420 Thread added: 0x0000020bf897f770
Event: 31.035 Thread 0x0000020bee7b1510 Thread exited: 0x0000020bee7b1510
Event: 46.293 Thread 0x0000020be43dfc70 Thread added: 0x0000020bed133ea0
Event: 46.293 Thread 0x0000020be43dfc70 Thread added: 0x0000020bed133100
Event: 49.932 Thread 0x0000020bed133100 Thread exited: 0x0000020bed133100
Event: 50.746 Thread 0x0000020bed133ea0 Thread exited: 0x0000020bed133ea0
Event: 58.749 Thread 0x0000020be43ce4e0 Thread added: 0x0000020bed133100
Event: 59.014 Thread 0x0000020bed133100 Thread exited: 0x0000020bed133100
Event: 67.086 Thread 0x0000020be43dfc70 Thread added: 0x0000020bed133ea0
Event: 67.089 Thread 0x0000020be43dfc70 Thread added: 0x0000020bed134570


Dynamic libraries:
0x00007ff7039b0000 - 0x00007ff7039be000 	c:\Users\eduardo.rivera\.vscode\extensions\redhat.java-1.42.0-win32-x64\jre\21.0.7-win32-x86_64\bin\java.exe
0x00007fff431c0000 - 0x00007fff43425000 	C:\WINDOWS\SYSTEM32\ntdll.dll
0x00007fff41470000 - 0x00007fff41539000 	C:\WINDOWS\System32\KERNEL32.DLL
0x00007fff40970000 - 0x00007fff40d58000 	C:\WINDOWS\System32\KERNELBASE.dll
0x00007fff3cd50000 - 0x00007fff3cdee000 	C:\WINDOWS\SYSTEM32\apphelp.dll
0x00007fff405d0000 - 0x00007fff4071b000 	C:\WINDOWS\System32\ucrtbase.dll
0x00007fff37870000 - 0x00007fff37888000 	c:\Users\eduardo.rivera\.vscode\extensions\redhat.java-1.42.0-win32-x64\jre\21.0.7-win32-x86_64\bin\jli.dll
0x00007fff41df0000 - 0x00007fff41fba000 	C:\WINDOWS\System32\USER32.dll
0x00007fff40720000 - 0x00007fff40747000 	C:\WINDOWS\System32\win32u.dll
0x00007fff42220000 - 0x00007fff4224b000 	C:\WINDOWS\System32\GDI32.dll
0x00007fff40e20000 - 0x00007fff40f57000 	C:\WINDOWS\System32\gdi32full.dll
0x00007fff40310000 - 0x00007fff403b3000 	C:\WINDOWS\System32\msvcp_win.dll
0x00007fff39250000 - 0x00007fff3926e000 	c:\Users\eduardo.rivera\.vscode\extensions\redhat.java-1.42.0-win32-x64\jre\21.0.7-win32-x86_64\bin\VCRUNTIME140.dll
0x00007fff220a0000 - 0x00007fff2233a000 	C:\WINDOWS\WinSxS\amd64_microsoft.windows.common-controls_6595b64144ccf1df_6.0.26100.4202_none_3e0698d4e335f517\COMCTL32.dll
0x00007fff411f0000 - 0x00007fff41299000 	C:\WINDOWS\System32\msvcrt.dll
0x00007fff41540000 - 0x00007fff41570000 	C:\WINDOWS\System32\IMM32.DLL
0x00007fff3cd20000 - 0x00007fff3cd2c000 	c:\Users\eduardo.rivera\.vscode\extensions\redhat.java-1.42.0-win32-x64\jre\21.0.7-win32-x86_64\bin\vcruntime140_1.dll
0x00007fff1b450000 - 0x00007fff1b4dd000 	c:\Users\eduardo.rivera\.vscode\extensions\redhat.java-1.42.0-win32-x64\jre\21.0.7-win32-x86_64\bin\msvcp140.dll
0x00007ffedef10000 - 0x00007ffedfca0000 	c:\Users\eduardo.rivera\.vscode\extensions\redhat.java-1.42.0-win32-x64\jre\21.0.7-win32-x86_64\bin\server\jvm.dll
0x00007fff412a0000 - 0x00007fff41353000 	C:\WINDOWS\System32\ADVAPI32.dll
0x00007fff41580000 - 0x00007fff41626000 	C:\WINDOWS\System32\sechost.dll
0x00007fff41670000 - 0x00007fff41785000 	C:\WINDOWS\System32\RPCRT4.dll
0x00007fff41070000 - 0x00007fff410e4000 	C:\WINDOWS\System32\WS2_32.dll
0x00007fff40180000 - 0x00007fff401de000 	C:\WINDOWS\SYSTEM32\POWRPROF.dll
0x00007fff24980000 - 0x00007fff249b5000 	C:\WINDOWS\SYSTEM32\WINMM.dll
0x00007fff30bf0000 - 0x00007fff30bfb000 	C:\WINDOWS\SYSTEM32\VERSION.dll
0x00007fff40160000 - 0x00007fff40174000 	C:\WINDOWS\SYSTEM32\UMPDC.dll
0x00007fff3f090000 - 0x00007fff3f0ab000 	C:\WINDOWS\SYSTEM32\kernel.appcore.dll
0x00007fff398b0000 - 0x00007fff398ba000 	c:\Users\eduardo.rivera\.vscode\extensions\redhat.java-1.42.0-win32-x64\jre\21.0.7-win32-x86_64\bin\jimage.dll
0x00007fff3b8b0000 - 0x00007fff3baf1000 	C:\WINDOWS\SYSTEM32\DBGHELP.DLL
0x00007fff41840000 - 0x00007fff41bc5000 	C:\WINDOWS\System32\combase.dll
0x00007fff429a0000 - 0x00007fff42a81000 	C:\WINDOWS\System32\OLEAUT32.dll
0x00007fff35020000 - 0x00007fff35059000 	C:\WINDOWS\SYSTEM32\dbgcore.DLL
0x00007fff40750000 - 0x00007fff407e9000 	C:\WINDOWS\System32\bcryptPrimitives.dll
0x00007fff39160000 - 0x00007fff3916f000 	c:\Users\eduardo.rivera\.vscode\extensions\redhat.java-1.42.0-win32-x64\jre\21.0.7-win32-x86_64\bin\instrument.dll
0x00007fff377f0000 - 0x00007fff3780f000 	c:\Users\eduardo.rivera\.vscode\extensions\redhat.java-1.42.0-win32-x64\jre\21.0.7-win32-x86_64\bin\java.dll
0x00007fff42250000 - 0x00007fff42992000 	C:\WINDOWS\System32\SHELL32.dll
0x00007fff403c0000 - 0x00007fff40534000 	C:\WINDOWS\System32\wintypes.dll
0x00007fff3de30000 - 0x00007fff3e688000 	C:\WINDOWS\SYSTEM32\windows.storage.dll
0x00007fff40f70000 - 0x00007fff41061000 	C:\WINDOWS\System32\SHCORE.dll
0x00007fff41fc0000 - 0x00007fff4202a000 	C:\WINDOWS\System32\shlwapi.dll
0x00007fff40220000 - 0x00007fff4024f000 	C:\WINDOWS\SYSTEM32\profapi.dll
0x00007fff36dc0000 - 0x00007fff36dd8000 	c:\Users\eduardo.rivera\.vscode\extensions\redhat.java-1.42.0-win32-x64\jre\21.0.7-win32-x86_64\bin\zip.dll
0x00007fff390b0000 - 0x00007fff390c0000 	C:\Users\eduardo.rivera\.vscode\extensions\redhat.java-1.42.0-win32-x64\jre\21.0.7-win32-x86_64\bin\net.dll
0x00007fff37b90000 - 0x00007fff37cae000 	C:\WINDOWS\SYSTEM32\WINHTTP.dll
0x00007fff3f5e0000 - 0x00007fff3f64a000 	C:\WINDOWS\system32\mswsock.dll
0x00007fff37600000 - 0x00007fff37616000 	C:\Users\eduardo.rivera\.vscode\extensions\redhat.java-1.42.0-win32-x64\jre\21.0.7-win32-x86_64\bin\nio.dll
0x00007fff38f50000 - 0x00007fff38f60000 	c:\Users\eduardo.rivera\.vscode\extensions\redhat.java-1.42.0-win32-x64\jre\21.0.7-win32-x86_64\bin\verify.dll
0x00007fff229d0000 - 0x00007fff22a15000 	C:\Users\eduardo.rivera\AppData\Roaming\Code\User\globalStorage\redhat.java\1.42.0\config_win\org.eclipse.equinox.launcher\org.eclipse.equinox.launcher.win32.win32.x86_64_1.2.1300.v20250331-1702\eclipse_11911.dll
0x00007fff41c40000 - 0x00007fff41dde000 	C:\WINDOWS\System32\ole32.dll
0x00007fff3f9c0000 - 0x00007fff3f9db000 	C:\WINDOWS\SYSTEM32\CRYPTSP.dll
0x00007fff3eff0000 - 0x00007fff3f02a000 	C:\WINDOWS\system32\rsaenh.dll
0x00007fff3f680000 - 0x00007fff3f6ab000 	C:\WINDOWS\SYSTEM32\USERENV.dll
0x00007fff401f0000 - 0x00007fff40216000 	C:\WINDOWS\SYSTEM32\bcrypt.dll
0x00007fff3f820000 - 0x00007fff3f82c000 	C:\WINDOWS\SYSTEM32\CRYPTBASE.dll
0x00007fff3e7e0000 - 0x00007fff3e813000 	C:\WINDOWS\SYSTEM32\IPHLPAPI.DLL
0x00007fff41660000 - 0x00007fff4166a000 	C:\WINDOWS\System32\NSI.dll
0x00007fff30950000 - 0x00007fff30999000 	C:\Users\eduardo.rivera\AppData\Local\Temp\jna-1048544273\jna756985497563301315.dll
0x00007fff40f60000 - 0x00007fff40f68000 	C:\WINDOWS\System32\PSAPI.DLL
0x00007fff39660000 - 0x00007fff3967f000 	C:\WINDOWS\SYSTEM32\dhcpcsvc6.DLL
0x00007fff395d0000 - 0x00007fff395f5000 	C:\WINDOWS\SYSTEM32\dhcpcsvc.DLL

dbghelp: loaded successfully - version: 4.0.5 - missing functions: none
symbol engine: initialized successfully - sym options: 0x614 - pdb path: .;c:\Users\eduardo.rivera\.vscode\extensions\redhat.java-1.42.0-win32-x64\jre\21.0.7-win32-x86_64\bin;C:\WINDOWS\SYSTEM32;C:\WINDOWS\WinSxS\amd64_microsoft.windows.common-controls_6595b64144ccf1df_6.0.26100.4202_none_3e0698d4e335f517;c:\Users\eduardo.rivera\.vscode\extensions\redhat.java-1.42.0-win32-x64\jre\21.0.7-win32-x86_64\bin\server;C:\Users\eduardo.rivera\AppData\Roaming\Code\User\globalStorage\redhat.java\1.42.0\config_win\org.eclipse.equinox.launcher\org.eclipse.equinox.launcher.win32.win32.x86_64_1.2.1300.v20250331-1702;C:\Users\eduardo.rivera\AppData\Local\Temp\jna-1048544273

VM Arguments:
jvm_args: --add-modules=ALL-SYSTEM --add-opens=java.base/java.util=ALL-UNNAMED --add-opens=java.base/java.lang=ALL-UNNAMED --add-opens=java.base/sun.nio.fs=ALL-UNNAMED -Declipse.application=org.eclipse.jdt.ls.core.id1 -Dosgi.bundles.defaultStartLevel=4 -Declipse.product=org.eclipse.jdt.ls.core.product -Djava.import.generatesMetadataFilesAtProjectRoot=false -DDetectVMInstallationsJob.disabled=true -Dfile.encoding=utf8 -XX:+UseParallelGC -XX:GCTimeRatio=4 -XX:AdaptiveSizePolicyWeight=90 -Dsun.zip.disableMemoryMapping=true -Xmx1G -Xms100m -Xlog:disable -javaagent:c:\Users\eduardo.rivera\.vscode\extensions\redhat.java-1.42.0-win32-x64\lombok\lombok-1.18.36.jar -XX:+HeapDumpOnOutOfMemoryError -XX:HeapDumpPath=c:\Users\eduardo.rivera\AppData\Roaming\Code\User\workspaceStorage\8cb6eac761252983b5182ede04741a48\redhat.java -Daether.dependencyCollector.impl=bf 
java_command: c:\Users\eduardo.rivera\.vscode\extensions\redhat.java-1.42.0-win32-x64\server\plugins\org.eclipse.equinox.launcher_1.7.0.v20250424-1814.jar -configuration c:\Users\eduardo.rivera\AppData\Roaming\Code\User\globalStorage\redhat.java\1.42.0\config_win -data c:\Users\eduardo.rivera\AppData\Roaming\Code\User\workspaceStorage\8cb6eac761252983b5182ede04741a48\redhat.java\jdt_ws --pipe=\\.\pipe\lsp-465b89a99dae1fae5989c9ae9b2473a6-sock
java_class_path (initial): c:\Users\eduardo.rivera\.vscode\extensions\redhat.java-1.42.0-win32-x64\server\plugins\org.eclipse.equinox.launcher_1.7.0.v20250424-1814.jar
Launcher Type: SUN_STANDARD

[Global flags]
    uintx AdaptiveSizePolicyWeight                 = 90                                        {product} {command line}
     intx CICompilerCount                          = 4                                         {product} {ergonomic}
    uintx GCTimeRatio                              = 4                                         {product} {command line}
     bool HeapDumpOnOutOfMemoryError               = true                                   {manageable} {command line}
    ccstr HeapDumpPath                             = c:\Users\eduardo.rivera\AppData\Roaming\Code\User\workspaceStorage\8cb6eac761252983b5182ede04741a48\redhat.java         {manageable} {command line}
   size_t InitialHeapSize                          = 104857600                                 {product} {command line}
   size_t MaxHeapSize                              = 1073741824                                {product} {command line}
   size_t MaxNewSize                               = 357564416                                 {product} {ergonomic}
   size_t MinHeapDeltaBytes                        = 524288                                    {product} {ergonomic}
   size_t MinHeapSize                              = 104857600                                 {product} {command line}
   size_t NewSize                                  = 34603008                                  {product} {ergonomic}
    uintx NonNMethodCodeHeapSize                   = 5839372                                {pd product} {ergonomic}
    uintx NonProfiledCodeHeapSize                  = 122909434                              {pd product} {ergonomic}
   size_t OldSize                                  = 70254592                                  {product} {ergonomic}
    uintx ProfiledCodeHeapSize                     = 122909434                              {pd product} {ergonomic}
    uintx ReservedCodeCacheSize                    = 251658240                              {pd product} {ergonomic}
     bool SegmentedCodeCache                       = true                                      {product} {ergonomic}
   size_t SoftMaxHeapSize                          = 1073741824                             {manageable} {ergonomic}
     bool UseCompressedOops                        = true                           {product lp64_product} {ergonomic}
     bool UseLargePagesIndividualAllocation        = false                                  {pd product} {ergonomic}
     bool UseParallelGC                            = true                                      {product} {command line}

Logging:
Log output configuration:
 #0: stdout all=off uptime,level,tags foldmultilines=false
 #1: stderr all=off uptime,level,tags foldmultilines=false

Environment Variables:
PATH=C:\ProgramData\Microsoft\Windows\Start Menu;C:\Program Files\Common Files\Oracle\Java\javapath;C:\Program Files (x86)\Common Files\Oracle\Java\java8path;C:\Program Files (x86)\Common Files\Oracle\Java\javapath;C:\WINDOWS\system32;C:\WINDOWS;C:\WINDOWS\System32\Wbem;C:\WINDOWS\System32\WindowsPowerShell\v1.0\;C:\WINDOWS\System32\OpenSSH\;C:\Program Files\PuTTY\;C:\Program Files\Java\jdk-21\bin;C:\Program Files\nodejs;C:\Program Files\Git\cmd;C:\Users\eduardo.rivera\Downloads\apache-maven-3.9.9-bin\apache-maven-3.9.9\bin;C:\Program Files\MySQL\MySQL Shell 8.0\bin\;C:\Users\eduardo.rivera\AppData\Local\Microsoft\WindowsApps;C:\Users\eduardo.rivera\AppData\Local\Programs\Microsoft VS Code\bin;C:\Program Files\JetBrains\IntelliJ IDEA 2024.3.5\bin;;C:\Program Files\JetBrains\IntelliJ IDEA Community Edition 2024.3.5\bin;;C:\Users\eduardo.rivera\AppData\Roaming\npm
USERNAME=eduardo.rivera
OS=Windows_NT
PROCESSOR_IDENTIFIER=Intel64 Family 6 Model 142 Stepping 12, GenuineIntel
TMP=C:\Users\EDUARD~1.RIV\AppData\Local\Temp
TEMP=C:\Users\EDUARD~1.RIV\AppData\Local\Temp




Periodic native trim disabled

---------------  S Y S T E M  ---------------

OS:
 Windows 11 , 64 bit Build 26100 (10.0.26100.4202)
OS uptime: 3 days 10:04 hours
Hyper-V role detected

CPU: total 8 (initial active 8) (4 cores per cpu, 2 threads per core) family 6 model 142 stepping 12 microcode 0xec, cx8, cmov, fxsr, ht, mmx, 3dnowpref, sse, sse2, sse3, ssse3, sse4.1, sse4.2, popcnt, lzcnt, tsc, tscinvbit, avx, avx2, aes, erms, clmul, bmi1, bmi2, adx, fma, vzeroupper, clflush, clflushopt, hv, rdtscp, f16c
Processor Information for the first 8 processors :
  Max Mhz: 1800, Current Mhz: 1600, Mhz Limit: 1584

Memory: 4k page, system-wide physical 12167M (824M free)
TotalPageFile size 40557M (AvailPageFile size 3M)
current process WorkingSet (physical memory assigned to process): 852M, peak: 853M
current process commit charge ("private bytes"): 764M, peak: 766M

vm_info: OpenJDK 64-Bit Server VM (21.0.7+6-LTS) for windows-amd64 JRE (21.0.7+6-LTS), built on 2025-04-15T00:00:00Z by "admin" with MS VC++ 17.7 (VS2022)

END.
